{"/home/sahal/my/ijaa-frontend/src/App.jsx": {"path":"/home/sahal/my/ijaa-frontend/src/App.jsx","statementMap":{"0":{"start":{"line":39,"column":28},"end":{"line":39,"column":37}},"1":{"start":{"line":40,"column":43},"end":{"line":40,"column":57}},"2":{"start":{"line":41,"column":19},"end":{"line":41,"column":32}},"3":{"start":{"line":43,"column":2},"end":{"line":49,"column":3}},"4":{"start":{"line":44,"column":4},"end":{"line":48,"column":6}},"5":{"start":{"line":51,"column":2},"end":{"line":207,"column":4}},"6":{"start":{"line":211,"column":2},"end":{"line":231,"column":4}}},"fnMap":{"0":{"name":"AppRoutes","decl":{"start":{"line":38,"column":9},"end":{"line":38,"column":18}},"loc":{"start":{"line":38,"column":21},"end":{"line":208,"column":1}},"line":38},"1":{"name":"App","decl":{"start":{"line":210,"column":9},"end":{"line":210,"column":12}},"loc":{"start":{"line":210,"column":15},"end":{"line":232,"column":1}},"line":210}},"branchMap":{"0":{"loc":{"start":{"line":43,"column":2},"end":{"line":49,"column":3}},"type":"if","locations":[{"start":{"line":43,"column":2},"end":{"line":49,"column":3}},{"start":{},"end":{}}],"line":43},"1":{"loc":{"start":{"line":43,"column":6},"end":{"line":43,"column":29}},"type":"binary-expr","locations":[{"start":{"line":43,"column":6},"end":{"line":43,"column":13}},{"start":{"line":43,"column":17},"end":{"line":43,"column":29}}],"line":43},"2":{"loc":{"start":{"line":54,"column":7},"end":{"line":54,"column":78}},"type":"binary-expr","locations":[{"start":{"line":54,"column":7},"end":{"line":54,"column":11}},{"start":{"line":54,"column":15},"end":{"line":54,"column":21}},{"start":{"line":54,"column":25},"end":{"line":54,"column":64}},{"start":{"line":54,"column":68},"end":{"line":54,"column":78}}],"line":54},"3":{"loc":{"start":{"line":60,"column":19},"end":{"line":60,"column":78}},"type":"cond-expr","locations":[{"start":{"line":60,"column":27},"end":{"line":60,"column":61}},{"start":{"line":60,"column":64},"end":{"line":60,"column":78}}],"line":60},"4":{"loc":{"start":{"line":106,"column":19},"end":{"line":106,"column":72}},"type":"cond-expr","locations":[{"start":{"line":106,"column":26},"end":{"line":106,"column":54}},{"start":{"line":106,"column":57},"end":{"line":106,"column":72}}],"line":106},"5":{"loc":{"start":{"line":110,"column":19},"end":{"line":110,"column":67}},"type":"cond-expr","locations":[{"start":{"line":110,"column":26},"end":{"line":110,"column":54}},{"start":{"line":110,"column":57},"end":{"line":110,"column":67}}],"line":110},"6":{"loc":{"start":{"line":114,"column":19},"end":{"line":114,"column":67}},"type":"cond-expr","locations":[{"start":{"line":114,"column":26},"end":{"line":114,"column":54}},{"start":{"line":114,"column":57},"end":{"line":114,"column":67}}],"line":114},"7":{"loc":{"start":{"line":118,"column":19},"end":{"line":118,"column":75}},"type":"cond-expr","locations":[{"start":{"line":118,"column":26},"end":{"line":118,"column":54}},{"start":{"line":118,"column":57},"end":{"line":118,"column":75}}],"line":118},"8":{"loc":{"start":{"line":122,"column":19},"end":{"line":122,"column":74}},"type":"cond-expr","locations":[{"start":{"line":122,"column":26},"end":{"line":122,"column":54}},{"start":{"line":122,"column":57},"end":{"line":122,"column":74}}],"line":122}},"s":{"0":0,"1":0,"2":0,"3":0,"4":0,"5":0,"6":0},"f":{"0":0,"1":0},"b":{"0":[0,0],"1":[0,0],"2":[0,0,0,0],"3":[0,0],"4":[0,0],"5":[0,0],"6":[0,0],"7":[0,0],"8":[0,0]}}
,"/home/sahal/my/ijaa-frontend/src/index.jsx": {"path":"/home/sahal/my/ijaa-frontend/src/index.jsx","statementMap":{"0":{"start":{"line":7,"column":0},"end":{"line":13,"column":2}}},"fnMap":{},"branchMap":{},"s":{"0":0},"f":{},"b":{}}
,"/home/sahal/my/ijaa-frontend/src/components/AdminLayout.jsx": {"path":"/home/sahal/my/ijaa-frontend/src/components/AdminLayout.jsx","statementMap":{"0":{"start":{"line":4,"column":20},"end":{"line":34,"column":1}},"1":{"start":{"line":5,"column":2},"end":{"line":33,"column":4}}},"fnMap":{"0":{"name":"(anonymous_0)","decl":{"start":{"line":4,"column":20},"end":{"line":4,"column":21}},"loc":{"start":{"line":4,"column":38},"end":{"line":34,"column":1}},"line":4}},"branchMap":{},"s":{"0":0,"1":0},"f":{"0":0},"b":{}}
,"/home/sahal/my/ijaa-frontend/src/components/AdminRoute.jsx": {"path":"/home/sahal/my/ijaa-frontend/src/components/AdminRoute.jsx","statementMap":{"0":{"start":{"line":7,"column":19},"end":{"line":39,"column":1}},"1":{"start":{"line":8,"column":29},"end":{"line":8,"column":43}},"2":{"start":{"line":9,"column":19},"end":{"line":9,"column":32}},"3":{"start":{"line":12,"column":2},"end":{"line":18,"column":3}},"4":{"start":{"line":13,"column":4},"end":{"line":17,"column":6}},"5":{"start":{"line":21,"column":2},"end":{"line":23,"column":3}},"6":{"start":{"line":22,"column":4},"end":{"line":22,"column":77}},"7":{"start":{"line":26,"column":2},"end":{"line":29,"column":3}},"8":{"start":{"line":27,"column":4},"end":{"line":27,"column":60}},"9":{"start":{"line":28,"column":4},"end":{"line":28,"column":50}},"10":{"start":{"line":32,"column":2},"end":{"line":35,"column":3}},"11":{"start":{"line":33,"column":4},"end":{"line":33,"column":58}},"12":{"start":{"line":34,"column":4},"end":{"line":34,"column":54}},"13":{"start":{"line":38,"column":2},"end":{"line":38,"column":18}}},"fnMap":{"0":{"name":"(anonymous_0)","decl":{"start":{"line":7,"column":19},"end":{"line":7,"column":20}},"loc":{"start":{"line":7,"column":64},"end":{"line":39,"column":1}},"line":7}},"branchMap":{"0":{"loc":{"start":{"line":7,"column":32},"end":{"line":7,"column":57}},"type":"default-arg","locations":[{"start":{"line":7,"column":53},"end":{"line":7,"column":57}}],"line":7},"1":{"loc":{"start":{"line":12,"column":2},"end":{"line":18,"column":3}},"type":"if","locations":[{"start":{"line":12,"column":2},"end":{"line":18,"column":3}},{"start":{},"end":{}}],"line":12},"2":{"loc":{"start":{"line":21,"column":2},"end":{"line":23,"column":3}},"type":"if","locations":[{"start":{"line":21,"column":2},"end":{"line":23,"column":3}},{"start":{},"end":{}}],"line":21},"3":{"loc":{"start":{"line":26,"column":2},"end":{"line":29,"column":3}},"type":"if","locations":[{"start":{"line":26,"column":2},"end":{"line":29,"column":3}},{"start":{},"end":{}}],"line":26},"4":{"loc":{"start":{"line":32,"column":2},"end":{"line":35,"column":3}},"type":"if","locations":[{"start":{"line":32,"column":2},"end":{"line":35,"column":3}},{"start":{},"end":{}}],"line":32},"5":{"loc":{"start":{"line":32,"column":6},"end":{"line":32,"column":67}},"type":"binary-expr","locations":[{"start":{"line":32,"column":6},"end":{"line":32,"column":24}},{"start":{"line":32,"column":28},"end":{"line":32,"column":67}}],"line":32}},"s":{"0":1,"1":0,"2":0,"3":0,"4":0,"5":0,"6":0,"7":0,"8":0,"9":0,"10":0,"11":0,"12":0,"13":0},"f":{"0":0},"b":{"0":[0],"1":[0,0],"2":[0,0],"3":[0,0],"4":[0,0],"5":[0,0]},"_coverageSchema":"1a1c01bbd47fc00a2c39e90264f33305004495a9","hash":"69474a6bba17a7b6bf6f22f9fd91461489abfb82"}
,"/home/sahal/my/ijaa-frontend/src/components/AdminSidebar.jsx": {"path":"/home/sahal/my/ijaa-frontend/src/components/AdminSidebar.jsx","statementMap":{"0":{"start":{"line":18,"column":21},"end":{"line":135,"column":1}},"1":{"start":{"line":19,"column":30},"end":{"line":19,"column":45}},"2":{"start":{"line":20,"column":19},"end":{"line":20,"column":32}},"3":{"start":{"line":21,"column":19},"end":{"line":21,"column":32}},"4":{"start":{"line":22,"column":34},"end":{"line":22,"column":48}},"5":{"start":{"line":25,"column":18},"end":{"line":31,"column":3}},"6":{"start":{"line":34,"column":21},"end":{"line":40,"column":7}},"7":{"start":{"line":35,"column":20},"end":{"line":35,"column":39}},"8":{"start":{"line":36,"column":18},"end":{"line":40,"column":5}},"9":{"start":{"line":42,"column":23},"end":{"line":45,"column":3}},"10":{"start":{"line":43,"column":4},"end":{"line":43,"column":19}},"11":{"start":{"line":44,"column":4},"end":{"line":44,"column":29}},"12":{"start":{"line":47,"column":19},"end":{"line":47,"column":55}},"13":{"start":{"line":47,"column":29},"end":{"line":47,"column":55}},"14":{"start":{"line":49,"column":2},"end":{"line":134,"column":4}},"15":{"start":{"line":54,"column":25},"end":{"line":54,"column":43}},"16":{"start":{"line":78,"column":27},"end":{"line":78,"column":43}},"17":{"start":{"line":88,"column":27},"end":{"line":88,"column":36}},"18":{"start":{"line":89,"column":14},"end":{"line":109,"column":16}},"19":{"start":{"line":93,"column":33},"end":{"line":93,"column":49}},"20":{"start":{"line":130,"column":25},"end":{"line":130,"column":41}}},"fnMap":{"0":{"name":"(anonymous_0)","decl":{"start":{"line":18,"column":21},"end":{"line":18,"column":22}},"loc":{"start":{"line":18,"column":27},"end":{"line":135,"column":1}},"line":18},"1":{"name":"(anonymous_1)","decl":{"start":{"line":35,"column":12},"end":{"line":35,"column":13}},"loc":{"start":{"line":35,"column":20},"end":{"line":35,"column":39}},"line":35},"2":{"name":"(anonymous_2)","decl":{"start":{"line":36,"column":9},"end":{"line":36,"column":10}},"loc":{"start":{"line":36,"column":18},"end":{"line":40,"column":5}},"line":36},"3":{"name":"(anonymous_3)","decl":{"start":{"line":42,"column":23},"end":{"line":42,"column":24}},"loc":{"start":{"line":42,"column":29},"end":{"line":45,"column":3}},"line":42},"4":{"name":"(anonymous_4)","decl":{"start":{"line":47,"column":19},"end":{"line":47,"column":20}},"loc":{"start":{"line":47,"column":29},"end":{"line":47,"column":55}},"line":47},"5":{"name":"(anonymous_5)","decl":{"start":{"line":54,"column":19},"end":{"line":54,"column":20}},"loc":{"start":{"line":54,"column":25},"end":{"line":54,"column":43}},"line":54},"6":{"name":"(anonymous_6)","decl":{"start":{"line":78,"column":21},"end":{"line":78,"column":22}},"loc":{"start":{"line":78,"column":27},"end":{"line":78,"column":43}},"line":78},"7":{"name":"(anonymous_7)","decl":{"start":{"line":87,"column":28},"end":{"line":87,"column":29}},"loc":{"start":{"line":87,"column":38},"end":{"line":110,"column":13}},"line":87},"8":{"name":"(anonymous_8)","decl":{"start":{"line":93,"column":27},"end":{"line":93,"column":28}},"loc":{"start":{"line":93,"column":33},"end":{"line":93,"column":49}},"line":93},"9":{"name":"(anonymous_9)","decl":{"start":{"line":130,"column":19},"end":{"line":130,"column":20}},"loc":{"start":{"line":130,"column":25},"end":{"line":130,"column":41}},"line":130}},"branchMap":{"0":{"loc":{"start":{"line":39,"column":12},"end":{"line":39,"column":49}},"type":"binary-expr","locations":[{"start":{"line":39,"column":12},"end":{"line":39,"column":30}},{"start":{"line":39,"column":34},"end":{"line":39,"column":49}}],"line":39},"1":{"loc":{"start":{"line":57,"column":11},"end":{"line":61,"column":11}},"type":"cond-expr","locations":[{"start":{"line":58,"column":12},"end":{"line":58,"column":37}},{"start":{"line":60,"column":12},"end":{"line":60,"column":40}}],"line":57},"2":{"loc":{"start":{"line":68,"column":10},"end":{"line":68,"column":56}},"type":"cond-expr","locations":[{"start":{"line":68,"column":19},"end":{"line":68,"column":34}},{"start":{"line":68,"column":37},"end":{"line":68,"column":56}}],"line":68},"3":{"loc":{"start":{"line":95,"column":20},"end":{"line":97,"column":74}},"type":"cond-expr","locations":[{"start":{"line":96,"column":24},"end":{"line":96,"column":48}},{"start":{"line":97,"column":24},"end":{"line":97,"column":74}}],"line":95},"4":{"loc":{"start":{"line":102,"column":22},"end":{"line":104,"column":64}},"type":"cond-expr","locations":[{"start":{"line":103,"column":26},"end":{"line":103,"column":38}},{"start":{"line":104,"column":26},"end":{"line":104,"column":64}}],"line":102},"5":{"loc":{"start":{"line":127,"column":7},"end":{"line":132,"column":7}},"type":"binary-expr","locations":[{"start":{"line":127,"column":7},"end":{"line":127,"column":13}},{"start":{"line":128,"column":8},"end":{"line":131,"column":10}}],"line":127}},"s":{"0":0,"1":0,"2":0,"3":0,"4":0,"5":0,"6":0,"7":0,"8":0,"9":0,"10":0,"11":0,"12":0,"13":0,"14":0,"15":0,"16":0,"17":0,"18":0,"19":0,"20":0},"f":{"0":0,"1":0,"2":0,"3":0,"4":0,"5":0,"6":0,"7":0,"8":0,"9":0},"b":{"0":[0,0],"1":[0,0],"2":[0,0],"3":[0,0],"4":[0,0],"5":[0,0]}}
,"/home/sahal/my/ijaa-frontend/src/components/Navbar.jsx": {"path":"/home/sahal/my/ijaa-frontend/src/components/Navbar.jsx","statementMap":{"0":{"start":{"line":19,"column":15},"end":{"line":209,"column":1}},"1":{"start":{"line":20,"column":30},"end":{"line":20,"column":45}},"2":{"start":{"line":21,"column":48},"end":{"line":21,"column":63}},"3":{"start":{"line":22,"column":19},"end":{"line":22,"column":32}},"4":{"start":{"line":23,"column":19},"end":{"line":23,"column":32}},"5":{"start":{"line":24,"column":28},"end":{"line":24,"column":37}},"6":{"start":{"line":25,"column":34},"end":{"line":25,"column":44}},"7":{"start":{"line":27,"column":24},"end":{"line":30,"column":3}},"8":{"start":{"line":28,"column":4},"end":{"line":28,"column":14}},"9":{"start":{"line":29,"column":4},"end":{"line":29,"column":18}},"10":{"start":{"line":32,"column":19},"end":{"line":36,"column":3}},"11":{"start":{"line":38,"column":2},"end":{"line":208,"column":4}},"12":{"start":{"line":62,"column":31},"end":{"line":62,"column":62}},"13":{"start":{"line":63,"column":14},"end":{"line":76,"column":16}},"14":{"start":{"line":108,"column":31},"end":{"line":108,"column":67}},"15":{"start":{"line":126,"column":35},"end":{"line":126,"column":60}},"16":{"start":{"line":134,"column":35},"end":{"line":134,"column":60}},"17":{"start":{"line":142,"column":35},"end":{"line":142,"column":60}},"18":{"start":{"line":150,"column":35},"end":{"line":150,"column":60}},"19":{"start":{"line":169,"column":29},"end":{"line":169,"column":47}},"20":{"start":{"line":187,"column":31},"end":{"line":187,"column":62}},"21":{"start":{"line":188,"column":14},"end":{"line":202,"column":16}},"22":{"start":{"line":192,"column":33},"end":{"line":192,"column":49}}},"fnMap":{"0":{"name":"(anonymous_0)","decl":{"start":{"line":19,"column":15},"end":{"line":19,"column":16}},"loc":{"start":{"line":19,"column":21},"end":{"line":209,"column":1}},"line":19},"1":{"name":"(anonymous_1)","decl":{"start":{"line":27,"column":24},"end":{"line":27,"column":25}},"loc":{"start":{"line":27,"column":30},"end":{"line":30,"column":3}},"line":27},"2":{"name":"(anonymous_2)","decl":{"start":{"line":61,"column":26},"end":{"line":61,"column":27}},"loc":{"start":{"line":61,"column":36},"end":{"line":77,"column":13}},"line":61},"3":{"name":"(anonymous_3)","decl":{"start":{"line":108,"column":25},"end":{"line":108,"column":26}},"loc":{"start":{"line":108,"column":31},"end":{"line":108,"column":67}},"line":108},"4":{"name":"(anonymous_4)","decl":{"start":{"line":126,"column":29},"end":{"line":126,"column":30}},"loc":{"start":{"line":126,"column":35},"end":{"line":126,"column":60}},"line":126},"5":{"name":"(anonymous_5)","decl":{"start":{"line":134,"column":29},"end":{"line":134,"column":30}},"loc":{"start":{"line":134,"column":35},"end":{"line":134,"column":60}},"line":134},"6":{"name":"(anonymous_6)","decl":{"start":{"line":142,"column":29},"end":{"line":142,"column":30}},"loc":{"start":{"line":142,"column":35},"end":{"line":142,"column":60}},"line":142},"7":{"name":"(anonymous_7)","decl":{"start":{"line":150,"column":29},"end":{"line":150,"column":30}},"loc":{"start":{"line":150,"column":35},"end":{"line":150,"column":60}},"line":150},"8":{"name":"(anonymous_8)","decl":{"start":{"line":169,"column":23},"end":{"line":169,"column":24}},"loc":{"start":{"line":169,"column":29},"end":{"line":169,"column":47}},"line":169},"9":{"name":"(anonymous_9)","decl":{"start":{"line":186,"column":26},"end":{"line":186,"column":27}},"loc":{"start":{"line":186,"column":36},"end":{"line":203,"column":13}},"line":186},"10":{"name":"(anonymous_10)","decl":{"start":{"line":192,"column":27},"end":{"line":192,"column":28}},"loc":{"start":{"line":192,"column":33},"end":{"line":192,"column":49}},"line":192}},"branchMap":{"0":{"loc":{"start":{"line":68,"column":20},"end":{"line":70,"column":140}},"type":"cond-expr","locations":[{"start":{"line":69,"column":24},"end":{"line":69,"column":89}},{"start":{"line":70,"column":24},"end":{"line":70,"column":140}}],"line":68},"1":{"loc":{"start":{"line":87,"column":15},"end":{"line":91,"column":15}},"type":"cond-expr","locations":[{"start":{"line":88,"column":16},"end":{"line":88,"column":43}},{"start":{"line":90,"column":16},"end":{"line":90,"column":44}}],"line":87},"2":{"loc":{"start":{"line":112,"column":23},"end":{"line":112,"column":48}},"type":"binary-expr","locations":[{"start":{"line":112,"column":23},"end":{"line":112,"column":35}},{"start":{"line":112,"column":39},"end":{"line":112,"column":48}}],"line":112},"3":{"loc":{"start":{"line":121,"column":15},"end":{"line":164,"column":15}},"type":"binary-expr","locations":[{"start":{"line":121,"column":15},"end":{"line":121,"column":30}},{"start":{"line":122,"column":16},"end":{"line":163,"column":22}}],"line":121},"4":{"loc":{"start":{"line":172,"column":15},"end":{"line":176,"column":15}},"type":"cond-expr","locations":[{"start":{"line":173,"column":16},"end":{"line":173,"column":41}},{"start":{"line":175,"column":16},"end":{"line":175,"column":44}}],"line":172},"5":{"loc":{"start":{"line":183,"column":7},"end":{"line":206,"column":7}},"type":"binary-expr","locations":[{"start":{"line":183,"column":7},"end":{"line":183,"column":13}},{"start":{"line":184,"column":8},"end":{"line":205,"column":14}}],"line":183},"6":{"loc":{"start":{"line":194,"column":20},"end":{"line":196,"column":140}},"type":"cond-expr","locations":[{"start":{"line":195,"column":24},"end":{"line":195,"column":89}},{"start":{"line":196,"column":24},"end":{"line":196,"column":140}}],"line":194}},"s":{"0":0,"1":0,"2":0,"3":0,"4":0,"5":0,"6":0,"7":0,"8":0,"9":0,"10":0,"11":0,"12":0,"13":0,"14":0,"15":0,"16":0,"17":0,"18":0,"19":0,"20":0,"21":0,"22":0},"f":{"0":0,"1":0,"2":0,"3":0,"4":0,"5":0,"6":0,"7":0,"8":0,"9":0,"10":0},"b":{"0":[0,0],"1":[0,0],"2":[0,0],"3":[0,0],"4":[0,0],"5":[0,0],"6":[0,0]}}
,"/home/sahal/my/ijaa-frontend/src/components/ProtectedRoute.jsx": {"path":"/home/sahal/my/ijaa-frontend/src/components/ProtectedRoute.jsx","statementMap":{"0":{"start":{"line":5,"column":23},"end":{"line":25,"column":1}},"1":{"start":{"line":6,"column":28},"end":{"line":6,"column":37}},"2":{"start":{"line":7,"column":19},"end":{"line":7,"column":32}},"3":{"start":{"line":10,"column":2},"end":{"line":16,"column":3}},"4":{"start":{"line":11,"column":4},"end":{"line":15,"column":6}},"5":{"start":{"line":19,"column":2},"end":{"line":21,"column":3}},"6":{"start":{"line":20,"column":4},"end":{"line":20,"column":72}},"7":{"start":{"line":24,"column":2},"end":{"line":24,"column":18}}},"fnMap":{"0":{"name":"(anonymous_0)","decl":{"start":{"line":5,"column":23},"end":{"line":5,"column":24}},"loc":{"start":{"line":5,"column":41},"end":{"line":25,"column":1}},"line":5}},"branchMap":{"0":{"loc":{"start":{"line":10,"column":2},"end":{"line":16,"column":3}},"type":"if","locations":[{"start":{"line":10,"column":2},"end":{"line":16,"column":3}},{"start":{},"end":{}}],"line":10},"1":{"loc":{"start":{"line":19,"column":2},"end":{"line":21,"column":3}},"type":"if","locations":[{"start":{"line":19,"column":2},"end":{"line":21,"column":3}},{"start":{},"end":{}}],"line":19}},"s":{"0":1,"1":0,"2":0,"3":0,"4":0,"5":0,"6":0,"7":0},"f":{"0":0},"b":{"0":[0,0],"1":[0,0]},"_coverageSchema":"1a1c01bbd47fc00a2c39e90264f33305004495a9","hash":"6da3e59fc5b47b48ce65b549e6d0f3aa4e2876b1"}
,"/home/sahal/my/ijaa-frontend/src/components/RoleBadge.jsx": {"path":"/home/sahal/my/ijaa-frontend/src/components/RoleBadge.jsx","statementMap":{"0":{"start":{"line":4,"column":18},"end":{"line":23,"column":1}},"1":{"start":{"line":5,"column":24},"end":{"line":14,"column":3}},"2":{"start":{"line":6,"column":4},"end":{"line":13,"column":5}},"3":{"start":{"line":8,"column":8},"end":{"line":8,"column":65}},"4":{"start":{"line":10,"column":8},"end":{"line":10,"column":59}},"5":{"start":{"line":12,"column":8},"end":{"line":12,"column":59}},"6":{"start":{"line":16,"column":2},"end":{"line":22,"column":4}}},"fnMap":{"0":{"name":"(anonymous_0)","decl":{"start":{"line":4,"column":18},"end":{"line":4,"column":19}},"loc":{"start":{"line":4,"column":48},"end":{"line":23,"column":1}},"line":4},"1":{"name":"(anonymous_1)","decl":{"start":{"line":5,"column":24},"end":{"line":5,"column":25}},"loc":{"start":{"line":5,"column":34},"end":{"line":14,"column":3}},"line":5}},"branchMap":{"0":{"loc":{"start":{"line":4,"column":27},"end":{"line":4,"column":41}},"type":"default-arg","locations":[{"start":{"line":4,"column":39},"end":{"line":4,"column":41}}],"line":4},"1":{"loc":{"start":{"line":6,"column":4},"end":{"line":13,"column":5}},"type":"switch","locations":[{"start":{"line":7,"column":6},"end":{"line":8,"column":65}},{"start":{"line":9,"column":6},"end":{"line":10,"column":59}},{"start":{"line":11,"column":6},"end":{"line":12,"column":59}}],"line":6}},"s":{"0":1,"1":11,"2":11,"3":4,"4":1,"5":6,"6":11},"f":{"0":11,"1":11},"b":{"0":[10],"1":[4,1,6]},"_coverageSchema":"1a1c01bbd47fc00a2c39e90264f33305004495a9","hash":"960d7aebc7538c230afba28326efc8942543c6dc"}
,"/home/sahal/my/ijaa-frontend/src/context/AdminAuthContext.jsx": {"path":"/home/sahal/my/ijaa-frontend/src/context/AdminAuthContext.jsx","statementMap":{"0":{"start":{"line":5,"column":25},"end":{"line":5,"column":40}},"1":{"start":{"line":7,"column":28},"end":{"line":13,"column":1}},"2":{"start":{"line":8,"column":18},"end":{"line":8,"column":46}},"3":{"start":{"line":9,"column":2},"end":{"line":11,"column":3}},"4":{"start":{"line":10,"column":4},"end":{"line":10,"column":77}},"5":{"start":{"line":12,"column":2},"end":{"line":12,"column":17}},"6":{"start":{"line":15,"column":33},"end":{"line":130,"column":1}},"7":{"start":{"line":16,"column":28},"end":{"line":16,"column":42}},"8":{"start":{"line":17,"column":32},"end":{"line":17,"column":46}},"9":{"start":{"line":21,"column":4},"end":{"line":22,"column":45}},"10":{"start":{"line":24,"column":2},"end":{"line":62,"column":9}},"11":{"start":{"line":26,"column":4},"end":{"line":47,"column":5}},"12":{"start":{"line":28,"column":6},"end":{"line":28,"column":43}},"13":{"start":{"line":30,"column":27},"end":{"line":30,"column":59}},"14":{"start":{"line":31,"column":6},"end":{"line":40,"column":7}},"15":{"start":{"line":32,"column":26},"end":{"line":32,"column":43}},"16":{"start":{"line":34,"column":8},"end":{"line":39,"column":9}},"17":{"start":{"line":35,"column":10},"end":{"line":35,"column":30}},"18":{"start":{"line":38,"column":10},"end":{"line":38,"column":38}},"19":{"start":{"line":42,"column":6},"end":{"line":42,"column":59}},"20":{"start":{"line":44,"column":6},"end":{"line":44,"column":34}},"21":{"start":{"line":46,"column":6},"end":{"line":46,"column":24}},"22":{"start":{"line":50,"column":24},"end":{"line":56,"column":6}},"23":{"start":{"line":51,"column":6},"end":{"line":55,"column":7}},"24":{"start":{"line":52,"column":8},"end":{"line":52,"column":31}},"25":{"start":{"line":54,"column":8},"end":{"line":54,"column":23}},"26":{"start":{"line":59,"column":4},"end":{"line":61,"column":6}},"27":{"start":{"line":60,"column":6},"end":{"line":60,"column":20}},"28":{"start":{"line":64,"column":22},"end":{"line":111,"column":3}},"29":{"start":{"line":65,"column":4},"end":{"line":110,"column":5}},"30":{"start":{"line":66,"column":23},"end":{"line":75,"column":8}},"31":{"start":{"line":77,"column":19},"end":{"line":77,"column":40}},"32":{"start":{"line":79,"column":6},"end":{"line":81,"column":7}},"33":{"start":{"line":80,"column":8},"end":{"line":80,"column":62}},"34":{"start":{"line":84,"column":24},"end":{"line":91,"column":7}},"35":{"start":{"line":94,"column":6},"end":{"line":96,"column":7}},"36":{"start":{"line":95,"column":8},"end":{"line":95,"column":67}},"37":{"start":{"line":99,"column":6},"end":{"line":101,"column":7}},"38":{"start":{"line":100,"column":8},"end":{"line":100,"column":77}},"39":{"start":{"line":104,"column":6},"end":{"line":104,"column":52}},"40":{"start":{"line":105,"column":6},"end":{"line":105,"column":41}},"41":{"start":{"line":106,"column":6},"end":{"line":106,"column":26}},"42":{"start":{"line":107,"column":6},"end":{"line":107,"column":23}},"43":{"start":{"line":109,"column":6},"end":{"line":109,"column":59}},"44":{"start":{"line":113,"column":23},"end":{"line":116,"column":3}},"45":{"start":{"line":114,"column":4},"end":{"line":114,"column":19}},"46":{"start":{"line":115,"column":4},"end":{"line":115,"column":32}},"47":{"start":{"line":118,"column":16},"end":{"line":123,"column":3}},"48":{"start":{"line":125,"column":2},"end":{"line":129,"column":4}}},"fnMap":{"0":{"name":"(anonymous_0)","decl":{"start":{"line":7,"column":28},"end":{"line":7,"column":29}},"loc":{"start":{"line":7,"column":34},"end":{"line":13,"column":1}},"line":7},"1":{"name":"(anonymous_1)","decl":{"start":{"line":15,"column":33},"end":{"line":15,"column":34}},"loc":{"start":{"line":15,"column":51},"end":{"line":130,"column":1}},"line":15},"2":{"name":"(anonymous_2)","decl":{"start":{"line":24,"column":12},"end":{"line":24,"column":13}},"loc":{"start":{"line":24,"column":18},"end":{"line":62,"column":3}},"line":24},"3":{"name":"(anonymous_3)","decl":{"start":{"line":50,"column":55},"end":{"line":50,"column":56}},"loc":{"start":{"line":50,"column":68},"end":{"line":56,"column":5}},"line":50},"4":{"name":"(anonymous_4)","decl":{"start":{"line":59,"column":11},"end":{"line":59,"column":12}},"loc":{"start":{"line":59,"column":17},"end":{"line":61,"column":5}},"line":59},"5":{"name":"(anonymous_5)","decl":{"start":{"line":64,"column":22},"end":{"line":64,"column":23}},"loc":{"start":{"line":64,"column":49},"end":{"line":111,"column":3}},"line":64},"6":{"name":"(anonymous_6)","decl":{"start":{"line":113,"column":23},"end":{"line":113,"column":24}},"loc":{"start":{"line":113,"column":29},"end":{"line":116,"column":3}},"line":113}},"branchMap":{"0":{"loc":{"start":{"line":9,"column":2},"end":{"line":11,"column":3}},"type":"if","locations":[{"start":{"line":9,"column":2},"end":{"line":11,"column":3}},{"start":{},"end":{}}],"line":9},"1":{"loc":{"start":{"line":21,"column":4},"end":{"line":22,"column":45}},"type":"binary-expr","locations":[{"start":{"line":21,"column":4},"end":{"line":21,"column":39}},{"start":{"line":22,"column":4},"end":{"line":22,"column":45}}],"line":21},"2":{"loc":{"start":{"line":31,"column":6},"end":{"line":40,"column":7}},"type":"if","locations":[{"start":{"line":31,"column":6},"end":{"line":40,"column":7}},{"start":{},"end":{}}],"line":31},"3":{"loc":{"start":{"line":34,"column":8},"end":{"line":39,"column":9}},"type":"if","locations":[{"start":{"line":34,"column":8},"end":{"line":39,"column":9}},{"start":{"line":36,"column":15},"end":{"line":39,"column":9}}],"line":34},"4":{"loc":{"start":{"line":34,"column":12},"end":{"line":34,"column":59}},"type":"binary-expr","locations":[{"start":{"line":34,"column":12},"end":{"line":34,"column":21}},{"start":{"line":34,"column":25},"end":{"line":34,"column":40}},{"start":{"line":34,"column":44},"end":{"line":34,"column":59}}],"line":34},"5":{"loc":{"start":{"line":51,"column":6},"end":{"line":55,"column":7}},"type":"if","locations":[{"start":{"line":51,"column":6},"end":{"line":55,"column":7}},{"start":{"line":53,"column":13},"end":{"line":55,"column":7}}],"line":51},"6":{"loc":{"start":{"line":79,"column":6},"end":{"line":81,"column":7}},"type":"if","locations":[{"start":{"line":79,"column":6},"end":{"line":81,"column":7}},{"start":{},"end":{}}],"line":79},"7":{"loc":{"start":{"line":80,"column":24},"end":{"line":80,"column":60}},"type":"binary-expr","locations":[{"start":{"line":80,"column":24},"end":{"line":80,"column":36}},{"start":{"line":80,"column":40},"end":{"line":80,"column":60}}],"line":80},"8":{"loc":{"start":{"line":89,"column":14},"end":{"line":89,"column":42}},"type":"binary-expr","locations":[{"start":{"line":89,"column":14},"end":{"line":89,"column":28}},{"start":{"line":89,"column":32},"end":{"line":89,"column":42}}],"line":89},"9":{"loc":{"start":{"line":94,"column":6},"end":{"line":96,"column":7}},"type":"if","locations":[{"start":{"line":94,"column":6},"end":{"line":96,"column":7}},{"start":{},"end":{}}],"line":94},"10":{"loc":{"start":{"line":94,"column":10},"end":{"line":94,"column":46}},"type":"binary-expr","locations":[{"start":{"line":94,"column":10},"end":{"line":94,"column":26}},{"start":{"line":94,"column":30},"end":{"line":94,"column":46}}],"line":94},"11":{"loc":{"start":{"line":99,"column":6},"end":{"line":101,"column":7}},"type":"if","locations":[{"start":{"line":99,"column":6},"end":{"line":101,"column":7}},{"start":{},"end":{}}],"line":99},"12":{"loc":{"start":{"line":109,"column":22},"end":{"line":109,"column":57}},"type":"binary-expr","locations":[{"start":{"line":109,"column":22},"end":{"line":109,"column":33}},{"start":{"line":109,"column":37},"end":{"line":109,"column":57}}],"line":109}},"s":{"0":5,"1":5,"2":0,"3":0,"4":0,"5":0,"6":5,"7":36,"8":36,"9":36,"10":36,"11":35,"12":35,"13":35,"14":35,"15":0,"16":0,"17":0,"18":0,"19":0,"20":0,"21":35,"22":35,"23":0,"24":0,"25":0,"26":35,"27":35,"28":36,"29":0,"30":0,"31":0,"32":0,"33":0,"34":0,"35":0,"36":0,"37":0,"38":0,"39":0,"40":0,"41":0,"42":0,"43":0,"44":36,"45":0,"46":0,"47":36,"48":36},"f":{"0":0,"1":36,"2":35,"3":0,"4":35,"5":0,"6":0},"b":{"0":[0,0],"1":[36,0],"2":[0,35],"3":[0,0],"4":[0,0,0],"5":[0,0],"6":[0,0],"7":[0,0],"8":[0,0],"9":[0,0],"10":[0,0],"11":[0,0],"12":[0,0]},"_coverageSchema":"1a1c01bbd47fc00a2c39e90264f33305004495a9","hash":"37833de4f6a511b0ec04f4c43c1979fac6b1d1a8"}
,"/home/sahal/my/ijaa-frontend/src/context/AuthContext.jsx": {"path":"/home/sahal/my/ijaa-frontend/src/context/AuthContext.jsx","statementMap":{"0":{"start":{"line":5,"column":20},"end":{"line":5,"column":35}},"1":{"start":{"line":7,"column":23},"end":{"line":13,"column":1}},"2":{"start":{"line":8,"column":18},"end":{"line":8,"column":41}},"3":{"start":{"line":9,"column":2},"end":{"line":11,"column":3}},"4":{"start":{"line":10,"column":4},"end":{"line":10,"column":67}},"5":{"start":{"line":12,"column":2},"end":{"line":12,"column":17}},"6":{"start":{"line":15,"column":28},"end":{"line":202,"column":1}},"7":{"start":{"line":16,"column":26},"end":{"line":16,"column":40}},"8":{"start":{"line":17,"column":32},"end":{"line":17,"column":46}},"9":{"start":{"line":21,"column":4},"end":{"line":22,"column":44}},"10":{"start":{"line":25,"column":27},"end":{"line":38,"column":3}},"11":{"start":{"line":26,"column":23},"end":{"line":26,"column":35}},"12":{"start":{"line":29,"column":4},"end":{"line":29,"column":18}},"13":{"start":{"line":32,"column":4},"end":{"line":37,"column":5}},"14":{"start":{"line":33,"column":6},"end":{"line":36,"column":9}},"15":{"start":{"line":40,"column":2},"end":{"line":86,"column":9}},"16":{"start":{"line":41,"column":30},"end":{"line":65,"column":5}},"17":{"start":{"line":42,"column":6},"end":{"line":64,"column":7}},"18":{"start":{"line":44,"column":8},"end":{"line":44,"column":45}},"19":{"start":{"line":47,"column":28},"end":{"line":47,"column":59}},"20":{"start":{"line":48,"column":8},"end":{"line":57,"column":9}},"21":{"start":{"line":49,"column":27},"end":{"line":49,"column":43}},"22":{"start":{"line":51,"column":10},"end":{"line":56,"column":11}},"23":{"start":{"line":52,"column":12},"end":{"line":52,"column":30}},"24":{"start":{"line":55,"column":12},"end":{"line":55,"column":39}},"25":{"start":{"line":59,"column":8},"end":{"line":59,"column":60}},"26":{"start":{"line":61,"column":8},"end":{"line":61,"column":35}},"27":{"start":{"line":63,"column":8},"end":{"line":63,"column":26}},"28":{"start":{"line":67,"column":4},"end":{"line":67,"column":24}},"29":{"start":{"line":70,"column":4},"end":{"line":70,"column":61}},"30":{"start":{"line":73,"column":24},"end":{"line":79,"column":6}},"31":{"start":{"line":74,"column":6},"end":{"line":78,"column":7}},"32":{"start":{"line":75,"column":8},"end":{"line":75,"column":30}},"33":{"start":{"line":77,"column":8},"end":{"line":77,"column":22}},"34":{"start":{"line":82,"column":4},"end":{"line":85,"column":6}},"35":{"start":{"line":83,"column":6},"end":{"line":83,"column":66}},"36":{"start":{"line":84,"column":6},"end":{"line":84,"column":20}},"37":{"start":{"line":89,"column":2},"end":{"line":93,"column":22}},"38":{"start":{"line":90,"column":4},"end":{"line":92,"column":5}},"39":{"start":{"line":91,"column":6},"end":{"line":91,"column":24}},"40":{"start":{"line":95,"column":17},"end":{"line":133,"column":3}},"41":{"start":{"line":96,"column":4},"end":{"line":132,"column":5}},"42":{"start":{"line":97,"column":23},"end":{"line":106,"column":8}},"43":{"start":{"line":108,"column":19},"end":{"line":108,"column":40}},"44":{"start":{"line":110,"column":6},"end":{"line":112,"column":7}},"45":{"start":{"line":111,"column":8},"end":{"line":111,"column":58}},"46":{"start":{"line":115,"column":23},"end":{"line":119,"column":7}},"47":{"start":{"line":122,"column":6},"end":{"line":122,"column":51}},"48":{"start":{"line":123,"column":6},"end":{"line":123,"column":39}},"49":{"start":{"line":124,"column":6},"end":{"line":124,"column":24}},"50":{"start":{"line":127,"column":6},"end":{"line":127,"column":24}},"51":{"start":{"line":129,"column":6},"end":{"line":129,"column":22}},"52":{"start":{"line":131,"column":6},"end":{"line":131,"column":55}},"53":{"start":{"line":135,"column":17},"end":{"line":180,"column":3}},"54":{"start":{"line":136,"column":4},"end":{"line":179,"column":5}},"55":{"start":{"line":137,"column":23},"end":{"line":146,"column":8}},"56":{"start":{"line":148,"column":19},"end":{"line":148,"column":40}},"57":{"start":{"line":150,"column":6},"end":{"line":159,"column":7}},"58":{"start":{"line":152,"column":8},"end":{"line":157,"column":9}},"59":{"start":{"line":156,"column":10},"end":{"line":156,"column":49}},"60":{"start":{"line":158,"column":8},"end":{"line":158,"column":63}},"61":{"start":{"line":162,"column":23},"end":{"line":166,"column":7}},"62":{"start":{"line":169,"column":6},"end":{"line":169,"column":51}},"63":{"start":{"line":170,"column":6},"end":{"line":170,"column":39}},"64":{"start":{"line":171,"column":6},"end":{"line":171,"column":24}},"65":{"start":{"line":174,"column":6},"end":{"line":174,"column":24}},"66":{"start":{"line":176,"column":6},"end":{"line":176,"column":22}},"67":{"start":{"line":178,"column":6},"end":{"line":178,"column":60}},"68":{"start":{"line":182,"column":18},"end":{"line":191,"column":3}},"69":{"start":{"line":183,"column":4},"end":{"line":183,"column":18}},"70":{"start":{"line":184,"column":4},"end":{"line":184,"column":31}},"71":{"start":{"line":187,"column":4},"end":{"line":190,"column":7}},"72":{"start":{"line":193,"column":16},"end":{"line":199,"column":3}},"73":{"start":{"line":201,"column":2},"end":{"line":201,"column":79}}},"fnMap":{"0":{"name":"(anonymous_0)","decl":{"start":{"line":7,"column":23},"end":{"line":7,"column":24}},"loc":{"start":{"line":7,"column":29},"end":{"line":13,"column":1}},"line":7},"1":{"name":"(anonymous_1)","decl":{"start":{"line":15,"column":28},"end":{"line":15,"column":29}},"loc":{"start":{"line":15,"column":46},"end":{"line":202,"column":1}},"line":15},"2":{"name":"(anonymous_2)","decl":{"start":{"line":25,"column":27},"end":{"line":25,"column":28}},"loc":{"start":{"line":25,"column":38},"end":{"line":38,"column":3}},"line":25},"3":{"name":"(anonymous_3)","decl":{"start":{"line":40,"column":12},"end":{"line":40,"column":13}},"loc":{"start":{"line":40,"column":18},"end":{"line":86,"column":3}},"line":40},"4":{"name":"(anonymous_4)","decl":{"start":{"line":41,"column":30},"end":{"line":41,"column":31}},"loc":{"start":{"line":41,"column":42},"end":{"line":65,"column":5}},"line":41},"5":{"name":"(anonymous_5)","decl":{"start":{"line":73,"column":55},"end":{"line":73,"column":56}},"loc":{"start":{"line":73,"column":68},"end":{"line":79,"column":5}},"line":73},"6":{"name":"(anonymous_6)","decl":{"start":{"line":82,"column":11},"end":{"line":82,"column":12}},"loc":{"start":{"line":82,"column":17},"end":{"line":85,"column":5}},"line":82},"7":{"name":"(anonymous_7)","decl":{"start":{"line":89,"column":12},"end":{"line":89,"column":13}},"loc":{"start":{"line":89,"column":18},"end":{"line":93,"column":3}},"line":89},"8":{"name":"(anonymous_8)","decl":{"start":{"line":95,"column":17},"end":{"line":95,"column":18}},"loc":{"start":{"line":95,"column":44},"end":{"line":133,"column":3}},"line":95},"9":{"name":"(anonymous_9)","decl":{"start":{"line":135,"column":17},"end":{"line":135,"column":18}},"loc":{"start":{"line":135,"column":48},"end":{"line":180,"column":3}},"line":135},"10":{"name":"(anonymous_10)","decl":{"start":{"line":182,"column":18},"end":{"line":182,"column":19}},"loc":{"start":{"line":182,"column":24},"end":{"line":191,"column":3}},"line":182}},"branchMap":{"0":{"loc":{"start":{"line":9,"column":2},"end":{"line":11,"column":3}},"type":"if","locations":[{"start":{"line":9,"column":2},"end":{"line":11,"column":3}},{"start":{},"end":{}}],"line":9},"1":{"loc":{"start":{"line":21,"column":4},"end":{"line":22,"column":44}},"type":"binary-expr","locations":[{"start":{"line":21,"column":4},"end":{"line":21,"column":38}},{"start":{"line":22,"column":4},"end":{"line":22,"column":44}}],"line":21},"2":{"loc":{"start":{"line":32,"column":4},"end":{"line":37,"column":5}},"type":"if","locations":[{"start":{"line":32,"column":4},"end":{"line":37,"column":5}},{"start":{},"end":{}}],"line":32},"3":{"loc":{"start":{"line":48,"column":8},"end":{"line":57,"column":9}},"type":"if","locations":[{"start":{"line":48,"column":8},"end":{"line":57,"column":9}},{"start":{},"end":{}}],"line":48},"4":{"loc":{"start":{"line":48,"column":12},"end":{"line":48,"column":43}},"type":"binary-expr","locations":[{"start":{"line":48,"column":12},"end":{"line":48,"column":23}},{"start":{"line":48,"column":27},"end":{"line":48,"column":43}}],"line":48},"5":{"loc":{"start":{"line":51,"column":10},"end":{"line":56,"column":11}},"type":"if","locations":[{"start":{"line":51,"column":10},"end":{"line":56,"column":11}},{"start":{"line":53,"column":17},"end":{"line":56,"column":11}}],"line":51},"6":{"loc":{"start":{"line":51,"column":14},"end":{"line":51,"column":58}},"type":"binary-expr","locations":[{"start":{"line":51,"column":14},"end":{"line":51,"column":22}},{"start":{"line":51,"column":26},"end":{"line":51,"column":40}},{"start":{"line":51,"column":44},"end":{"line":51,"column":58}}],"line":51},"7":{"loc":{"start":{"line":74,"column":6},"end":{"line":78,"column":7}},"type":"if","locations":[{"start":{"line":74,"column":6},"end":{"line":78,"column":7}},{"start":{"line":76,"column":13},"end":{"line":78,"column":7}}],"line":74},"8":{"loc":{"start":{"line":90,"column":4},"end":{"line":92,"column":5}},"type":"if","locations":[{"start":{"line":90,"column":4},"end":{"line":92,"column":5}},{"start":{},"end":{}}],"line":90},"9":{"loc":{"start":{"line":90,"column":8},"end":{"line":90,"column":23}},"type":"binary-expr","locations":[{"start":{"line":90,"column":8},"end":{"line":90,"column":12}},{"start":{"line":90,"column":16},"end":{"line":90,"column":23}}],"line":90},"10":{"loc":{"start":{"line":110,"column":6},"end":{"line":112,"column":7}},"type":"if","locations":[{"start":{"line":110,"column":6},"end":{"line":112,"column":7}},{"start":{},"end":{}}],"line":110},"11":{"loc":{"start":{"line":111,"column":24},"end":{"line":111,"column":56}},"type":"binary-expr","locations":[{"start":{"line":111,"column":24},"end":{"line":111,"column":36}},{"start":{"line":111,"column":40},"end":{"line":111,"column":56}}],"line":111},"12":{"loc":{"start":{"line":131,"column":22},"end":{"line":131,"column":53}},"type":"binary-expr","locations":[{"start":{"line":131,"column":22},"end":{"line":131,"column":33}},{"start":{"line":131,"column":37},"end":{"line":131,"column":53}}],"line":131},"13":{"loc":{"start":{"line":150,"column":6},"end":{"line":159,"column":7}},"type":"if","locations":[{"start":{"line":150,"column":6},"end":{"line":159,"column":7}},{"start":{},"end":{}}],"line":150},"14":{"loc":{"start":{"line":152,"column":8},"end":{"line":157,"column":9}},"type":"if","locations":[{"start":{"line":152,"column":8},"end":{"line":157,"column":9}},{"start":{},"end":{}}],"line":152},"15":{"loc":{"start":{"line":153,"column":10},"end":{"line":154,"column":50}},"type":"binary-expr","locations":[{"start":{"line":153,"column":10},"end":{"line":153,"column":33}},{"start":{"line":154,"column":10},"end":{"line":154,"column":50}}],"line":153},"16":{"loc":{"start":{"line":158,"column":24},"end":{"line":158,"column":61}},"type":"binary-expr","locations":[{"start":{"line":158,"column":24},"end":{"line":158,"column":36}},{"start":{"line":158,"column":40},"end":{"line":158,"column":61}}],"line":158},"17":{"loc":{"start":{"line":178,"column":22},"end":{"line":178,"column":58}},"type":"binary-expr","locations":[{"start":{"line":178,"column":22},"end":{"line":178,"column":33}},{"start":{"line":178,"column":37},"end":{"line":178,"column":58}}],"line":178}},"s":{"0":5,"1":5,"2":13,"3":13,"4":0,"5":13,"6":5,"7":49,"8":49,"9":49,"10":49,"11":0,"12":0,"13":0,"14":0,"15":49,"16":48,"17":48,"18":48,"19":48,"20":48,"21":0,"22":0,"23":0,"24":0,"25":0,"26":0,"27":48,"28":48,"29":48,"30":48,"31":0,"32":0,"33":0,"34":48,"35":48,"36":48,"37":49,"38":49,"39":0,"40":49,"41":0,"42":0,"43":0,"44":0,"45":0,"46":0,"47":0,"48":0,"49":0,"50":0,"51":0,"52":0,"53":49,"54":0,"55":0,"56":0,"57":0,"58":0,"59":0,"60":0,"61":0,"62":0,"63":0,"64":0,"65":0,"66":0,"67":0,"68":49,"69":0,"70":0,"71":0,"72":49,"73":49},"f":{"0":13,"1":49,"2":0,"3":48,"4":48,"5":0,"6":48,"7":49,"8":0,"9":0,"10":0},"b":{"0":[0,13],"1":[49,0],"2":[0,0],"3":[0,48],"4":[48,0],"5":[0,0],"6":[0,0,0],"7":[0,0],"8":[0,49],"9":[49,0],"10":[0,0],"11":[0,0],"12":[0,0],"13":[0,0],"14":[0,0],"15":[0,0],"16":[0,0],"17":[0,0]},"_coverageSchema":"1a1c01bbd47fc00a2c39e90264f33305004495a9","hash":"49a53a0aef947287e575f1da0613ce78eb3fa145"}
,"/home/sahal/my/ijaa-frontend/src/context/ThemeContext.jsx": {"path":"/home/sahal/my/ijaa-frontend/src/context/ThemeContext.jsx","statementMap":{"0":{"start":{"line":3,"column":21},"end":{"line":3,"column":36}},"1":{"start":{"line":5,"column":24},"end":{"line":11,"column":1}},"2":{"start":{"line":6,"column":18},"end":{"line":6,"column":42}},"3":{"start":{"line":7,"column":2},"end":{"line":9,"column":3}},"4":{"start":{"line":8,"column":4},"end":{"line":8,"column":68}},"5":{"start":{"line":10,"column":2},"end":{"line":10,"column":17}},"6":{"start":{"line":13,"column":29},"end":{"line":53,"column":1}},"7":{"start":{"line":14,"column":30},"end":{"line":14,"column":45}},"8":{"start":{"line":16,"column":2},"end":{"line":30,"column":9}},"9":{"start":{"line":18,"column":23},"end":{"line":18,"column":52}},"10":{"start":{"line":19,"column":24},"end":{"line":21,"column":13}},"11":{"start":{"line":23,"column":4},"end":{"line":29,"column":5}},"12":{"start":{"line":24,"column":6},"end":{"line":24,"column":22}},"13":{"start":{"line":25,"column":6},"end":{"line":25,"column":53}},"14":{"start":{"line":27,"column":6},"end":{"line":27,"column":23}},"15":{"start":{"line":28,"column":6},"end":{"line":28,"column":56}},"16":{"start":{"line":32,"column":22},"end":{"line":43,"column":3}},"17":{"start":{"line":33,"column":21},"end":{"line":33,"column":28}},"18":{"start":{"line":34,"column":4},"end":{"line":34,"column":24}},"19":{"start":{"line":36,"column":4},"end":{"line":42,"column":5}},"20":{"start":{"line":37,"column":6},"end":{"line":37,"column":53}},"21":{"start":{"line":38,"column":6},"end":{"line":38,"column":44}},"22":{"start":{"line":40,"column":6},"end":{"line":40,"column":56}},"23":{"start":{"line":41,"column":6},"end":{"line":41,"column":45}},"24":{"start":{"line":45,"column":16},"end":{"line":48,"column":3}},"25":{"start":{"line":50,"column":2},"end":{"line":52,"column":4}}},"fnMap":{"0":{"name":"(anonymous_0)","decl":{"start":{"line":5,"column":24},"end":{"line":5,"column":25}},"loc":{"start":{"line":5,"column":30},"end":{"line":11,"column":1}},"line":5},"1":{"name":"(anonymous_1)","decl":{"start":{"line":13,"column":29},"end":{"line":13,"column":30}},"loc":{"start":{"line":13,"column":47},"end":{"line":53,"column":1}},"line":13},"2":{"name":"(anonymous_2)","decl":{"start":{"line":16,"column":12},"end":{"line":16,"column":13}},"loc":{"start":{"line":16,"column":18},"end":{"line":30,"column":3}},"line":16},"3":{"name":"(anonymous_3)","decl":{"start":{"line":32,"column":22},"end":{"line":32,"column":23}},"loc":{"start":{"line":32,"column":28},"end":{"line":43,"column":3}},"line":32}},"branchMap":{"0":{"loc":{"start":{"line":7,"column":2},"end":{"line":9,"column":3}},"type":"if","locations":[{"start":{"line":7,"column":2},"end":{"line":9,"column":3}},{"start":{},"end":{}}],"line":7},"1":{"loc":{"start":{"line":23,"column":4},"end":{"line":29,"column":5}},"type":"if","locations":[{"start":{"line":23,"column":4},"end":{"line":29,"column":5}},{"start":{"line":26,"column":11},"end":{"line":29,"column":5}}],"line":23},"2":{"loc":{"start":{"line":23,"column":8},"end":{"line":23,"column":61}},"type":"binary-expr","locations":[{"start":{"line":23,"column":8},"end":{"line":23,"column":29}},{"start":{"line":23,"column":34},"end":{"line":23,"column":45}},{"start":{"line":23,"column":49},"end":{"line":23,"column":60}}],"line":23},"3":{"loc":{"start":{"line":36,"column":4},"end":{"line":42,"column":5}},"type":"if","locations":[{"start":{"line":36,"column":4},"end":{"line":42,"column":5}},{"start":{"line":39,"column":11},"end":{"line":42,"column":5}}],"line":36}},"s":{"0":5,"1":5,"2":13,"3":13,"4":0,"5":13,"6":5,"7":63,"8":63,"9":61,"10":61,"11":2,"12":2,"13":2,"14":0,"15":0,"16":63,"17":0,"18":0,"19":0,"20":0,"21":0,"22":0,"23":0,"24":63,"25":63},"f":{"0":13,"1":63,"2":61,"3":0},"b":{"0":[0,13],"1":[2,0],"2":[2,2,2],"3":[0,0]},"_coverageSchema":"1a1c01bbd47fc00a2c39e90264f33305004495a9","hash":"d35a457c7f0eec8cbb67f1ca0e514f37194048cf"}
,"/home/sahal/my/ijaa-frontend/src/pages/AccountSettings.jsx": {"path":"/home/sahal/my/ijaa-frontend/src/pages/AccountSettings.jsx","statementMap":{"0":{"start":{"line":18,"column":24},"end":{"line":482,"column":1}},"1":{"start":{"line":19,"column":19},"end":{"line":19,"column":32}},"2":{"start":{"line":20,"column":32},"end":{"line":20,"column":47}},"3":{"start":{"line":21,"column":48},"end":{"line":21,"column":63}},"4":{"start":{"line":22,"column":42},"end":{"line":26,"column":4}},"5":{"start":{"line":27,"column":44},"end":{"line":31,"column":4}},"6":{"start":{"line":32,"column":44},"end":{"line":41,"column":4}},"7":{"start":{"line":43,"column":31},"end":{"line":48,"column":3}},"8":{"start":{"line":44,"column":4},"end":{"line":47,"column":7}},"9":{"start":{"line":50,"column":35},"end":{"line":55,"column":3}},"10":{"start":{"line":51,"column":4},"end":{"line":54,"column":7}},"11":{"start":{"line":57,"column":35},"end":{"line":62,"column":3}},"12":{"start":{"line":58,"column":4},"end":{"line":61,"column":7}},"13":{"start":{"line":64,"column":31},"end":{"line":78,"column":3}},"14":{"start":{"line":65,"column":4},"end":{"line":65,"column":23}},"15":{"start":{"line":66,"column":4},"end":{"line":66,"column":21}},"16":{"start":{"line":69,"column":4},"end":{"line":77,"column":13}},"17":{"start":{"line":70,"column":6},"end":{"line":70,"column":24}},"18":{"start":{"line":71,"column":6},"end":{"line":75,"column":9}},"19":{"start":{"line":80,"column":30},"end":{"line":84,"column":3}},"20":{"start":{"line":82,"column":4},"end":{"line":82,"column":46}},"21":{"start":{"line":83,"column":4},"end":{"line":83,"column":30}},"22":{"start":{"line":86,"column":34},"end":{"line":94,"column":3}},"23":{"start":{"line":87,"column":4},"end":{"line":87,"column":21}},"24":{"start":{"line":90,"column":4},"end":{"line":93,"column":13}},"25":{"start":{"line":91,"column":6},"end":{"line":91,"column":24}},"26":{"start":{"line":96,"column":2},"end":{"line":481,"column":4}},"27":{"start":{"line":101,"column":25},"end":{"line":101,"column":37}},"28":{"start":{"line":141,"column":33},"end":{"line":141,"column":68}},"29":{"start":{"line":170,"column":33},"end":{"line":170,"column":64}},"30":{"start":{"line":199,"column":33},"end":{"line":199,"column":68}},"31":{"start":{"line":252,"column":31},"end":{"line":252,"column":77}},"32":{"start":{"line":282,"column":31},"end":{"line":282,"column":76}},"33":{"start":{"line":312,"column":31},"end":{"line":312,"column":79}},"34":{"start":{"line":347,"column":18},"end":{"line":347,"column":69}},"35":{"start":{"line":378,"column":31},"end":{"line":378,"column":71}},"36":{"start":{"line":406,"column":31},"end":{"line":406,"column":74}},"37":{"start":{"line":435,"column":27},"end":{"line":435,"column":51}},"38":{"start":{"line":465,"column":31},"end":{"line":465,"column":56}}},"fnMap":{"0":{"name":"(anonymous_0)","decl":{"start":{"line":18,"column":24},"end":{"line":18,"column":25}},"loc":{"start":{"line":18,"column":30},"end":{"line":482,"column":1}},"line":18},"1":{"name":"(anonymous_1)","decl":{"start":{"line":43,"column":31},"end":{"line":43,"column":32}},"loc":{"start":{"line":43,"column":38},"end":{"line":48,"column":3}},"line":43},"2":{"name":"(anonymous_2)","decl":{"start":{"line":50,"column":35},"end":{"line":50,"column":36}},"loc":{"start":{"line":50,"column":44},"end":{"line":55,"column":3}},"line":50},"3":{"name":"(anonymous_3)","decl":{"start":{"line":57,"column":35},"end":{"line":57,"column":36}},"loc":{"start":{"line":57,"column":46},"end":{"line":62,"column":3}},"line":57},"4":{"name":"(anonymous_4)","decl":{"start":{"line":64,"column":31},"end":{"line":64,"column":32}},"loc":{"start":{"line":64,"column":44},"end":{"line":78,"column":3}},"line":64},"5":{"name":"(anonymous_5)","decl":{"start":{"line":69,"column":15},"end":{"line":69,"column":16}},"loc":{"start":{"line":69,"column":21},"end":{"line":77,"column":5}},"line":69},"6":{"name":"(anonymous_6)","decl":{"start":{"line":80,"column":30},"end":{"line":80,"column":31}},"loc":{"start":{"line":80,"column":36},"end":{"line":84,"column":3}},"line":80},"7":{"name":"(anonymous_7)","decl":{"start":{"line":86,"column":34},"end":{"line":86,"column":35}},"loc":{"start":{"line":86,"column":46},"end":{"line":94,"column":3}},"line":86},"8":{"name":"(anonymous_8)","decl":{"start":{"line":90,"column":15},"end":{"line":90,"column":16}},"loc":{"start":{"line":90,"column":21},"end":{"line":93,"column":5}},"line":90},"9":{"name":"(anonymous_9)","decl":{"start":{"line":101,"column":19},"end":{"line":101,"column":20}},"loc":{"start":{"line":101,"column":25},"end":{"line":101,"column":37}},"line":101},"10":{"name":"(anonymous_10)","decl":{"start":{"line":141,"column":27},"end":{"line":141,"column":28}},"loc":{"start":{"line":141,"column":33},"end":{"line":141,"column":68}},"line":141},"11":{"name":"(anonymous_11)","decl":{"start":{"line":170,"column":27},"end":{"line":170,"column":28}},"loc":{"start":{"line":170,"column":33},"end":{"line":170,"column":64}},"line":170},"12":{"name":"(anonymous_12)","decl":{"start":{"line":199,"column":27},"end":{"line":199,"column":28}},"loc":{"start":{"line":199,"column":33},"end":{"line":199,"column":68}},"line":199},"13":{"name":"(anonymous_13)","decl":{"start":{"line":252,"column":25},"end":{"line":252,"column":26}},"loc":{"start":{"line":252,"column":31},"end":{"line":252,"column":77}},"line":252},"14":{"name":"(anonymous_14)","decl":{"start":{"line":282,"column":25},"end":{"line":282,"column":26}},"loc":{"start":{"line":282,"column":31},"end":{"line":282,"column":76}},"line":282},"15":{"name":"(anonymous_15)","decl":{"start":{"line":312,"column":25},"end":{"line":312,"column":26}},"loc":{"start":{"line":312,"column":31},"end":{"line":312,"column":79}},"line":312},"16":{"name":"(anonymous_16)","decl":{"start":{"line":346,"column":25},"end":{"line":346,"column":26}},"loc":{"start":{"line":347,"column":18},"end":{"line":347,"column":69}},"line":347},"17":{"name":"(anonymous_17)","decl":{"start":{"line":378,"column":25},"end":{"line":378,"column":26}},"loc":{"start":{"line":378,"column":31},"end":{"line":378,"column":71}},"line":378},"18":{"name":"(anonymous_18)","decl":{"start":{"line":406,"column":25},"end":{"line":406,"column":26}},"loc":{"start":{"line":406,"column":31},"end":{"line":406,"column":74}},"line":406},"19":{"name":"(anonymous_19)","decl":{"start":{"line":435,"column":21},"end":{"line":435,"column":22}},"loc":{"start":{"line":435,"column":27},"end":{"line":435,"column":51}},"line":435},"20":{"name":"(anonymous_20)","decl":{"start":{"line":465,"column":25},"end":{"line":465,"column":26}},"loc":{"start":{"line":465,"column":31},"end":{"line":465,"column":56}},"line":465}},"branchMap":{"0":{"loc":{"start":{"line":131,"column":24},"end":{"line":131,"column":67}},"type":"cond-expr","locations":[{"start":{"line":131,"column":48},"end":{"line":131,"column":54}},{"start":{"line":131,"column":57},"end":{"line":131,"column":67}}],"line":131},"1":{"loc":{"start":{"line":144,"column":19},"end":{"line":148,"column":19}},"type":"cond-expr","locations":[{"start":{"line":145,"column":20},"end":{"line":145,"column":50}},{"start":{"line":147,"column":20},"end":{"line":147,"column":47}}],"line":144},"2":{"loc":{"start":{"line":160,"column":24},"end":{"line":160,"column":63}},"type":"cond-expr","locations":[{"start":{"line":160,"column":44},"end":{"line":160,"column":50}},{"start":{"line":160,"column":53},"end":{"line":160,"column":63}}],"line":160},"3":{"loc":{"start":{"line":173,"column":19},"end":{"line":177,"column":19}},"type":"cond-expr","locations":[{"start":{"line":174,"column":20},"end":{"line":174,"column":50}},{"start":{"line":176,"column":20},"end":{"line":176,"column":47}}],"line":173},"4":{"loc":{"start":{"line":189,"column":24},"end":{"line":189,"column":67}},"type":"cond-expr","locations":[{"start":{"line":189,"column":48},"end":{"line":189,"column":54}},{"start":{"line":189,"column":57},"end":{"line":189,"column":67}}],"line":189},"5":{"loc":{"start":{"line":202,"column":19},"end":{"line":206,"column":19}},"type":"cond-expr","locations":[{"start":{"line":203,"column":20},"end":{"line":203,"column":50}},{"start":{"line":205,"column":20},"end":{"line":205,"column":47}}],"line":202},"6":{"loc":{"start":{"line":217,"column":21},"end":{"line":217,"column":64}},"type":"cond-expr","locations":[{"start":{"line":217,"column":31},"end":{"line":217,"column":44}},{"start":{"line":217,"column":47},"end":{"line":217,"column":64}}],"line":217},"7":{"loc":{"start":{"line":234,"column":21},"end":{"line":234,"column":51}},"type":"cond-expr","locations":[{"start":{"line":234,"column":31},"end":{"line":234,"column":42}},{"start":{"line":234,"column":45},"end":{"line":234,"column":51}}],"line":234},"8":{"loc":{"start":{"line":254,"column":18},"end":{"line":256,"column":35}},"type":"cond-expr","locations":[{"start":{"line":255,"column":22},"end":{"line":255,"column":35}},{"start":{"line":256,"column":22},"end":{"line":256,"column":35}}],"line":254},"9":{"loc":{"start":{"line":261,"column":20},"end":{"line":263,"column":39}},"type":"cond-expr","locations":[{"start":{"line":262,"column":24},"end":{"line":262,"column":39}},{"start":{"line":263,"column":24},"end":{"line":263,"column":39}}],"line":261},"10":{"loc":{"start":{"line":284,"column":18},"end":{"line":286,"column":35}},"type":"cond-expr","locations":[{"start":{"line":285,"column":22},"end":{"line":285,"column":35}},{"start":{"line":286,"column":22},"end":{"line":286,"column":35}}],"line":284},"11":{"loc":{"start":{"line":291,"column":20},"end":{"line":293,"column":39}},"type":"cond-expr","locations":[{"start":{"line":292,"column":24},"end":{"line":292,"column":39}},{"start":{"line":293,"column":24},"end":{"line":293,"column":39}}],"line":291},"12":{"loc":{"start":{"line":314,"column":18},"end":{"line":316,"column":35}},"type":"cond-expr","locations":[{"start":{"line":315,"column":22},"end":{"line":315,"column":35}},{"start":{"line":316,"column":22},"end":{"line":316,"column":35}}],"line":314},"13":{"loc":{"start":{"line":321,"column":20},"end":{"line":323,"column":39}},"type":"cond-expr","locations":[{"start":{"line":322,"column":24},"end":{"line":322,"column":39}},{"start":{"line":323,"column":24},"end":{"line":323,"column":39}}],"line":321},"14":{"loc":{"start":{"line":350,"column":18},"end":{"line":352,"column":35}},"type":"cond-expr","locations":[{"start":{"line":351,"column":22},"end":{"line":351,"column":35}},{"start":{"line":352,"column":22},"end":{"line":352,"column":35}}],"line":350},"15":{"loc":{"start":{"line":357,"column":20},"end":{"line":359,"column":39}},"type":"cond-expr","locations":[{"start":{"line":358,"column":24},"end":{"line":358,"column":39}},{"start":{"line":359,"column":24},"end":{"line":359,"column":39}}],"line":357},"16":{"loc":{"start":{"line":380,"column":18},"end":{"line":380,"column":76}},"type":"cond-expr","locations":[{"start":{"line":380,"column":47},"end":{"line":380,"column":60}},{"start":{"line":380,"column":63},"end":{"line":380,"column":76}}],"line":380},"17":{"loc":{"start":{"line":385,"column":20},"end":{"line":387,"column":39}},"type":"cond-expr","locations":[{"start":{"line":386,"column":24},"end":{"line":386,"column":39}},{"start":{"line":387,"column":24},"end":{"line":387,"column":39}}],"line":385},"18":{"loc":{"start":{"line":408,"column":18},"end":{"line":408,"column":79}},"type":"cond-expr","locations":[{"start":{"line":408,"column":50},"end":{"line":408,"column":63}},{"start":{"line":408,"column":66},"end":{"line":408,"column":79}}],"line":408},"19":{"loc":{"start":{"line":413,"column":20},"end":{"line":415,"column":39}},"type":"cond-expr","locations":[{"start":{"line":414,"column":24},"end":{"line":414,"column":39}},{"start":{"line":415,"column":24},"end":{"line":415,"column":39}}],"line":413},"20":{"loc":{"start":{"line":445,"column":7},"end":{"line":479,"column":7}},"type":"binary-expr","locations":[{"start":{"line":445,"column":7},"end":{"line":445,"column":22}},{"start":{"line":446,"column":8},"end":{"line":478,"column":14}}],"line":445}},"s":{"0":0,"1":0,"2":0,"3":0,"4":0,"5":0,"6":0,"7":0,"8":0,"9":0,"10":0,"11":0,"12":0,"13":0,"14":0,"15":0,"16":0,"17":0,"18":0,"19":0,"20":0,"21":0,"22":0,"23":0,"24":0,"25":0,"26":0,"27":0,"28":0,"29":0,"30":0,"31":0,"32":0,"33":0,"34":0,"35":0,"36":0,"37":0,"38":0},"f":{"0":0,"1":0,"2":0,"3":0,"4":0,"5":0,"6":0,"7":0,"8":0,"9":0,"10":0,"11":0,"12":0,"13":0,"14":0,"15":0,"16":0,"17":0,"18":0,"19":0,"20":0},"b":{"0":[0,0],"1":[0,0],"2":[0,0],"3":[0,0],"4":[0,0],"5":[0,0],"6":[0,0],"7":[0,0],"8":[0,0],"9":[0,0],"10":[0,0],"11":[0,0],"12":[0,0],"13":[0,0],"14":[0,0],"15":[0,0],"16":[0,0],"17":[0,0],"18":[0,0],"19":[0,0],"20":[0,0]}}
,"/home/sahal/my/ijaa-frontend/src/pages/AdminAnnouncements.jsx": {"path":"/home/sahal/my/ijaa-frontend/src/pages/AdminAnnouncements.jsx","statementMap":{"0":{"start":{"line":15,"column":27},"end":{"line":439,"column":1}},"1":{"start":{"line":16,"column":20},"end":{"line":16,"column":34}},"2":{"start":{"line":17,"column":44},"end":{"line":17,"column":56}},"3":{"start":{"line":18,"column":32},"end":{"line":18,"column":46}},"4":{"start":{"line":19,"column":48},"end":{"line":19,"column":63}},"5":{"start":{"line":20,"column":44},"end":{"line":20,"column":59}},"6":{"start":{"line":21,"column":58},"end":{"line":21,"column":72}},"7":{"start":{"line":22,"column":34},"end":{"line":26,"column":4}},"8":{"start":{"line":29,"column":4},"end":{"line":30,"column":45}},"9":{"start":{"line":32,"column":2},"end":{"line":36,"column":14}},"10":{"start":{"line":33,"column":4},"end":{"line":35,"column":5}},"11":{"start":{"line":34,"column":6},"end":{"line":34,"column":27}},"12":{"start":{"line":38,"column":29},"end":{"line":78,"column":3}},"13":{"start":{"line":39,"column":4},"end":{"line":77,"column":5}},"14":{"start":{"line":41,"column":6},"end":{"line":45,"column":7}},"15":{"start":{"line":42,"column":8},"end":{"line":42,"column":49}},"16":{"start":{"line":43,"column":8},"end":{"line":43,"column":60}},"17":{"start":{"line":44,"column":8},"end":{"line":44,"column":15}},"18":{"start":{"line":47,"column":23},"end":{"line":52,"column":8}},"19":{"start":{"line":54,"column":6},"end":{"line":60,"column":7}},"20":{"start":{"line":55,"column":8},"end":{"line":58,"column":9}},"21":{"start":{"line":56,"column":10},"end":{"line":56,"column":62}},"22":{"start":{"line":57,"column":10},"end":{"line":57,"column":17}},"23":{"start":{"line":59,"column":8},"end":{"line":59,"column":77}},"24":{"start":{"line":62,"column":19},"end":{"line":62,"column":40}},"25":{"start":{"line":65,"column":6},"end":{"line":70,"column":7}},"26":{"start":{"line":66,"column":8},"end":{"line":66,"column":36}},"27":{"start":{"line":68,"column":8},"end":{"line":68,"column":57}},"28":{"start":{"line":69,"column":8},"end":{"line":69,"column":29}},"29":{"start":{"line":72,"column":6},"end":{"line":72,"column":51}},"30":{"start":{"line":73,"column":6},"end":{"line":73,"column":50}},"31":{"start":{"line":74,"column":6},"end":{"line":74,"column":27}},"32":{"start":{"line":76,"column":6},"end":{"line":76,"column":24}},"33":{"start":{"line":80,"column":35},"end":{"line":107,"column":3}},"34":{"start":{"line":81,"column":4},"end":{"line":81,"column":23}},"35":{"start":{"line":82,"column":4},"end":{"line":106,"column":5}},"36":{"start":{"line":83,"column":23},"end":{"line":94,"column":8}},"37":{"start":{"line":96,"column":6},"end":{"line":98,"column":7}},"38":{"start":{"line":97,"column":8},"end":{"line":97,"column":57}},"39":{"start":{"line":100,"column":6},"end":{"line":100,"column":57}},"40":{"start":{"line":101,"column":6},"end":{"line":101,"column":32}},"41":{"start":{"line":102,"column":6},"end":{"line":102,"column":18}},"42":{"start":{"line":103,"column":6},"end":{"line":103,"column":27}},"43":{"start":{"line":105,"column":6},"end":{"line":105,"column":51}},"44":{"start":{"line":109,"column":33},"end":{"line":140,"column":3}},"45":{"start":{"line":110,"column":4},"end":{"line":110,"column":23}},"46":{"start":{"line":111,"column":4},"end":{"line":139,"column":5}},"47":{"start":{"line":112,"column":23},"end":{"line":126,"column":7}},"48":{"start":{"line":128,"column":6},"end":{"line":130,"column":7}},"49":{"start":{"line":129,"column":8},"end":{"line":129,"column":57}},"50":{"start":{"line":132,"column":6},"end":{"line":132,"column":57}},"51":{"start":{"line":133,"column":6},"end":{"line":133,"column":30}},"52":{"start":{"line":134,"column":6},"end":{"line":134,"column":36}},"53":{"start":{"line":135,"column":6},"end":{"line":135,"column":18}},"54":{"start":{"line":136,"column":6},"end":{"line":136,"column":27}},"55":{"start":{"line":138,"column":6},"end":{"line":138,"column":51}},"56":{"start":{"line":142,"column":35},"end":{"line":164,"column":3}},"57":{"start":{"line":143,"column":4},"end":{"line":163,"column":5}},"58":{"start":{"line":144,"column":23},"end":{"line":153,"column":7}},"59":{"start":{"line":155,"column":6},"end":{"line":157,"column":7}},"60":{"start":{"line":156,"column":8},"end":{"line":156,"column":57}},"61":{"start":{"line":159,"column":6},"end":{"line":159,"column":57}},"62":{"start":{"line":160,"column":6},"end":{"line":160,"column":27}},"63":{"start":{"line":162,"column":6},"end":{"line":162,"column":51}},"64":{"start":{"line":166,"column":20},"end":{"line":172,"column":3}},"65":{"start":{"line":167,"column":4},"end":{"line":171,"column":7}},"66":{"start":{"line":174,"column":24},"end":{"line":182,"column":3}},"67":{"start":{"line":175,"column":4},"end":{"line":175,"column":42}},"68":{"start":{"line":176,"column":4},"end":{"line":180,"column":7}},"69":{"start":{"line":181,"column":4},"end":{"line":181,"column":27}},"70":{"start":{"line":184,"column":26},"end":{"line":187,"column":3}},"71":{"start":{"line":185,"column":4},"end":{"line":185,"column":16}},"72":{"start":{"line":186,"column":4},"end":{"line":186,"column":29}},"73":{"start":{"line":189,"column":28},"end":{"line":277,"column":3}},"74":{"start":{"line":190,"column":4},"end":{"line":190,"column":29}},"75":{"start":{"line":190,"column":17},"end":{"line":190,"column":29}},"76":{"start":{"line":192,"column":4},"end":{"line":276,"column":6}},"77":{"start":{"line":217,"column":18},"end":{"line":217,"column":69}},"78":{"start":{"line":233,"column":19},"end":{"line":233,"column":72}},"79":{"start":{"line":247,"column":19},"end":{"line":247,"column":73}},"80":{"start":{"line":280,"column":2},"end":{"line":291,"column":3}},"81":{"start":{"line":281,"column":4},"end":{"line":290,"column":6}},"82":{"start":{"line":293,"column":2},"end":{"line":301,"column":3}},"83":{"start":{"line":294,"column":4},"end":{"line":300,"column":6}},"84":{"start":{"line":304,"column":2},"end":{"line":307,"column":3}},"85":{"start":{"line":305,"column":4},"end":{"line":305,"column":71}},"86":{"start":{"line":306,"column":4},"end":{"line":306,"column":25}},"87":{"start":{"line":309,"column":2},"end":{"line":438,"column":4}},"88":{"start":{"line":352,"column":14},"end":{"line":411,"column":20}},"89":{"start":{"line":384,"column":37},"end":{"line":384,"column":64}},"90":{"start":{"line":391,"column":37},"end":{"line":391,"column":78}},"91":{"start":{"line":419,"column":25},"end":{"line":419,"column":50}},"92":{"start":{"line":429,"column":12},"end":{"line":429,"column":36}},"93":{"start":{"line":430,"column":12},"end":{"line":430,"column":42}}},"fnMap":{"0":{"name":"(anonymous_0)","decl":{"start":{"line":15,"column":27},"end":{"line":15,"column":28}},"loc":{"start":{"line":15,"column":33},"end":{"line":439,"column":1}},"line":15},"1":{"name":"(anonymous_1)","decl":{"start":{"line":32,"column":12},"end":{"line":32,"column":13}},"loc":{"start":{"line":32,"column":18},"end":{"line":36,"column":3}},"line":32},"2":{"name":"(anonymous_2)","decl":{"start":{"line":38,"column":29},"end":{"line":38,"column":30}},"loc":{"start":{"line":38,"column":41},"end":{"line":78,"column":3}},"line":38},"3":{"name":"(anonymous_3)","decl":{"start":{"line":80,"column":35},"end":{"line":80,"column":36}},"loc":{"start":{"line":80,"column":48},"end":{"line":107,"column":3}},"line":80},"4":{"name":"(anonymous_4)","decl":{"start":{"line":109,"column":33},"end":{"line":109,"column":34}},"loc":{"start":{"line":109,"column":46},"end":{"line":140,"column":3}},"line":109},"5":{"name":"(anonymous_5)","decl":{"start":{"line":142,"column":35},"end":{"line":142,"column":36}},"loc":{"start":{"line":142,"column":61},"end":{"line":164,"column":3}},"line":142},"6":{"name":"(anonymous_6)","decl":{"start":{"line":166,"column":20},"end":{"line":166,"column":21}},"loc":{"start":{"line":166,"column":26},"end":{"line":172,"column":3}},"line":166},"7":{"name":"(anonymous_7)","decl":{"start":{"line":174,"column":24},"end":{"line":174,"column":25}},"loc":{"start":{"line":174,"column":42},"end":{"line":182,"column":3}},"line":174},"8":{"name":"(anonymous_8)","decl":{"start":{"line":184,"column":26},"end":{"line":184,"column":27}},"loc":{"start":{"line":184,"column":32},"end":{"line":187,"column":3}},"line":184},"9":{"name":"(anonymous_9)","decl":{"start":{"line":189,"column":28},"end":{"line":189,"column":29}},"loc":{"start":{"line":189,"column":82},"end":{"line":277,"column":3}},"line":189},"10":{"name":"(anonymous_10)","decl":{"start":{"line":216,"column":26},"end":{"line":216,"column":27}},"loc":{"start":{"line":217,"column":18},"end":{"line":217,"column":69}},"line":217},"11":{"name":"(anonymous_11)","decl":{"start":{"line":232,"column":27},"end":{"line":232,"column":28}},"loc":{"start":{"line":233,"column":19},"end":{"line":233,"column":72}},"line":233},"12":{"name":"(anonymous_12)","decl":{"start":{"line":246,"column":27},"end":{"line":246,"column":28}},"loc":{"start":{"line":247,"column":19},"end":{"line":247,"column":73}},"line":247},"13":{"name":"(anonymous_13)","decl":{"start":{"line":351,"column":30},"end":{"line":351,"column":31}},"loc":{"start":{"line":352,"column":14},"end":{"line":411,"column":20}},"line":352},"14":{"name":"(anonymous_14)","decl":{"start":{"line":384,"column":31},"end":{"line":384,"column":32}},"loc":{"start":{"line":384,"column":37},"end":{"line":384,"column":64}},"line":384},"15":{"name":"(anonymous_15)","decl":{"start":{"line":391,"column":31},"end":{"line":391,"column":32}},"loc":{"start":{"line":391,"column":37},"end":{"line":391,"column":78}},"line":391},"16":{"name":"(anonymous_16)","decl":{"start":{"line":419,"column":19},"end":{"line":419,"column":20}},"loc":{"start":{"line":419,"column":25},"end":{"line":419,"column":50}},"line":419},"17":{"name":"(anonymous_17)","decl":{"start":{"line":428,"column":19},"end":{"line":428,"column":20}},"loc":{"start":{"line":428,"column":25},"end":{"line":431,"column":11}},"line":428}},"branchMap":{"0":{"loc":{"start":{"line":29,"column":4},"end":{"line":30,"column":45}},"type":"binary-expr","locations":[{"start":{"line":29,"column":4},"end":{"line":29,"column":39}},{"start":{"line":30,"column":4},"end":{"line":30,"column":45}}],"line":29},"1":{"loc":{"start":{"line":33,"column":4},"end":{"line":35,"column":5}},"type":"if","locations":[{"start":{"line":33,"column":4},"end":{"line":35,"column":5}},{"start":{},"end":{}}],"line":33},"2":{"loc":{"start":{"line":33,"column":8},"end":{"line":33,"column":28}},"type":"binary-expr","locations":[{"start":{"line":33,"column":8},"end":{"line":33,"column":13}},{"start":{"line":33,"column":17},"end":{"line":33,"column":28}}],"line":33},"3":{"loc":{"start":{"line":41,"column":6},"end":{"line":45,"column":7}},"type":"if","locations":[{"start":{"line":41,"column":6},"end":{"line":45,"column":7}},{"start":{},"end":{}}],"line":41},"4":{"loc":{"start":{"line":41,"column":10},"end":{"line":41,"column":32}},"type":"binary-expr","locations":[{"start":{"line":41,"column":10},"end":{"line":41,"column":16}},{"start":{"line":41,"column":20},"end":{"line":41,"column":32}}],"line":41},"5":{"loc":{"start":{"line":54,"column":6},"end":{"line":60,"column":7}},"type":"if","locations":[{"start":{"line":54,"column":6},"end":{"line":60,"column":7}},{"start":{},"end":{}}],"line":54},"6":{"loc":{"start":{"line":55,"column":8},"end":{"line":58,"column":9}},"type":"if","locations":[{"start":{"line":55,"column":8},"end":{"line":58,"column":9}},{"start":{},"end":{}}],"line":55},"7":{"loc":{"start":{"line":65,"column":6},"end":{"line":70,"column":7}},"type":"if","locations":[{"start":{"line":65,"column":6},"end":{"line":70,"column":7}},{"start":{"line":67,"column":13},"end":{"line":70,"column":7}}],"line":65},"8":{"loc":{"start":{"line":65,"column":10},"end":{"line":65,"column":27}},"type":"binary-expr","locations":[{"start":{"line":65,"column":10},"end":{"line":65,"column":14}},{"start":{"line":65,"column":18},"end":{"line":65,"column":27}}],"line":65},"9":{"loc":{"start":{"line":96,"column":6},"end":{"line":98,"column":7}},"type":"if","locations":[{"start":{"line":96,"column":6},"end":{"line":98,"column":7}},{"start":{},"end":{}}],"line":96},"10":{"loc":{"start":{"line":128,"column":6},"end":{"line":130,"column":7}},"type":"if","locations":[{"start":{"line":128,"column":6},"end":{"line":130,"column":7}},{"start":{},"end":{}}],"line":128},"11":{"loc":{"start":{"line":155,"column":6},"end":{"line":157,"column":7}},"type":"if","locations":[{"start":{"line":155,"column":6},"end":{"line":157,"column":7}},{"start":{},"end":{}}],"line":155},"12":{"loc":{"start":{"line":179,"column":16},"end":{"line":179,"column":49}},"type":"binary-expr","locations":[{"start":{"line":179,"column":16},"end":{"line":179,"column":37}},{"start":{"line":179,"column":41},"end":{"line":179,"column":49}}],"line":179},"13":{"loc":{"start":{"line":190,"column":4},"end":{"line":190,"column":29}},"type":"if","locations":[{"start":{"line":190,"column":4},"end":{"line":190,"column":29}},{"start":{},"end":{}}],"line":190},"14":{"loc":{"start":{"line":280,"column":2},"end":{"line":291,"column":3}},"type":"if","locations":[{"start":{"line":280,"column":2},"end":{"line":291,"column":3}},{"start":{},"end":{}}],"line":280},"15":{"loc":{"start":{"line":293,"column":2},"end":{"line":301,"column":3}},"type":"if","locations":[{"start":{"line":293,"column":2},"end":{"line":301,"column":3}},{"start":{},"end":{}}],"line":293},"16":{"loc":{"start":{"line":304,"column":2},"end":{"line":307,"column":3}},"type":"if","locations":[{"start":{"line":304,"column":2},"end":{"line":307,"column":3}},{"start":{},"end":{}}],"line":304},"17":{"loc":{"start":{"line":333,"column":11},"end":{"line":413,"column":11}},"type":"cond-expr","locations":[{"start":{"line":334,"column":12},"end":{"line":349,"column":18}},{"start":{"line":351,"column":12},"end":{"line":412,"column":14}}],"line":333},"18":{"loc":{"start":{"line":362,"column":24},"end":{"line":376,"column":24}},"type":"binary-expr","locations":[{"start":{"line":362,"column":24},"end":{"line":362,"column":45}},{"start":{"line":363,"column":25},"end":{"line":375,"column":32}}],"line":362},"19":{"loc":{"start":{"line":365,"column":29},"end":{"line":371,"column":96}},"type":"cond-expr","locations":[{"start":{"line":366,"column":33},"end":{"line":366,"column":92}},{"start":{"line":367,"column":33},"end":{"line":371,"column":96}}],"line":365},"20":{"loc":{"start":{"line":367,"column":33},"end":{"line":371,"column":96}},"type":"cond-expr","locations":[{"start":{"line":368,"column":33},"end":{"line":368,"column":104}},{"start":{"line":369,"column":33},"end":{"line":371,"column":96}}],"line":367},"21":{"loc":{"start":{"line":369,"column":33},"end":{"line":371,"column":96}},"type":"cond-expr","locations":[{"start":{"line":370,"column":33},"end":{"line":370,"column":96}},{"start":{"line":371,"column":33},"end":{"line":371,"column":96}}],"line":369},"22":{"loc":{"start":{"line":403,"column":23},"end":{"line":403,"column":53}},"type":"binary-expr","locations":[{"start":{"line":403,"column":23},"end":{"line":403,"column":42}},{"start":{"line":403,"column":46},"end":{"line":403,"column":53}}],"line":403}},"s":{"0":0,"1":0,"2":0,"3":0,"4":0,"5":0,"6":0,"7":0,"8":0,"9":0,"10":0,"11":0,"12":0,"13":0,"14":0,"15":0,"16":0,"17":0,"18":0,"19":0,"20":0,"21":0,"22":0,"23":0,"24":0,"25":0,"26":0,"27":0,"28":0,"29":0,"30":0,"31":0,"32":0,"33":0,"34":0,"35":0,"36":0,"37":0,"38":0,"39":0,"40":0,"41":0,"42":0,"43":0,"44":0,"45":0,"46":0,"47":0,"48":0,"49":0,"50":0,"51":0,"52":0,"53":0,"54":0,"55":0,"56":0,"57":0,"58":0,"59":0,"60":0,"61":0,"62":0,"63":0,"64":0,"65":0,"66":0,"67":0,"68":0,"69":0,"70":0,"71":0,"72":0,"73":0,"74":0,"75":0,"76":0,"77":0,"78":0,"79":0,"80":0,"81":0,"82":0,"83":0,"84":0,"85":0,"86":0,"87":0,"88":0,"89":0,"90":0,"91":0,"92":0,"93":0},"f":{"0":0,"1":0,"2":0,"3":0,"4":0,"5":0,"6":0,"7":0,"8":0,"9":0,"10":0,"11":0,"12":0,"13":0,"14":0,"15":0,"16":0,"17":0},"b":{"0":[0,0],"1":[0,0],"2":[0,0],"3":[0,0],"4":[0,0],"5":[0,0],"6":[0,0],"7":[0,0],"8":[0,0],"9":[0,0],"10":[0,0],"11":[0,0],"12":[0,0],"13":[0,0],"14":[0,0],"15":[0,0],"16":[0,0],"17":[0,0],"18":[0,0],"19":[0,0],"20":[0,0],"21":[0,0],"22":[0,0]}}
,"/home/sahal/my/ijaa-frontend/src/pages/AdminDashboard.jsx": {"path":"/home/sahal/my/ijaa-frontend/src/pages/AdminDashboard.jsx","statementMap":{"0":{"start":{"line":14,"column":23},"end":{"line":254,"column":1}},"1":{"start":{"line":15,"column":20},"end":{"line":15,"column":34}},"2":{"start":{"line":16,"column":28},"end":{"line":20,"column":4}},"3":{"start":{"line":21,"column":32},"end":{"line":21,"column":46}},"4":{"start":{"line":22,"column":46},"end":{"line":22,"column":58}},"5":{"start":{"line":25,"column":4},"end":{"line":26,"column":45}},"6":{"start":{"line":28,"column":2},"end":{"line":32,"column":14}},"7":{"start":{"line":29,"column":4},"end":{"line":31,"column":5}},"8":{"start":{"line":30,"column":6},"end":{"line":30,"column":27}},"9":{"start":{"line":34,"column":29},"end":{"line":84,"column":3}},"10":{"start":{"line":35,"column":4},"end":{"line":83,"column":5}},"11":{"start":{"line":37,"column":6},"end":{"line":41,"column":7}},"12":{"start":{"line":38,"column":8},"end":{"line":38,"column":49}},"13":{"start":{"line":39,"column":8},"end":{"line":39,"column":56}},"14":{"start":{"line":40,"column":8},"end":{"line":40,"column":15}},"15":{"start":{"line":43,"column":23},"end":{"line":48,"column":8}},"16":{"start":{"line":50,"column":6},"end":{"line":56,"column":7}},"17":{"start":{"line":51,"column":8},"end":{"line":54,"column":9}},"18":{"start":{"line":52,"column":10},"end":{"line":52,"column":62}},"19":{"start":{"line":53,"column":10},"end":{"line":53,"column":17}},"20":{"start":{"line":55,"column":8},"end":{"line":55,"column":78}},"21":{"start":{"line":58,"column":19},"end":{"line":58,"column":40}},"22":{"start":{"line":61,"column":6},"end":{"line":70,"column":7}},"23":{"start":{"line":62,"column":8},"end":{"line":62,"column":28}},"24":{"start":{"line":64,"column":8},"end":{"line":64,"column":57}},"25":{"start":{"line":65,"column":8},"end":{"line":69,"column":11}},"26":{"start":{"line":72,"column":6},"end":{"line":72,"column":47}},"27":{"start":{"line":73,"column":6},"end":{"line":73,"column":51}},"28":{"start":{"line":76,"column":6},"end":{"line":80,"column":9}},"29":{"start":{"line":82,"column":6},"end":{"line":82,"column":24}},"30":{"start":{"line":86,"column":20},"end":{"line":109,"column":3}},"31":{"start":{"line":112,"column":2},"end":{"line":123,"column":3}},"32":{"start":{"line":113,"column":4},"end":{"line":122,"column":6}},"33":{"start":{"line":125,"column":2},"end":{"line":133,"column":3}},"34":{"start":{"line":126,"column":4},"end":{"line":132,"column":6}},"35":{"start":{"line":135,"column":2},"end":{"line":253,"column":4}},"36":{"start":{"line":151,"column":25},"end":{"line":151,"column":34}},"37":{"start":{"line":152,"column":12},"end":{"line":173,"column":14}},"38":{"start":{"line":197,"column":20},"end":{"line":212,"column":26}}},"fnMap":{"0":{"name":"(anonymous_0)","decl":{"start":{"line":14,"column":23},"end":{"line":14,"column":24}},"loc":{"start":{"line":14,"column":29},"end":{"line":254,"column":1}},"line":14},"1":{"name":"(anonymous_1)","decl":{"start":{"line":28,"column":12},"end":{"line":28,"column":13}},"loc":{"start":{"line":28,"column":18},"end":{"line":32,"column":3}},"line":28},"2":{"name":"(anonymous_2)","decl":{"start":{"line":34,"column":29},"end":{"line":34,"column":30}},"loc":{"start":{"line":34,"column":41},"end":{"line":84,"column":3}},"line":34},"3":{"name":"(anonymous_3)","decl":{"start":{"line":150,"column":25},"end":{"line":150,"column":26}},"loc":{"start":{"line":150,"column":42},"end":{"line":174,"column":11}},"line":150},"4":{"name":"(anonymous_4)","decl":{"start":{"line":196,"column":38},"end":{"line":196,"column":39}},"loc":{"start":{"line":197,"column":20},"end":{"line":212,"column":26}},"line":197}},"branchMap":{"0":{"loc":{"start":{"line":25,"column":4},"end":{"line":26,"column":45}},"type":"binary-expr","locations":[{"start":{"line":25,"column":4},"end":{"line":25,"column":39}},{"start":{"line":26,"column":4},"end":{"line":26,"column":45}}],"line":25},"1":{"loc":{"start":{"line":29,"column":4},"end":{"line":31,"column":5}},"type":"if","locations":[{"start":{"line":29,"column":4},"end":{"line":31,"column":5}},{"start":{},"end":{}}],"line":29},"2":{"loc":{"start":{"line":29,"column":8},"end":{"line":29,"column":28}},"type":"binary-expr","locations":[{"start":{"line":29,"column":8},"end":{"line":29,"column":13}},{"start":{"line":29,"column":17},"end":{"line":29,"column":28}}],"line":29},"3":{"loc":{"start":{"line":37,"column":6},"end":{"line":41,"column":7}},"type":"if","locations":[{"start":{"line":37,"column":6},"end":{"line":41,"column":7}},{"start":{},"end":{}}],"line":37},"4":{"loc":{"start":{"line":37,"column":10},"end":{"line":37,"column":32}},"type":"binary-expr","locations":[{"start":{"line":37,"column":10},"end":{"line":37,"column":16}},{"start":{"line":37,"column":20},"end":{"line":37,"column":32}}],"line":37},"5":{"loc":{"start":{"line":50,"column":6},"end":{"line":56,"column":7}},"type":"if","locations":[{"start":{"line":50,"column":6},"end":{"line":56,"column":7}},{"start":{},"end":{}}],"line":50},"6":{"loc":{"start":{"line":51,"column":8},"end":{"line":54,"column":9}},"type":"if","locations":[{"start"
[...]
"start":{"line":24,"column":25},"end":{"line":24,"column":50}},"12":{"start":{"line":25,"column":35},"end":{"line":25,"column":60}},"13":{"start":{"line":26,"column":36},"end":{"line":26,"column":61}},"14":{"start":{"line":27,"column":30},"end":{"line":27,"column":55}},"15":{"start":{"line":30,"column":35},"end":{"line":30,"column":88}},"16":{"start":{"line":33,"column":21},"end":{"line":33,"column":46}},"17":{"start":{"line":34,"column":20},"end":{"line":34,"column":44}},"18":{"start":{"line":38,"column":33},"end":{"line":43,"column":1}},"19":{"start":{"line":46,"column":30},"end":{"line":77,"column":1}},"20":{"start":{"line":51,"column":24},"end":{"line":51,"column":50}},"21":{"start":{"line":57,"column":24},"end":{"line":57,"column":57}},"22":{"start":{"line":63,"column":24},"end":{"line":63,"column":65}},"23":{"start":{"line":69,"column":24},"end":{"line":69,"column":59}},"24":{"start":{"line":75,"column":24},"end":{"line":75,"column":64}}},"fnMap":{"0":{"name":"(anonymous_0)","decl":{"start":{"line":7,"column":34},"end":{"line":7,"column":35}},"loc":{"start":{"line":7,"column":44},"end":{"line":16,"column":1}},"line":7},"1":{"name":"(anonymous_1)","decl":{"start":{"line":21,"column":18},"end":{"line":21,"column":19}},"loc":{"start":{"line":21,"column":28},"end":{"line":21,"column":53}},"line":21},"2":{"name":"(anonymous_2)","decl":{"start":{"line":22,"column":19},"end":{"line":22,"column":20}},"loc":{"start":{"line":22,"column":29},"end":{"line":22,"column":54}},"line":22},"3":{"name":"(anonymous_3)","decl":{"start":{"line":23,"column":20},"end":{"line":23,"column":21}},"loc":{"start":{"line":23,"column":30},"end":{"line":23,"column":55}},"line":23},"4":{"name":"(anonymous_4)","decl":{"start":{"line":24,"column":15},"end":{"line":24,"column":16}},"loc":{"start":{"line":24,"column":25},"end":{"line":24,"column":50}},"line":24},"5":{"name":"(anonymous_5)","decl":{"start":{"line":25,"column":25},"end":{"line":25,"column":26}},"loc":{"start":{"line":25,"column":35},"end":{"line":25,"column":60}},"line":25},"6":{"name":"(anonymous_6)","decl":{"start":{"line":26,"column":26},"end":{"line":26,"column":27}},"loc":{"start":{"line":26,"column":36},"end":{"line":26,"column":61}},"line":26},"7":{"name":"(anonymous_7)","decl":{"start":{"line":27,"column":20},"end":{"line":27,"column":21}},"loc":{"start":{"line":27,"column":30},"end":{"line":27,"column":55}},"line":27},"8":{"name":"(anonymous_8)","decl":{"start":{"line":30,"column":25},"end":{"line":30,"column":26}},"loc":{"start":{"line":30,"column":35},"end":{"line":30,"column":88}},"line":30},"9":{"name":"(anonymous_9)","decl":{"start":{"line":33,"column":11},"end":{"line":33,"column":12}},"loc":{"start":{"line":33,"column":21},"end":{"line":33,"column":46}},"line":33},"10":{"name":"(anonymous_10)","decl":{"start":{"line":34,"column":10},"end":{"line":34,"column":11}},"loc":{"start":{"line":34,"column":20},"end":{"line":34,"column":44}},"line":34},"11":{"name":"(anonymous_11)","decl":{"start":{"line":51,"column":13},"end":{"line":51,"column":14}},"loc":{"start":{"line":51,"column":24},"end":{"line":51,"column":50}},"line":51},"12":{"name":"(anonymous_12)","decl":{"start":{"line":57,"column":13},"end":{"line":57,"column":14}},"loc":{"start":{"line":57,"column":24},"end":{"line":57,"column":57}},"line":57},"13":{"name":"(anonymous_13)","decl":{"start":{"line":63,"column":13},"end":{"line":63,"column":14}},"loc":{"start":{"line":63,"column":24},"end":{"line":63,"column":65}},"line":63},"14":{"name":"(anonymous_14)","decl":{"start":{"line":69,"column":13},"end":{"line":69,"column":14}},"loc":{"start":{"line":69,"column":24},"end":{"line":69,"column":59}},"line":69},"15":{"name":"(anonymous_15)","decl":{"start":{"line":75,"column":13},"end":{"line":75,"column":14}},"loc":{"start":{"line":75,"column":24},"end":{"line":75,"column":64}},"line":75}},"branchMap":{"0":{"loc":{"start":{"line":8,"column":2},"end":{"line":15,"column":3}},"type":"switch","locations":[{"start":{"line":9,"column":4},"end":{"line":10,"column":29}},{"start":{"line":11,"column":4},"end":{"line":12,"column":20}},{"start":{"line":13,"column":4},"end":{"line":14,"column":20}}],"line":8},"1":{"loc":{"start":{"line":30,"column":35},"end":{"line":30,"column":88}},"type":"binary-expr","locations":[{"start":{"line":30,"column":35},"end":{"line":30,"column":59}},{"start":{"line":30,"column":63},"end":{"line":30,"column":88}}],"line":30}},"s":{"0":5,"1":5,"2":5,"3":11,"4":4,"5":1,"6":6,"7":5,"8":0,"9":0,"10":0,"11":0,"12":0,"13":0,"14":0,"15":0,"16":0,"17":0,"18":5,"19":5,"20":0,"21":0,"22":0,"23":0,"24":0},"f":{"0":11,"1":0,"2":0,"3":0,"4":0,"5":0,"6":0,"7":0,"8":0,"9":0,"10":0,"11":0,"12":0,"13":0,"14":0,"15":0},"b":{"0":[4,1,6],"1":[0,0]},"_coverageSchema":"1a1c01bbd47fc00a2c39e90264f33305004495a9","hash":"ae3d007f6dd59574cb62f9b630a126a140a5e761"}
,"/home/sahal/my/ijaa-frontend/src/utils/sessionManager.js": {"path":"/home/sahal/my/ijaa-frontend/src/utils/sessionManager.js","statementMap":{"0":{"start":{"line":4,"column":4},"end":{"line":4,"column":33}},"1":{"start":{"line":5,"column":4},"end":{"line":5,"column":33}},"2":{"start":{"line":6,"column":4},"end":{"line":6,"column":41}},"3":{"start":{"line":11,"column":4},"end":{"line":11,"column":53}},"4":{"start":{"line":16,"column":4},"end":{"line":16,"column":52}},"5":{"start":{"line":21,"column":4},"end":{"line":21,"column":43}},"6":{"start":{"line":22,"column":4},"end":{"line":22,"column":44}},"7":{"start":{"line":27,"column":4},"end":{"line":33,"column":5}},"8":{"start":{"line":28,"column":23},"end":{"line":28,"column":57}},"9":{"start":{"line":29,"column":6},"end":{"line":29,"column":52}},"10":{"start":{"line":31,"column":6},"end":{"line":31,"column":55}},"11":{"start":{"line":32,"column":6},"end":{"line":32,"column":18}},"12":{"start":{"line":38,"column":4},"end":{"line":44,"column":5}},"13":{"start":{"line":39,"column":24},"end":{"line":39,"column":59}},"14":{"start":{"line":40,"column":6},"end":{"line":40,"column":54}},"15":{"start":{"line":42,"column":6},"end":{"line":42,"column":56}},"16":{"start":{"line":43,"column":6},"end":{"line":43,"column":18}},"17":{"start":{"line":49,"column":4},"end":{"line":49,"column":65}},"18":{"start":{"line":50,"column":4},"end":{"line":50,"column":32}},"19":{"start":{"line":52,"column":4},"end":{"line":52,"column":43}},"20":{"start":{"line":57,"column":4},"end":{"line":57,"column":67}},"21":{"start":{"line":58,"column":4},"end":{"line":58,"column":33}},"22":{"start":{"line":60,"column":4},"end":{"line":60,"column":42}},"23":{"start":{"line":65,"column":4},"end":{"line":65,"column":42}},"24":{"start":{"line":66,"column":4},"end":{"line":68,"column":5}},"25":{"start":{"line":67,"column":6},"end":{"line":67,"column":51}},"26":{"start":{"line":73,"column":4},"end":{"line":73,"column":43}},"27":{"start":{"line":74,"column":4},"end":{"line":76,"column":5}},"28":{"start":{"line":75,"column":6},"end":{"line":75,"column":51}},"29":{"start":{"line":81,"column":4},"end":{"line":81,"column":42}},"30":{"start":{"line":82,"column":4},"end":{"line":82,"column":43}},"31":{"start":{"line":83,"column":4},"end":{"line":83,"column":49}},"32":{"start":{"line":85,"column":4},"end":{"line":85,"column":43}},"33":{"start":{"line":86,"column":4},"end":{"line":86,"column":44}},"34":{"start":{"line":91,"column":24},"end":{"line":91,"column":45}},"35":{"start":{"line":92,"column":4},"end":{"line":98,"column":5}},"36":{"start":{"line":93,"column":19},"end":{"line":93,"column":33}},"37":{"start":{"line":94,"column":6},"end":{"line":94,"column":92}},"38":{"start":{"line":95,"column":11},"end":{"line":98,"column":5}},"39":{"start":{"line":96,"column":20},"end":{"line":96,"column":35}},"40":{"start":{"line":97,"column":6},"end":{"line":97,"column":96}},"41":{"start":{"line":99,"column":4},"end":{"line":99,"column":38}},"42":{"start":{"line":104,"column":4},"end":{"line":107,"column":5}},"43":{"start":{"line":105,"column":19},"end":{"line":105,"column":33}},"44":{"start":{"line":106,"column":6},"end":{"line":106,"column":70}},"45":{"start":{"line":108,"column":4},"end":{"line":108,"column":16}},"46":{"start":{"line":113,"column":4},"end":{"line":116,"column":5}},"47":{"start":{"line":114,"column":20},"end":{"line":114,"column":35}},"48":{"start":{"line":115,"column":6},"end":{"line":115,"column":74}},"49":{"start":{"line":117,"column":4},"end":{"line":117,"column":16}},"50":{"start":{"line":122,"column":17},"end":{"line":122,"column":31}},"51":{"start":{"line":123,"column":4},"end":{"line":123,"column":66}},"52":{"start":{"line":128,"column":18},"end":{"line":128,"column":33}},"53":{"start":{"line":129,"column":4},"end":{"line":129,"column":69}},"54":{"start":{"line":134,"column":27},"end":{"line":134,"column":51}},"55":{"start":{"line":136,"column":4},"end":{"line":143,"column":5}},"56":{"start":{"line":138,"column":6},"end":{"line":142,"column":7}},"57":{"start":{"line":139,"column":8},"end":{"line":139,"column":26}},"58":{"start":{"line":140,"column":13},"end":{"line":142,"column":7}},"59":{"start":{"line":141,"column":8},"end":{"line":141,"column":25}},"60":{"start":{"line":148,"column":32},"end":{"line":153,"column":5}},"61":{"start":{"line":149,"column":6},"end":{"line":152,"column":7}},"62":{"start":{"line":151,"column":8},"end":{"line":151,"column":43}},"63":{"start":{"line":155,"column":4},"end":{"line":155,"column":60}},"64":{"start":{"line":156,"column":4},"end":{"line":156,"column":76}},"65":{"start":{"line":156,"column":17},"end":{"line":156,"column":75}},"66":{"start":{"line":161,"column":23},"end":{"line":161,"column":43}}},"fnMap":{"0":{"name":"(anonymous_0)","decl":{"start":{"line":3,"column":2},"end":{"line":3,"column":3}},"loc":{"start":{"line":3,"column":16},"end":{"line":7,"column":3}},"line":3},"1":{"name":"(anonymous_1)","decl":{"start":{"line":10,"column":2},"end":{"line":10,"column":3}},"loc":{"start":{"line":10,"column":19},"end":{"line":12,"column":3}},"line":10},"2":{"name":"(anonymous_2)","decl":{"start":{"line":15,"column":2},"end":{"line":15,"column":3}},"loc":{"start":{"line":15,"column":23},"end":{"line":17,"column":3}},"line":15},"3":{"name":"(anonymous_3)","decl":{"start":{"line":20,"column":2},"end":{"line":20,"column":3}},"loc":{"start":{"line":20,"column":24},"end":{"line":23,"column":3}},"line":20},"4":{"name":"(anonymous_4)","decl":{"start":{"line":26,"column":2},"end":{"line":26,"column":3}},"loc":{"start":{"line":26,"column":12},"end":{"line":34,"column":3}},"line":26},"5":{"name":"(anonymous_5)","decl":{"start":{"line":37,"column":2},"end":{"line":37,"column":3}},"loc":{"start":{"line":37,"column":13},"end":{"line":45,"column":3}},"line":37},"6":{"name":"(anonymous_6)","decl":{"start":{"line":48,"column":2},"end":{"line":48,"column":3}},"loc":{"start":{"line":48,"column":20},"end":{"line":53,"column":3}},"line":48},"7":{"name":"(anonymous_7)","decl":{"start":{"line":56,"column":2},"end":{"line":56,"column":3}},"loc":{"start":{"line":56,"column":22},"end":{"line":61,"column":3}},"line":56},"8":{"name":"(anonymous_8)","decl":{"start":{"line":64,"column":2},"end":{"line":64,"column":3}},"loc":{"start":{"line":64,"column":14},"end":{"line":69,"column":3}},"line":64},"9":{"name":"(anonymous_9)","decl":{"start":{"line":72,"column":2},"end":{"line":72,"column":3}},"loc":{"start":{"line":72,"column":15},"end":{"line":77,"column":3}},"line":72},"10":{"name":"(anonymous_10)","decl":{"start":{"line":80,"column":2},"end":{"line":80,"column":3}},"loc":{"start":{"line":80,"column":13},"end":{"line":87,"column":3}},"line":80},"11":{"name":"(anonymous_11)","decl":{"start":{"line":90,"column":2},"end":{"line":90,"column":3}},"loc":{"start":{"line":90,"column":22},"end":{"line":100,"column":3}},"line":90},"12":{"name":"(anonymous_12)","decl":{"start":{"line":103,"column":2},"end":{"line":103,"column":3}},"loc":{"start":{"line":103,"column":19},"end":{"line":109,"column":3}},"line":103},"13":{"name":"(anonymous_13)","decl":{"start":{"line":112,"column":2},"end":{"line":112,"column":3}},"loc":{"start":{"line":112,"column":20},"end":{"line":118,"column":3}},"line":112},"14":{"name":"(anonymous_14)","decl":{"start":{"line":121,"column":2},"end":{"line":121,"column":3}},"loc":{"start":{"line":121,"column":19},"end":{"line":124,"column":3}},"line":121},"15":{"name":"(anonymous_15)","decl":{"start":{"line":127,"column":2},"end":{"line":127,"column":3}},"loc":{"start":{"line":127,"column":20},"end":{"line":130,"column":3}},"line":127},"16":{"name":"(anonymous_16)","decl":{"start":{"line":133,"column":2},"end":{"line":133,"column":3}},"loc":{"start":{"line":133,"column":33},"end":{"line":144,"column":3}},"line":133},"17":{"name":"(anonymous_17)","decl":{"start":{"line":147,"column":2},"end":{"line":147,"column":3}},"loc":{"start":{"line":147,"column":28},"end":{"line":157,"column":3}},"line":147},"18":{"name":"(anonymous_18)","decl":{"start":{"line":148,"column":32},"end":{"line":148,"column":33}},"loc":{"start":{"line":148,"column":43},"end":{"line":153,"column":5}},"line":148},"19":{"name":"(anonymous_19)","decl":{"start":{"line":156,"column":11},"end":{"line":156,"column":12}},"loc":{"start":{"line":156,"column":17},"end":{"line":156,"column":75}},"line":156}},"branchMap":{"0":{"loc":{"start":{"line":29,"column":13},"end":{"line":29,"column":51}},"type":"cond-expr","locations":[{"start":{"line":29,"column":24},"end":{"line":29,"column":44}},{"start":{"line":29,"column":47},"end":{"line":29,"column":51}}],"line":29},"1":{"loc":{"start":{"line":40,"column":13},"end":{"line":40,"column":53}},"type":"cond-expr","locations":[{"start":{"line":40,"column":25},"end":{"line":40,"column":46}},{"start":{"line":40,"column":49},"end":{"line":40,"column":53}}],"line":40},"2":{"loc":{"start":{"line":66,"column":4},"end":{"line":68,"column":5}},"type":"if","locations":[{"start":{"line":66,"column":4},"end":{"line":68,"column":5}},{"start":{},"end":{}}],"line":66},"3":{"loc":{"start":{"line":74,"column":4},"end":{"line":76,"column":5}},"type":"if","locations":[{"start":{"line":74,"column":4},"end":{"line":76,"column":5}},{"start":{},"end":{}}],"line":74},"4":{"loc":{"start":{"line":92,"column":4},"end":{"line":98,"column":5}},"type":"if","locations":[{"start":{"line":92,"column":4},"end":{"line":98,"column":5}},{"start":{"line":95,"column":11},"end":{"line":98,"column":5}}],"line":92},"5":{"loc":{"start":{"line":94,"column":13},"end":{"line":94,"column":91}},"type":"cond-expr","locations":[{"start":{"line":94,"column":34},"end":{"line":94,"column":62}},{"start":{"line":94,"column":65},"end":{"line":94,"column":91}}],"line":94},"6":{"loc":{"start":{"line":94,"column":13},"end":{"line":94,"column":31}},"type":"binary-expr","locations":[{"start":{"line":94,"column":13},"end":{"line":94,"column":17}},{"start":{"line":94,"column":21},"end":{"line":94,"column":31}}],"line":94},"7":{"loc":{"start":{"line":95,"column":11},"end":{"line":98,"column":5}},"type":"if","locations":[{"start":{"line":95,"column":11},"end":{"line":98,"column":5}},{"start":{},"end":{}}],"line":95},"8":{"loc":{"start":{"line":97,"column":13},"end":{"line":97,"column":95}},"type":"cond-expr","locations":[{"start":{"line":97,"column":36},"end":{"line":97,"column":66}},{"start":{"line":97,"column":69},"end":{"line":97,"column":95}}],"line":97},"9":{"loc":{"start":{"line":97,"column":13},"end":{"line":97,"column":33}},"type":"binary-expr","locations":[{"start":{"line":97,"column":13},"end":{"line":97,"column":18}},{"start":{"line":97,"column":22},"end":{"line":97,"column":33}}],"line":97},"10":{"loc":{"start":{"line":104,"column":4},"end":{"line":107,"column":5}},"type":"if","locations":[{"start":{"line":104,"column":4},"end":{"line":107,"column":5}},{"start":{},"end":{}}],"line":104},"11":{"loc":{"start":{"line":106,"column":13},"end":{"line":106,"column":69}},"type":"cond-expr","locations":[{"start":{"line":106,"column":34},"end":{"line":106,"column":62}},{"start":{"line":106,"column":65},"end":{"line":106,"column":69}}],"line":106},"12":{"loc":{"start":{"line":106,"column":13},"end":{"line":106,"column":31}},"type":"binary-expr","locations":[{"start":{"line":106,"column":13},"end":{"line":106,"column":17}},{"start":{"line":106,"column":21},"end":{"line":106,"column":31}}],"line":106},"13":{"loc":{"start":{"line":113,"column":4},"end":{"line":116,"column":5}},"type":"if","locations":[{"start":{"line":113,"column":4},"end":{"line":116,"column":5}},{"start":{},"end":{}}],"line":113},"14":{"loc":{"start":{"line":115,"column":13},"end":{"line":115,"column":73}},"type":"cond-expr","locations":[{"start":{"line":115,"column":36},"end":{"line":115,"column":66}},{"start":{"line":115,"column":69},"end":{"line":115,"column":73}}],"line":115},"15":{"loc":{"start":{"line":115,"column":13},"end":{"line":115,"column":33}},"type":"binary-expr","locations":[{"start":{"line":115,"column":13},"end":{"line":115,"column":18}},{"start":{"line":115,"column":22},"end":{"line":115,"column":33}}],"line":115},"16":{"loc":{"start":{"line":123,"column":11},"end":{"line":123,"column":65}},"type":"binary-expr","locations":[{"start":{"line":123,"column":11},"end":{"line":123,"column":15}},{"start":{"line":123,"column":19},"end":{"line":123,"column":29}},{"start":{"line":123,"column":33},"end":{"line":123,"column":65}}],"line":123},"17":{"loc":{"start":{"line":129,"column":11},"end":{"line":129,"column":68}},"type":"binary-expr","locations":[{"start":{"line":129,"column":11},"end":{"line":129,"column":16}},{"start":{"line":129,"column":20},"end":{"line":129,"column":31}},{"start":{"line":129,"column":35},"end":{"line":129,"column":68}}],"line":129},"18":{"loc":{"start":{"line":136,"column":4},"end":{"line":143,"column":5}},"type":"if","locations":[{"start":{"line":136,"column":4},"end":{"line":143,"column":5}},{"start":{},"end":{}}],"line":136},"19":{"loc":{"start":{"line":136,"column":8},"end":{"line":136,"column":62}},"type":"binary-expr","locations":[{"start":{"line":136,"column":8},"end":{"line":136,"column":27}},{"start":{"line":136,"column":31},"end":{"line":136,"column":62}}],"line":136},"20":{"loc":{"start":{"line":138,"column":6},"end":{"line":142,"column":7}},"type":"if","locations":[{"start":{"line":138,"column":6},"end":{"line":142,"column":7}},{"start":{"line":140,"column":13},"end":{"line":142,"column":7}}],"line":138},"21":{"loc":{"start":{"line":140,"column":13},"end":{"line":142,"column":7}},"type":"if","locations":[{"start":{"line":140,"column":13},"end":{"line":142,"column":7}},{"start":{},"end":{}}],"line":140},"22":{"loc":{"start":{"line":149,"column":6},"end":{"line":152,"column":7}},"type":"if","locations":[{"start":{"line":149,"column":6},"end":{"line":152,"column":7}},{"start":{},"end":{}}],"line":149},"23":{"loc":{"start":{"line":149,"column":10},"end":{"line":150,"column":43}},"type":"binary-expr","locations":[{"start":{"line":149,"column":10},"end":{"line":149,"column":36}},{"start":{"line":149,"column":40},"end":{"line":149,"column":67}},{"start":{"line":150,"column":10},"end":{"line":150,"column":43}}],"line":149}},"s":{"0":7,"1":7,"2":7,"3":83,"4":0,"5":83,"6":83,"7":0,"8":0,"9":0,"10":0,"11":0,"12":0,"13":0,"14":0,"15":0,"16":0,"17":0,"18":0,"19":0,"20":0,"21":0,"22":0,"23":0,"24":0,"25":0,"26":0,"27":0,"28":0,"29":0,"30":0,"31":0,"32":0,"33":0,"34":0,"35":0,"36":0,"37":0,"38":0,"39":0,"40":0,"41":0,"42":48,"43":0,"44":0,"45":48,"46":35,"47":0,"48":0,"49":35,"50":0,"51":0,"52":0,"53":0,"54":0,"55":0,"56":0,"57":0,"58":0,"59":0,"60":83,"61":0,"62":0,"63":83,"64":83,"65":83,"66":7},"f":{"0":7,"1":83,"2":0,"3":83,"4":0,"5":0,"6":0,"7":0,"8":0,"9":0,"10":0,"11":0,"12":48,"13":35,"14":0,"15":0,"16":0,"17":83,"18":0,"19":83},"b":{"0":[0,0],"1":[0,0],"2":[0,0],"3":[0,0],"4":[0,0],"5":[0,0],"6":[0,0],"7":[0,0],"8":[0,0],"9":[0,0],"10":[0,48],"11":[0,0],"12":[0,0],"13":[0,35],"14":[0,0],"15":[0,0],"16":[0,0,0],"17":[0,0,0],"18":[0,0],"19":[0,0],"20":[0,0],"21":[0,0],"22":[0,0],"23":[0,0,0]},"_coverageSchema":"1a1c01bbd47fc00a2c39e90264f33305004495a9","hash":"a3152350fdc92fcdec745715ff4a1479081907aa"}
}
