TN:
SF:src/App.jsx
FN:38,AppRoutes
FN:210,App
FNF:2
FNH:0
FNDA:0,AppRoutes
FNDA:0,App
DA:39,0
DA:40,0
DA:41,0
DA:43,0
DA:44,0
DA:51,0
DA:211,0
LF:7
LH:0
BRDA:43,0,0,0
BRDA:43,0,1,0
BRDA:43,1,0,0
BRDA:43,1,1,0
BRDA:54,2,0,0
BRDA:54,2,1,0
BRDA:54,2,2,0
BRDA:54,2,3,0
BRDA:60,3,0,0
BRDA:60,3,1,0
BRDA:106,4,0,0
BRDA:106,4,1,0
BRDA:110,5,0,0
BRDA:110,5,1,0
BRDA:114,6,0,0
BRDA:114,6,1,0
BRDA:118,7,0,0
BRDA:118,7,1,0
BRDA:122,8,0,0
BRDA:122,8,1,0
BRF:20
BRH:0
end_of_record
TN:
SF:src/index.jsx
FNF:0
FNH:0
DA:7,0
LF:1
LH:0
BRF:0
BRH:0
end_of_record
TN:
SF:src/components/AdminLayout.jsx
FN:4,(anonymous_0)
FNF:1
FNH:0
FNDA:0,(anonymous_0)
DA:4,0
DA:5,0
LF:2
LH:0
BRF:0
BRH:0
end_of_record
TN:
SF:src/components/AdminRoute.jsx
FN:7,(anonymous_0)
FNF:1
FNH:0
FNDA:0,(anonymous_0)
DA:7,1
DA:8,0
DA:9,0
DA:12,0
DA:13,0
DA:21,0
DA:22,0
DA:26,0
DA:27,0
DA:28,0
DA:32,0
DA:33,0
DA:34,0
DA:38,0
LF:14
LH:1
BRDA:7,0,0,0
BRDA:12,1,0,0
BRDA:12,1,1,0
BRDA:21,2,0,0
BRDA:21,2,1,0
BRDA:26,3,0,0
BRDA:26,3,1,0
BRDA:32,4,0,0
BRDA:32,4,1,0
BRDA:32,5,0,0
BRDA:32,5,1,0
BRF:11
BRH:0
end_of_record
TN:
SF:src/components/AdminSidebar.jsx
FN:18,(anonymous_0)
FN:35,(anonymous_1)
FN:36,(anonymous_2)
FN:42,(anonymous_3)
FN:47,(anonymous_4)
FN:54,(anonymous_5)
FN:78,(anonymous_6)
FN:87,(anonymous_7)
FN:93,(anonymous_8)
FN:130,(anonymous_9)
FNF:10
FNH:0
FNDA:0,(anonymous_0)
FNDA:0,(anonymous_1)
FNDA:0,(anonymous_2)
FNDA:0,(anonymous_3)
FNDA:0,(anonymous_4)
FNDA:0,(anonymous_5)
FNDA:0,(anonymous_6)
FNDA:0,(anonymous_7)
FNDA:0,(anonymous_8)
FNDA:0,(anonymous_9)
DA:18,0
DA:19,0
DA:20,0
DA:21,0
DA:22,0
DA:25,0
DA:34,0
DA:35,0
DA:36,0
DA:42,0
DA:43,0
DA:44,0
DA:47,0
DA:49,0
DA:54,0
DA:78,0
DA:88,0
DA:89,0
DA:93,0
DA:130,0
LF:20
LH:0
BRDA:39,0,0,0
BRDA:39,0,1,0
BRDA:57,1,0,0
BRDA:57,1,1,0
BRDA:68,2,0,0
BRDA:68,2,1,0
BRDA:95,3,0,0
BRDA:95,3,1,0
BRDA:102,4,0,0
BRDA:102,4,1,0
BRDA:127,5,0,0
BRDA:127,5,1,0
BRF:12
BRH:0
end_of_record
TN:
SF:src/components/Navbar.jsx
FN:19,(anonymous_0)
FN:27,(anonymous_1)
FN:61,(anonymous_2)
FN:108,(anonymous_3)
FN:126,(anonymous_4)
FN:134,(anonymous_5)
FN:142,(anonymous_6)
FN:150,(anonymous_7)
FN:169,(anonymous_8)
FN:186,(anonymous_9)
FN:192,(anonymous_10)
FNF:11
FNH:0
FNDA:0,(anonymous_0)
FNDA:0,(anonymous_1)
FNDA:0,(anonymous_2)
FNDA:0,(anonymous_3)
FNDA:0,(anonymous_4)
FNDA:0,(anonymous_5)
FNDA:0,(anonymous_6)
FNDA:0,(anonymous_7)
FNDA:0,(anonymous_8)
FNDA:0,(anonymous_9)
FNDA:0,(anonymous_10)
DA:19,0
DA:20,0
DA:21,0
DA:22,0
DA:23,0
DA:24,0
DA:25,0
DA:27,0
DA:28,0
DA:29,0
DA:32,0
DA:38,0
DA:62,0
DA:63,0
DA:108,0
DA:126,0
DA:134,0
DA:142,0
DA:150,0
DA:169,0
DA:187,0
DA:188,0
DA:192,0
LF:23
LH:0
BRDA:68,0,0,0
BRDA:68,0,1,0
BRDA:87,1,0,0
BRDA:87,1,1,0
BRDA:112,2,0,0
BRDA:112,2,1,0
BRDA:121,3,0,0
BRDA:121,3,1,0
BRDA:172,4,0,0
BRDA:172,4,1,0
BRDA:183,5,0,0
BRDA:183,5,1,0
BRDA:194,6,0,0
BRDA:194,6,1,0
BRF:14
BRH:0
end_of_record
TN:
SF:src/components/ProtectedRoute.jsx
FN:5,(anonymous_0)
FNF:1
FNH:0
FNDA:0,(anonymous_0)
DA:5,1
DA:6,0
DA:7,0
DA:10,0
DA:11,0
DA:19,0
DA:20,0
DA:24,0
LF:8
LH:1
BRDA:10,0,0,0
BRDA:10,0,1,0
BRDA:19,1,0,0
BRDA:19,1,1,0
BRF:4
BRH:0
end_of_record
TN:
SF:src/components/RoleBadge.jsx
FN:4,(anonymous_0)
FN:5,(anonymous_1)
FNF:2
FNH:2
FNDA:11,(anonymous_0)
FNDA:11,(anonymous_1)
DA:4,1
DA:5,11
DA:6,11
DA:8,4
DA:10,1
DA:12,6
DA:16,11
LF:7
LH:7
BRDA:4,0,0,10
BRDA:6,1,0,4
BRDA:6,1,1,1
BRDA:6,1,2,6
BRF:4
BRH:4
end_of_record
TN:
SF:src/context/AdminAuthContext.jsx
FN:7,(anonymous_0)
FN:15,(anonymous_1)
FN:24,(anonymous_2)
FN:50,(anonymous_3)
FN:59,(anonymous_4)
FN:64,(anonymous_5)
FN:113,(anonymous_6)
FNF:7
FNH:3
FNDA:0,(anonymous_0)
FNDA:36,(anonymous_1)
FNDA:35,(anonymous_2)
FNDA:0,(anonymous_3)
FNDA:35,(anonymous_4)
FNDA:0,(anonymous_5)
FNDA:0,(anonymous_6)
DA:5,5
DA:7,5
DA:8,0
DA:9,0
DA:10,0
DA:12,0
DA:15,5
DA:16,36
DA:17,36
DA:21,36
DA:24,36
DA:26,35
DA:28,35
DA:30,35
DA:31,35
DA:32,0
DA:34,0
DA:35,0
DA:38,0
DA:42,0
DA:44,0
DA:46,35
DA:50,35
DA:51,0
DA:52,0
DA:54,0
DA:59,35
DA:60,35
DA:64,36
DA:65,0
DA:66,0
DA:77,0
DA:79,0
DA:80,0
DA:84,0
DA:94,0
DA:95,0
DA:99,0
DA:100,0
DA:104,0
DA:105,0
DA:106,0
DA:107,0
DA:109,0
DA:113,36
DA:114,0
DA:115,0
DA:118,36
DA:125,36
LF:49
LH:19
BRDA:9,0,0,0
BRDA:9,0,1,0
BRDA:21,1,0,36
BRDA:21,1,1,0
BRDA:31,2,0,0
BRDA:31,2,1,35
BRDA:34,3,0,0
BRDA:34,3,1,0
BRDA:34,4,0,0
BRDA:34,4,1,0
BRDA:34,4,2,0
BRDA:51,5,0,0
BRDA:51,5,1,0
BRDA:79,6,0,0
BRDA:79,6,1,0
BRDA:80,7,0,0
BRDA:80,7,1,0
BRDA:89,8,0,0
BRDA:89,8,1,0
BRDA:94,9,0,0
BRDA:94,9,1,0
BRDA:94,10,0,0
BRDA:94,10,1,0
BRDA:99,11,0,0
BRDA:99,11,1,0
BRDA:109,12,0,0
BRDA:109,12,1,0
BRF:27
BRH:2
end_of_record
TN:
SF:src/context/AuthContext.jsx
FN:7,(anonymous_0)
FN:15,(anonymous_1)
FN:25,(anonymous_2)
FN:40,(anonymous_3)
FN:41,(anonymous_4)
FN:73,(anonymous_5)
FN:82,(anonymous_6)
FN:89,(anonymous_7)
FN:95,(anonymous_8)
FN:135,(anonymous_9)
FN:182,(anonymous_10)
FNF:11
FNH:6
FNDA:13,(anonymous_0)
FNDA:49,(anonymous_1)
FNDA:0,(anonymous_2)
FNDA:48,(anonymous_3)
FNDA:48,(anonymous_4)
FNDA:0,(anonymous_5)
FNDA:48,(anonymous_6)
FNDA:49,(anonymous_7)
FNDA:0,(anonymous_8)
FNDA:0,(anonymous_9)
FNDA:0,(anonymous_10)
DA:5,5
DA:7,5
DA:8,13
DA:9,13
DA:10,0
DA:12,13
DA:15,5
DA:16,49
DA:17,49
DA:21,49
DA:25,49
DA:26,0
DA:29,0
DA:32,0
DA:33,0
DA:40,49
DA:41,48
DA:42,48
DA:44,48
DA:47,48
DA:48,48
DA:49,0
DA:51,0
DA:52,0
DA:55,0
DA:59,0
DA:61,0
DA:63,48
DA:67,48
DA:70,48
DA:73,48
DA:74,0
DA:75,0
DA:77,0
DA:82,48
DA:83,48
DA:84,48
DA:89,49
DA:90,49
DA:91,0
DA:95,49
DA:96,0
DA:97,0
DA:108,0
DA:110,0
DA:111,0
DA:115,0
DA:122,0
DA:123,0
DA:124,0
DA:127,0
DA:129,0
DA:131,0
DA:135,49
DA:136,0
DA:137,0
DA:148,0
DA:150,0
DA:152,0
DA:156,0
DA:158,0
DA:162,0
DA:169,0
DA:170,0
DA:171,0
DA:174,0
DA:176,0
DA:178,0
DA:182,49
DA:183,0
DA:184,0
DA:187,0
DA:193,49
DA:201,49
LF:74
LH:30
BRDA:9,0,0,0
BRDA:9,0,1,13
BRDA:21,1,0,49
BRDA:21,1,1,0
BRDA:32,2,0,0
BRDA:32,2,1,0
BRDA:48,3,0,0
BRDA:48,3,1,48
BRDA:48,4,0,48
BRDA:48,4,1,0
BRDA:51,5,0,0
BRDA:51,5,1,0
BRDA:51,6,0,0
BRDA:51,6,1,0
BRDA:51,6,2,0
BRDA:74,7,0,0
BRDA:74,7,1,0
BRDA:90,8,0,0
BRDA:90,8,1,49
BRDA:90,9,0,49
BRDA:90,9,1,0
BRDA:110,10,0,0
BRDA:110,10,1,0
BRDA:111,11,0,0
BRDA:111,11,1,0
BRDA:131,12,0,0
BRDA:131,12,1,0
BRDA:150,13,0,0
BRDA:150,13,1,0
BRDA:152,14,0,0
BRDA:152,14,1,0
BRDA:153,15,0,0
BRDA:153,15,1,0
BRDA:158,16,0,0
BRDA:158,16,1,0
BRDA:178,17,0,0
BRDA:178,17,1,0
BRF:37
BRH:6
end_of_record
TN:
SF:src/context/ThemeContext.jsx
FN:5,(anonymous_0)
FN:13,(anonymous_1)
FN:16,(anonymous_2)
FN:32,(anonymous_3)
FNF:4
FNH:3
FNDA:13,(anonymous_0)
FNDA:63,(anonymous_1)
FNDA:61,(anonymous_2)
FNDA:0,(anonymous_3)
DA:3,5
DA:5,5
DA:6,13
DA:7,13
DA:8,0
DA:10,13
DA:13,5
DA:14,63
DA:16,63
DA:18,61
DA:19,61
DA:23,2
DA:24,2
DA:25,2
DA:27,0
DA:28,0
DA:32,63
DA:33,0
DA:34,0
DA:36,0
DA:37,0
DA:38,0
DA:40,0
DA:41,0
DA:45,63
DA:50,63
LF:26
LH:16
BRDA:7,0,0,0
BRDA:7,0,1,13
BRDA:23,1,0,2
BRDA:23,1,1,0
BRDA:23,2,0,2
BRDA:23,2,1,2
BRDA:23,2,2,2
BRDA:36,3,0,0
BRDA:36,3,1,0
BRF:9
BRH:5
end_of_record
TN:
SF:src/pages/AccountSettings.jsx
FN:18,(anonymous_0)
FN:43,(anonymous_1)
FN:50,(anonymous_2)
FN:57,(anonymous_3)
FN:64,(anonymous_4)
FN:69,(anonymous_5)
FN:80,(anonymous_6)
FN:86,(anonymous_7)
FN:90,(anonymous_8)
FN:101,(anonymous_9)
FN:141,(anonymous_10)
FN:170,(anonymous_11)
FN:199,(anonymous_12)
FN:252,(anonymous_13)
FN:282,(anonymous_14)
FN:312,(anonymous_15)
FN:346,(anonymous_16)
FN:378,(anonymous_17)
FN:406,(anonymous_18)
FN:435,(anonymous_19)
FN:465,(anonymous_20)
FNF:21
FNH:0
FNDA:0,(anonymous_0)
FNDA:0,(anonymous_1)
FNDA:0,(anonymous_2)
FNDA:0,(anonymous_3)
FNDA:0,(anonymous_4)
FNDA:0,(anonymous_5)
FNDA:0,(anonymous_6)
FNDA:0,(anonymous_7)
FNDA:0,(anonymous_8)
FNDA:0,(anonymous_9)
FNDA:0,(anonymous_10)
FNDA:0,(anonymous_11)
FNDA:0,(anonymous_12)
FNDA:0,(anonymous_13)
FNDA:0,(anonymous_14)
FNDA:0,(anonymous_15)
FNDA:0,(anonymous_16)
FNDA:0,(anonymous_17)
FNDA:0,(anonymous_18)
FNDA:0,(anonymous_19)
FNDA:0,(anonymous_20)
DA:18,0
DA:19,0
DA:20,0
DA:21,0
DA:22,0
DA:27,0
DA:32,0
DA:43,0
DA:44,0
DA:50,0
DA:51,0
DA:57,0
DA:58,0
DA:64,0
DA:65,0
DA:66,0
DA:69,0
DA:70,0
DA:71,0
DA:80,0
DA:82,0
DA:83,0
DA:86,0
DA:87,0
DA:90,0
DA:91,0
DA:96,0
DA:101,0
DA:141,0
DA:170,0
DA:199,0
DA:252,0
DA:282,0
DA:312,0
DA:347,0
DA:378,0
DA:406,0
DA:435,0
DA:465,0
LF:39
LH:0
BRDA:131,0,0,0
BRDA:131,0,1,0
BRDA:144,1,0,0
BRDA:144,1,1,0
BRDA:160,2,0,0
BRDA:160,2,1,0
BRDA:173,3,0,0
BRDA:173,3,1,0
BRDA:189,4,0,0
BRDA:189,4,1,0
BRDA:202,5,0,0
BRDA:202,5,1,0
BRDA:217,6,0,0
BRDA:217,6,1,0
BRDA:234,7,0,0
BRDA:234,7,1,0
BRDA:254,8,0,0
BRDA:254,8,1,0
BRDA:261,9,0,0
BRDA:261,9,1,0
BRDA:284,10,0,0
BRDA:284,10,1,0
BRDA:291,11,0,0
BRDA:291,11,1,0
BRDA:314,12,0,0
BRDA:314,12,1,0
BRDA:321,13,0,0
BRDA:321,13,1,0
BRDA:350,14,0,0
BRDA:350,14,1,0
BRDA:357,15,0,0
BRDA:357,15,1,0
BRDA:380,16,0,0
BRDA:380,16,1,0
BRDA:385,17,0,0
BRDA:385,17,1,0
BRDA:408,18,0,0
BRDA:408,18,1,0
BRDA:413,19,0,0
BRDA:413,19,1,0
BRDA:445,20,0,0
BRDA:445,20,1,0
BRF:42
BRH:0
end_of_record
TN:
SF:src/pages/AdminAnnouncements.jsx
FN:15,(anonymous_0)
FN:32,(anonymous_1)
FN:38,(anonymous_2)
FN:80,(anonymous_3)
FN:109,(anonymous_4)
FN:142,(anonymous_5)
FN:166,(anonymous_6)
FN:174,(anonymous_7)
FN:184,(anonymous_8)
FN:189,(anonymous_9)
FN:216,(anonymous_10)
FN:232,(anonymous_11)
FN:246,(anonymous_12)
FN:351,(anonymous_13)
FN:384,(anonymous_14)
FN:391,(anonymous_15)
FN:419,(anonymous_16)
FN:428,(anonymous_17)
FNF:18
FNH:0
FNDA:0,(anonymous_0)
FNDA:0,(anonymous_1)
FNDA:0,(anonymous_2)
FNDA:0,(anonymous_3)
FNDA:0,(anonymous_4)
FNDA:0,(anonymous_5)
FNDA:0,(anonymous_6)
FNDA:0,(anonymous_7)
FNDA:0,(anonymous_8)
FNDA:0,(anonymous_9)
FNDA:0,(anonymous_10)
FNDA:0,(anonymous_11)
FNDA:0,(anonymous_12)
FNDA:0,(anonymous_13)
FNDA:0,(anonymous_14)
FNDA:0,(anonymous_15)
FNDA:0,(anonymous_16)
FNDA:0,(anonymous_17)
DA:15,0
DA:16,0
DA:17,0
DA:18,0
DA:19,0
DA:20,0
DA:21,0
DA:22,0
DA:29,0
DA:32,0
DA:33,0
DA:34,0
DA:38,0
DA:39,0
DA:41,0
DA:42,0
DA:43,0
DA:44,0
DA:47,0
DA:54,0
DA:55,0
DA:56,0
DA:57,0
DA:59,0
DA:62,0
DA:65,0
DA:66,0
DA:68,0
DA:69,0
DA:72,0
DA:73,0
DA:74,0
DA:76,0
DA:80,0
DA:81,0
DA:82,0
DA:83,0
DA:96,0
DA:97,0
DA:100,0
DA:101,0
DA:102,0
DA:103,0
DA:105,0
DA:109,0
DA:110,0
DA:111,0
DA:112,0
DA:128,0
DA:129,0
DA:132,0
DA:133,0
DA:134,0
DA:135,0
DA:136,0
DA:138,0
DA:142,0
DA:143,0
DA:144,0
DA:155,0
DA:156,0
DA:159,0
DA:160,0
DA:162,0
DA:166,0
DA:167,0
DA:174,0
DA:175,0
DA:176,0
DA:181,0
DA:184,0
DA:185,0
DA:186,0
DA:189,0
DA:190,0
DA:192,0
DA:217,0
DA:233,0
DA:247,0
DA:280,0
DA:281,0
DA:293,0
DA:294,0
DA:304,0
DA:305,0
DA:306,0
DA:309,0
DA:352,0
DA:384,0
DA:391,0
DA:419,0
DA:429,0
DA:430,0
LF:93
LH:0
BRDA:29,0,0,0
BRDA:29,0,1,0
BRDA:33,1,0,0
BRDA:33,1,1,0
BRDA:33,2,0,0
BRDA:33,2,1,0
BRDA:41,3,0,0
BRDA:41,3,1,0
BRDA:41,4,0,0
BRDA:41,4,1,0
BRDA:54,5,0,0
BRDA:54,5,1,0
BRDA:55,6,0,0
BRDA:55,6,1,0
BRDA:65,7,0,0
BRDA:65,7,1,0
BRDA:65,8,0,0
BRDA:65,8,1,0
BRDA:96,9,0,0
BRDA:96,9,1,0
BRDA:128,10,0,0
BRDA:128,10,1,0
BRDA:155,11,0,0
BRDA:155,11,1,0
BRDA:179,12,0,0
BRDA:179,12,1,0
BRDA:190,13,0,0
BRDA:190,13,1,0
BRDA:280,14,0,0
BRDA:280,14,1,0
BRDA:293,15,0,0
BRDA:293,15,1,0
BRDA:304,16,0,0
BRDA:304,16,1,0
BRDA:333,17,0,0
BRDA:333,17,1,0
BRDA:362,18,0,0
BRDA:362,18,1,0
BRDA:365,19,0,0
BRDA:365,19,1,0
BRDA:367,20,0,0
BRDA:367,20,1,0
BRDA:369,21,0,0
BRDA:369,21,1,0
BRDA:403,22,0,0
BRDA:403,22,1,0
BRF:46
BRH:0
end_of_record
TN:
SF:src/pages/AdminDashboard.jsx
FN:14,(anonymous_0)
FN:28,(anonymous_1)
FN:34,(anonymous_2)
FN:150,(anonymous_3)
FN:196,(anonymous_4)
FNF:5
FNH:0
FNDA:0,(anonymous_0)
FNDA:0,(anonymous_1)
FNDA:0,(anonymous_2)
FNDA:0,(anonymous_3)
FNDA:0,(anonymous_4)
DA:14,0
DA:15,0
DA:16,0
DA:21,0
DA:22,0
DA:25,0
DA:28,0
DA:29,0
DA:30,0
DA:34,0
DA:35,0
DA:37,0
DA:38,0
DA:39,0
DA:40,0
DA:43,0
DA:50,0
DA:51,0
DA:52,0
DA:53,0
DA:55,0
DA:58,0
DA:61,0
DA:62,0
DA:64,0
DA:65,0
DA:72,0
DA:73,0
DA:76,0
DA:82,0
DA:86,0
DA:112,0
DA:113,0
DA:125,0
DA:126,0
DA:135,0
DA:151,0
DA:152,0
DA:197,0
LF:39
LH:0
BRDA:25,0,0,0
BRDA:25,0,1,0
BRDA:29,1,0,0
BRDA:29,1,1,0
BRDA:29,2,0,0
BRDA:29,2,1,0
BRDA:37,3,0,0
BRDA:37,3,1,0
BRDA:37,4,0,0
BRDA:37,4,1,0
BRDA:50,5,0,0
BRDA:50,5,1,0
BRDA:51,6,0,0
BRDA:51,6,1,0
BRDA:61,7,0,0
BRDA:61,7,1,0
BRDA:61,8,0,0
BRDA:61,8,1,0
BRDA:112,9,0,0
BRDA:112,9,1,0
BRDA:125,10,0,0
BRDA:125,10,1,0
BRDA:144,11,0,0
BRDA:144,11,1,0
BRDA:168,12,0,0
BRDA:168,12,1,0
BRDA:187,13,0,0
BRDA:187,13,1,0
BRF:28
BRH:0
end_of_record
TN:
SF:src/pages/AdminFeatureFlags.jsx
FN:14,(anonymous_0)
FN:24,(anonymous_1)
FN:28,(anonymous_2)
FN:51,(anonymous_3)
FN:77,(anonymous_4)
FN:101,(anonymous_5)
FN:117,(anonymous_6)
FN:195,(anonymous_7)
FN:224,(anonymous_8)
FN:274,(anonymous_9)
FN:282,(anonymous_10)
FNF:11
FNH:0
FNDA:0,(anonymous_0)
FNDA:0,(anonymous_1)
FNDA:0,(anonymous_2)
FNDA:0,(anonymous_3)
FNDA:0,(anonymous_4)
FNDA:0,(anonymous_5)
FNDA:0,(anonymous_6)
FNDA:0,(anonymous_7)
FNDA:0,(anonymous_8)
FNDA:0,(anonymous_9)
FNDA:0,(anonymous_10)
DA:14,0
DA:15,0
DA:16,0
DA:17,0
DA:18,0
DA:21,0
DA:24,0
DA:25,0
DA:28,0
DA:29,0
DA:30,0
DA:37,0
DA:38,0
DA:41,0
DA:42,0
DA:44,0
DA:45,0
DA:47,0
DA:51,0
DA:52,0
DA:53,0
DA:54,0
DA:62,0
DA:63,0
DA:66,0
DA:69,0
DA:71,0
DA:73,0
DA:77,0
DA:78,0
DA:79,0
DA:80,0
DA:89,0
DA:90,0
DA:93,0
DA:95,0
DA:97,0
DA:101,0
DA:102,0
DA:106,0
DA:109,0
DA:111,0
DA:113,0
DA:117,0
DA:118,0
DA:122,0
DA:125,0
DA:127,0
DA:129,0
DA:133,0
DA:134,0
DA:143,0
DA:196,0
DA:225,0
DA:274,0
DA:282,0
LF:56
LH:0
BRDA:21,0,0,0
BRDA:21,0,1,0
BRDA:37,1,0,0
BRDA:37,1,1,0
BRDA:62,2,0,0
BRDA:62,2,1,0
BRDA:67,3,0,0
BRDA:67,3,1,0
BRDA:89,4,0,0
BRDA:89,4,1,0
BRDA:102,5,0,0
BRDA:102,5,1,0
BRDA:102,5,2,0
BRDA:102,5,3,0
BRDA:118,6,0,0
BRDA:118,6,1,0
BRDA:118,6,2,0
BRDA:118,6,3,0
BRDA:133,7,0,0
BRDA:133,7,1,0
BRDA:184,8,0,0
BRDA:184,8,1,0
BRDA:216,9,0,0
BRDA:216,9,1,0
BRDA:221,10,0,0
BRDA:221,10,1,0
BRDA:229,11,0,0
BRDA:229,11,1,0
BRDA:236,12,0,0
BRDA:236,12,1,0
BRDA:266,13,0,0
BRDA:266,13,1,0
BRF:32
BRH:0
end_of_record
TN:
SF:src/pages/AdminLogin.jsx
FN:7,(anonymous_0)
FN:15,(anonymous_1)
FN:61,(anonymous_2)
FN:82,(anonymous_3)
FN:89,(anonymous_4)
FNF:5
FNH:0
FNDA:0,(anonymous_0)
FNDA:0,(anonymous_1)
FNDA:0,(anonymous_2)
FNDA:0,(anonymous_3)
FNDA:0,(anonymous_4)
DA:7,0
DA:8,0
DA:9,0
DA:10,0
DA:11,0
DA:12,0
DA:13,0
DA:15,0
DA:16,0
DA:17,0
DA:19,0
DA:20,0
DA:21,0
DA:22,0
DA:24,0
DA:26,0
DA:30,0
DA:61,0
DA:82,0
DA:89,0
LF:20
LH:0
BRDA:24,0,0,0
BRDA:24,0,1,0
BRDA:78,1,0,0
BRDA:78,1,1,0
BRDA:91,2,0,0
BRDA:91,2,1,0
BRDA:107,3,0,0
BRDA:107,3,1,0
BRF:8
BRH:0
end_of_record
TN:
SF:src/pages/AdminReports.jsx
FN:16,(anonymous_0)
FN:27,(anonymous_1)
FN:33,(anonymous_2)
FN:75,(anonymous_3)
FN:96,(anonymous_4)
FN:109,(anonymous_5)
FN:122,(anonymous_6)
FN:201,(anonymous_7)
FN:209,(anonymous_8)
FN:236,(anonymous_9)
FN:263,(anonymous_10)
FN:319,(anonymous_11)
FN:327,(anonymous_12)
FN:335,(anonymous_13)
FNF:14
FNH:0
FNDA:0,(anonymous_0)
FNDA:0,(anonymous_1)
FNDA:0,(anonymous_2)
FNDA:0,(anonymous_3)
FNDA:0,(anonymous_4)
FNDA:0,(anonymous_5)
FNDA:0,(anonymous_6)
FNDA:0,(anonymous_7)
FNDA:0,(anonymous_8)
FNDA:0,(anonymous_9)
FNDA:0,(anonymous_10)
FNDA:0,(anonymous_11)
FNDA:0,(anonymous_12)
FNDA:0,(anonymous_13)
DA:16,0
DA:17,0
DA:18,0
DA:19,0
DA:20,0
DA:21,0
DA:24,0
DA:27,0
DA:28,0
DA:29,0
DA:33,0
DA:34,0
DA:36,0
DA:37,0
DA:38,0
DA:39,0
DA:42,0
DA:49,0
DA:50,0
DA:51,0
DA:52,0
DA:54,0
DA:57,0
DA:60,0
DA:61,0
DA:63,0
DA:64,0
DA:67,0
DA:68,0
DA:69,0
DA:71,0
DA:75,0
DA:76,0
DA:77,0
DA:85,0
DA:86,0
DA:89,0
DA:90,0
DA:92,0
DA:96,0
DA:97,0
DA:99,0
DA:101,0
DA:103,0
DA:105,0
DA:109,0
DA:110,0
DA:112,0
DA:114,0
DA:116,0
DA:118,0
DA:122,0
DA:124,0
DA:130,0
DA:131,0
DA:135,0
DA:136,0
DA:149,0
DA:150,0
DA:162,0
DA:163,0
DA:173,0
DA:174,0
DA:175,0
DA:178,0
DA:201,0
DA:209,0
DA:237,0
DA:263,0
DA:319,0
DA:327,0
DA:335,0
LF:72
LH:0
BRDA:24,0,0,0
BRDA:24,0,1,0
BRDA:28,1,0,0
BRDA:28,1,1,0
BRDA:28,2,0,0
BRDA:28,2,1,0
BRDA:36,3,0,0
BRDA:36,3,1,0
BRDA:36,4,0,0
BRDA:36,4,1,0
BRDA:49,5,0,0
BRDA:49,5,1,0
BRDA:50,6,0,0
BRDA:50,6,1,0
BRDA:60,7,0,0
BRDA:60,7,1,0
BRDA:60,8,0,0
BRDA:60,8,1,0
BRDA:85,9,0,0
BRDA:85,9,1,0
BRDA:97,10,0,0
BRDA:97,10,1,0
BRDA:97,10,2,0
BRDA:97,10,3,0
BRDA:110,11,0,0
BRDA:110,11,1,0
BRDA:110,11,2,0
BRDA:110,11,3,0
BRDA:124,12,0,0
BRDA:124,12,1,0
BRDA:124,12,2,0
BRDA:124,13,0,0
BRDA:124,13,1,0
BRDA:127,14,0,0
BRDA:127,14,1,0
BRDA:128,15,0,0
BRDA:128,15,1,0
BRDA:130,16,0,0
BRDA:130,16,1,0
BRDA:131,17,0,0
BRDA:131,17,1,0
BRDA:135,18,0,0
BRDA:135,18,1,0
BRDA:149,19,0,0
BRDA:149,19,1,0
BRDA:162,20,0,0
BRDA:162,20,1,0
BRDA:173,21,0,0
BRDA:173,21,1,0
BRDA:223,22,0,0
BRDA:223,22,1,0
BRDA:230,23,0,0
BRDA:230,23,1,0
BRDA:261,24,0,0
BRDA:261,24,1,0
BRDA:283,25,0,0
BRDA:283,25,1,0
BRDA:290,26,0,0
BRDA:290,26,1,0
BRDA:303,27,0,0
BRDA:303,27,1,0
BRF:61
BRH:0
end_of_record
TN:
SF:src/pages/AdminUsers.jsx
FN:17,(anonymous_0)
FN:30,(anonymous_1)
FN:58,(anonymous_2)
FN:100,(anonymous_3)
FN:121,(anonymous_4)
FN:142,(anonymous_5)
FN:165,(anonymous_6)
FN:232,(anonymous_7)
FN:240,(anonymous_8)
FN:280,(anonymous_9)
FN:321,(anonymous_10)
FN:342,(anonymous_11)
FN:374,(anonymous_12)
FN:383,(anonymous_13)
FNF:14
FNH:0
FNDA:0,(anonymous_0)
FNDA:0,(anonymous_1)
FNDA:0,(anonymous_2)
FNDA:0,(anonymous_3)
FNDA:0,(anonymous_4)
FNDA:0,(anonymous_5)
FNDA:0,(anonymous_6)
FNDA:0,(anonymous_7)
FNDA:0,(anonymous_8)
FNDA:0,(anonymous_9)
FNDA:0,(anonymous_10)
FNDA:0,(anonymous_11)
FNDA:0,(anonymous_12)
FNDA:0,(anonymous_13)
DA:17,0
DA:18,0
DA:19,0
DA:20,0
DA:21,0
DA:22,0
DA:23,0
DA:24,0
DA:27,0
DA:30,0
DA:31,0
DA:32,0
DA:37,0
DA:38,0
DA:58,0
DA:59,0
DA:61,0
DA:62,0
DA:63,0
DA:64,0
DA:67,0
DA:74,0
DA:75,0
DA:76,0
DA:77,0
DA:79,0
DA:82,0
DA:85,0
DA:86,0
DA:88,0
DA:89,0
DA:92,0
DA:93,0
DA:94,0
DA:96,0
DA:100,0
DA:101,0
DA:102,0
DA:110,0
DA:111,0
DA:114,0
DA:115,0
DA:117,0
DA:121,0
DA:122,0
DA:123,0
DA:131,0
DA:132,0
DA:135,0
DA:136,0
DA:138,0
DA:142,0
DA:143,0
DA:144,0
DA:152,0
DA:153,0
DA:156,0
DA:157,0
DA:158,0
DA:159,0
DA:161,0
DA:165,0
DA:166,0
DA:171,0
DA:174,0
DA:178,0
DA:179,0
DA:191,0
DA:192,0
DA:202,0
DA:203,0
DA:204,0
DA:207,0
DA:232,0
DA:240,0
DA:281,0
DA:322,0
DA:323,0
DA:325,0
DA:343,0
DA:344,0
DA:375,0
DA:376,0
DA:383,0
LF:84
LH:0
BRDA:27,0,0,0
BRDA:27,0,1,0
BRDA:31,1,0,0
BRDA:31,1,1,0
BRDA:31,2,0,0
BRDA:31,2,1,0
BRDA:31,2,2,0
BRDA:37,3,0,0
BRDA:37,3,1,0
BRDA:61,4,0,0
BRDA:61,4,1,0
BRDA:61,5,0,0
BRDA:61,5,1,0
BRDA:74,6,0,0
BRDA:74,6,1,0
BRDA:75,7,0,0
BRDA:75,7,1,0
BRDA:85,8,0,0
BRDA:85,8,1,0
BRDA:85,9,0,0
BRDA:85,9,1,0
BRDA:110,10,0,0
BRDA:110,10,1,0
BRDA:131,11,0,0
BRDA:131,11,1,0
BRDA:152,12,0,0
BRDA:152,12,1,0
BRDA:166,13,0,0
BRDA:166,13,1,0
BRDA:166,14,0,0
BRDA:166,14,1,0
BRDA:169,15,0,0
BRDA:169,15,1,0
BRDA:171,16,0,0
BRDA:171,16,1,0
BRDA:171,16,2,0
BRDA:171,16,3,0
BRDA:171,16,4,0
BRDA:174,17,0,0
BRDA:174,17,1,0
BRDA:178,18,0,0
BRDA:178,18,1,0
BRDA:191,19,0,0
BRDA:191,19,1,0
BRDA:202,20,0,0
BRDA:202,20,1,0
BRDA:286,21,0,0
BRDA:286,21,1,0
BRDA:291,22,0,0
BRDA:291,22,1,0
BRDA:294,23,0,0
BRDA:294,23,1,0
BRDA:301,24,0,0
BRDA:301,24,1,0
BRDA:307,25,0,0
BRDA:307,25,1,0
BRDA:312,26,0,0
BRDA:312,26,1,0
BRDA:316,27,0,0
BRDA:316,27,1,0
BRDA:322,28,0,0
BRDA:322,28,1,0
BRDA:329,29,0,0
BRDA:329,29,1,0
BRDA:333,30,0,0
BRDA:333,30,1,0
BRDA:335,31,0,0
BRDA:335,31,1,0
BRDA:361,32,0,0
BRDA:361,32,1,0
BRDA:361,32,2,0
BRF:71
BRH:0
end_of_record
TN:
SF:src/pages/ContactSupport.jsx
FN:15,(anonymous_0)
FN:79,(anonymous_1)
FN:86,(anonymous_2)
FN:91,(anonymous_3)
FN:124,(anonymous_4)
FN:140,(anonymous_5)
FN:156,(anonymous_6)
FN:236,(anonymous_7)
FN:254,(anonymous_8)
FN:384,(anonymous_9)
FNF:10
FNH:0
FNDA:0,(anonymous_0)
FNDA:0,(anonymous_1)
FNDA:0,(anonymous_2)
FNDA:0,(anonymous_3)
FNDA:0,(anonymous_4)
FNDA:0,(anonymous_5)
FNDA:0,(anonymous_6)
FNDA:0,(anonymous_7)
FNDA:0,(anonymous_8)
FNDA:0,(anonymous_9)
DA:15,0
DA:16,0
DA:17,0
DA:25,0
DA:26,0
DA:28,0
DA:39,0
DA:62,0
DA:79,0
DA:80,0
DA:86,0
DA:87,0
DA:88,0
DA:91,0
DA:92,0
DA:93,0
DA:97,0
DA:98,0
DA:125,0
DA:126,0
DA:140,0
DA:151,0
DA:156,0
DA:237,0
DA:255,0
DA:385,0
LF:26
LH:0
BRDA:97,0,0,0
BRDA:97,0,1,0
BRDA:283,1,0,0
BRDA:283,1,1,0
BRF:4
BRH:0
end_of_record
TN:
SF:src/pages/Dashboard.jsx
FN:4,(anonymous_0)
FNF:1
FNH:0
FNDA:0,(anonymous_0)
DA:4,0
DA:5,0
LF:2
LH:0
BRF:0
BRH:0
end_of_record
TN:
SF:src/pages/EditProfile.jsx
FN:21,(anonymous_0)
FN:68,(anonymous_1)
FN:75,(anonymous_2)
FN:87,(anonymous_3)
FN:104,(anonymous_4)
FN:106,(anonymous_5)
FN:114,(anonymous_6)
FN:124,(anonymous_7)
FN:127,(anonymous_8)
FN:131,(anonymous_9)
FN:135,(anonymous_10)
FN:141,(anonymous_11)
FN:373,(anonymous_12)
FN:380,(anonymous_13)
FN:392,(anonymous_14)
FN:393,(anonymous_15)
FN:423,(anonymous_16)
FN:433,(anonymous_17)
FN:448,(anonymous_18)
FN:462,(anonymous_19)
FN:476,(anonymous_20)
FN:494,(anonymous_21)
FN:508,(anonymous_22)
FN:532,(anonymous_23)
FNF:24
FNH:0
FNDA:0,(anonymous_0)
FNDA:0,(anonymous_1)
FNDA:0,(anonymous_2)
FNDA:0,(anonymous_3)
FNDA:0,(anonymous_4)
FNDA:0,(anonymous_5)
FNDA:0,(anonymous_6)
FNDA:0,(anonymous_7)
FNDA:0,(anonymous_8)
FNDA:0,(anonymous_9)
FNDA:0,(anonymous_10)
FNDA:0,(anonymous_11)
FNDA:0,(anonymous_12)
FNDA:0,(anonymous_13)
FNDA:0,(anonymous_14)
FNDA:0,(anonymous_15)
FNDA:0,(anonymous_16)
FNDA:0,(anonymous_17)
FNDA:0,(anonymous_18)
FNDA:0,(anonymous_19)
FNDA:0,(anonymous_20)
FNDA:0,(anonymous_21)
FNDA:0,(anonymous_22)
FNDA:0,(anonymous_23)
DA:21,0
DA:22,0
DA:23,0
DA:24,0
DA:25,0
DA:66,0
DA:68,0
DA:69,0
DA:75,0
DA:76,0
DA:77,0
DA:81,0
DA:87,0
DA:88,0
DA:104,0
DA:105,0
DA:106,0
DA:108,0
DA:114,0
DA:115,0
DA:116,0
DA:120,0
DA:124,0
DA:125,0
DA:127,0
DA:131,0
DA:132,0
DA:135,0
DA:136,0
DA:137,0
DA:141,0
DA:142,0
DA:145,0
DA:374,0
DA:380,0
DA:392,0
DA:393,0
DA:424,0
DA:433,0
DA:449,0
DA:463,0
DA:477,0
DA:495,0
DA:509,0
DA:533,0
LF:45
LH:0
BRDA:26,0,0,0
BRDA:26,0,1,0
BRDA:27,1,0,0
BRDA:27,1,1,0
BRDA:29,2,0,0
BRDA:29,2,1,0
BRDA:30,3,0,0
BRDA:30,3,1,0
BRDA:115,4,0,0
BRDA:115,4,1,0
BRDA:115,5,0,0
BRDA:115,5,1,0
BRDA:171,6,0,0
BRDA:171,6,1,0
BRDA:393,7,0,0
BRDA:393,7,1,0
BRF:16
BRH:0
end_of_record
TN:
SF:src/pages/Events.jsx
FN:46,(anonymous_0)
FN:64,(anonymous_1)
FN:96,(anonymous_2)
FN:101,(anonymous_3)
FN:108,(anonymous_4)
FN:111,(anonymous_5)
FN:119,(anonymous_6)
FN:121,(anonymous_7)
FN:125,(anonymous_8)
FN:131,(anonymous_9)
FN:180,(anonymous_10)
FN:206,(anonymous_11)
FN:212,(anonymous_12)
FN:214,(anonymous_13)
FN:244,(anonymous_14)
FN:257,(anonymous_15)
FN:258,(anonymous_16)
FN:278,(anonymous_17)
FN:299,(anonymous_18)
FN:309,(anonymous_19)
FN:331,(anonymous_20)
FN:341,(anonymous_21)
FN:345,(anonymous_22)
FN:374,(anonymous_23)
FN:396,(anonymous_24)
FN:403,(anonymous_25)
FN:449,(anonymous_26)
FN:474,(anonymous_27)
FN:496,(anonymous_28)
FN:509,(anonymous_29)
FN:526,(anonymous_30)
FN:538,(anonymous_31)
FN:552,(anonymous_32)
FN:555,(anonymous_33)
FN:571,(anonymous_34)
FN:580,(anonymous_35)
FN:599,(anonymous_36)
FN:612,(anonymous_37)
FN:629,(anonymous_38)
FN:644,(anonymous_39)
FN:657,(anonymous_40)
FN:668,(anonymous_41)
FN:703,(anonymous_42)
FN:809,(anonymous_43)
FN:818,(anonymous_44)
FNF:45
FNH:0
FNDA:0,(anonymous_0)
FNDA:0,(anonymous_1)
FNDA:0,(anonymous_2)
FNDA:0,(anonymous_3)
FNDA:0,(anonymous_4)
FNDA:0,(anonymous_5)
FNDA:0,(anonymous_6)
FNDA:0,(anonymous_7)
FNDA:0,(anonymous_8)
FNDA:0,(anonymous_9)
FNDA:0,(anonymous_10)
FNDA:0,(anonymous_11)
FNDA:0,(anonymous_12)
FNDA:0,(anonymous_13)
FNDA:0,(anonymous_14)
FNDA:0,(anonymous_15)
FNDA:0,(anonymous_16)
FNDA:0,(anonymous_17)
FNDA:0,(anonymous_18)
FNDA:0,(anonymous_19)
FNDA:0,(anonymous_20)
FNDA:0,(anonymous_21)
FNDA:0,(anonymous_22)
FNDA:0,(anonymous_23)
FNDA:0,(anonymous_24)
FNDA:0,(anonymous_25)
FNDA:0,(anonymous_26)
FNDA:0,(anonymous_27)
FNDA:0,(anonymous_28)
FNDA:0,(anonymous_29)
FNDA:0,(anonymous_30)
FNDA:0,(anonymous_31)
FNDA:0,(anonymous_32)
FNDA:0,(anonymous_33)
FNDA:0,(anonymous_34)
FNDA:0,(anonymous_35)
FNDA:0,(anonymous_36)
FNDA:0,(anonymous_37)
FNDA:0,(anonymous_38)
FNDA:0,(anonymous_39)
FNDA:0,(anonymous_40)
FNDA:0,(anonymous_41)
FNDA:0,(anonymous_42)
FNDA:0,(anonymous_43)
FNDA:0,(anonymous_44)
DA:24,0
DA:32,0
DA:46,0
DA:47,0
DA:48,0
DA:51,0
DA:52,0
DA:53,0
DA:54,0
DA:55,0
DA:56,0
DA:57,0
DA:58,0
DA:59,0
DA:60,0
DA:61,0
DA:64,0
DA:65,0
DA:66,0
DA:67,0
DA:70,0
DA:71,0
DA:73,0
DA:74,0
DA:75,0
DA:76,0
DA:78,0
DA:79,0
DA:80,0
DA:82,0
DA:85,0
DA:88,0
DA:89,0
DA:91,0
DA:96,0
DA:97,0
DA:101,0
DA:102,0
DA:103,0
DA:104,0
DA:108,0
DA:109,0
DA:110,0
DA:112,0
DA:119,0
DA:120,0
DA:121,0
DA:125,0
DA:126,0
DA:127,0
DA:131,0
DA:132,0
DA:133,0
DA:134,0
DA:136,0
DA:138,0
DA:139,0
DA:142,0
DA:143,0
DA:146,0
DA:147,0
DA:153,0
DA:155,0
DA:156,0
DA:159,0
DA:160,0
DA:163,0
DA:164,0
DA:165,0
DA:166,0
DA:167,0
DA:169,0
DA:172,0
DA:173,0
DA:175,0
DA:180,0
DA:181,0
DA:182,0
DA:185,0
DA:186,0
DA:188,0
DA:189,0
DA:190,0
DA:192,0
DA:193,0
DA:195,0
DA:198,0
DA:199,0
DA:201,0
DA:206,0
DA:207,0
DA:208,0
DA:212,0
DA:214,0
DA:215,0
DA:216,0
DA:217,0
DA:218,0
DA:219,0
DA:220,0
DA:221,0
DA:224,0
DA:238,0
DA:239,0
DA:240,0
DA:244,0
DA:245,0
DA:246,0
DA:257,0
DA:258,0
DA:259,0
DA:262,0
DA:264,0
DA:278,0
DA:299,0
DA:309,0
DA:331,0
DA:341,0
DA:346,0
DA:375,0
DA:377,0
DA:396,0
DA:403,0
DA:449,0
DA:475,0
DA:476,0
DA:477,0
DA:496,0
DA:509,0
DA:526,0
DA:538,0
DA:552,0
DA:556,0
DA:571,0
DA:580,0
DA:599,0
DA:612,0
DA:629,0
DA:644,0
DA:657,0
DA:668,0
DA:704,0
DA:705,0
DA:810,0
DA:811,0
DA:818,0
LF:146
LH:0
BRDA:65,0,0,0
BRDA:65,0,1,0
BRDA:74,1,0,0
BRDA:74,1,1,0
BRDA:78,2,0,0
BRDA:78,2,1,0
BRDA:78,3,0,0
BRDA:78,3,1,0
BRDA:78,3,2,0
BRDA:79,4,0,0
BRDA:79,4,1,0
BRDA:85,5,0,0
BRDA:85,5,1,0
BRDA:89,6,0,0
BRDA:89,6,1,0
BRDA:89,6,2,0
BRDA:109,7,0,0
BRDA:109,7,1,0
BRDA:112,8,0,0
BRDA:112,8,1,0
BRDA:112,8,2,0
BRDA:120,9,0,0
BRDA:120,9,1,0
BRDA:138,10,0,0
BRDA:138,10,1,0
BRDA:138,11,0,0
BRDA:138,11,1,0
BRDA:138,11,2,0
BRDA:138,11,3,0
BRDA:138,11,4,0
BRDA:142,12,0,0
BRDA:142,12,1,0
BRDA:146,13,0,0
BRDA:146,13,1,0
BRDA:146,14,0,0
BRDA:146,14,1,0
BRDA:153,15,0,0
BRDA:153,15,1,0
BRDA:163,16,0,0
BRDA:163,16,1,0
BRDA:163,17,0,0
BRDA:163,17,1,0
BRDA:163,17,2,0
BRDA:163,17,3,0
BRDA:169,18,0,0
BRDA:169,18,1,0
BRDA:173,19,0,0
BRDA:173,19,1,0
BRDA:181,20,0,0
BRDA:181,20,1,0
BRDA:192,21,0,0
BRDA:192,21,1,0
BRDA:192,22,0,0
BRDA:192,22,1,0
BRDA:195,23,0,0
BRDA:195,23,1,0
BRDA:199,24,0,0
BRDA:199,24,1,0
BRDA:229,25,0,0
BRDA:229,25,1,0
BRDA:232,26,0,0
BRDA:232,26,1,0
BRDA:259,27,0,0
BRDA:259,27,1,0
BRDA:287,28,0,0
BRDA:287,28,1,0
BRDA:301,29,0,0
BRDA:301,29,1,0
BRDA:311,30,0,0
BRDA:311,30,1,0
BRDA:356,31,0,0
BRDA:356,31,1,0
BRDA:360,32,0,0
BRDA:360,32,1,0
BRDA:367,33,0,0
BRDA:367,33,1,0
BRDA:393,34,0,0
BRDA:393,34,1,0
BRDA:430,35,0,0
BRDA:430,35,1,0
BRDA:465,36,0,0
BRDA:465,36,1,0
BRDA:471,37,0,0
BRDA:471,37,1,0
BRDA:590,38,0,0
BRDA:590,38,1,0
BRDA:678,39,0,0
BRDA:678,39,1,0
BRDA:680,40,0,0
BRDA:680,40,1,0
BRDA:685,41,0,0
BRDA:685,41,1,0
BRDA:694,42,0,0
BRDA:694,42,1,0
BRDA:694,42,2,0
BRDA:724,43,0,0
BRDA:724,43,1,0
BRDA:755,44,0,0
BRDA:755,44,1,0
BRDA:760,45,0,0
BRDA:760,45,1,0
BRDA:760,45,2,0
BRDA:806,46,0,0
BRDA:806,46,1,0
BRF:104
BRH:0
end_of_record
TN:
SF:src/pages/ForgotPassword.jsx
FN:5,(anonymous_0)
FN:11,(anonymous_1)
FN:17,(anonymous_2)
FN:60,(anonymous_3)
FN:137,(anonymous_4)
FNF:5
FNH:0
FNDA:0,(anonymous_0)
FNDA:0,(anonymous_1)
FNDA:0,(anonymous_2)
FNDA:0,(anonymous_3)
FNDA:0,(anonymous_4)
DA:5,0
DA:6,0
DA:7,0
DA:8,0
DA:9,0
DA:11,0
DA:12,0
DA:13,0
DA:14,0
DA:17,0
DA:18,0
DA:19,0
DA:23,0
DA:24,0
DA:60,0
DA:88,0
DA:137,0
LF:17
LH:0
BRDA:23,0,0,0
BRDA:23,0,1,0
BRDA:115,1,0,0
BRDA:115,1,1,0
BRDA:149,2,0,0
BRDA:149,2,1,0
BRF:6
BRH:0
end_of_record
TN:
SF:src/pages/LandingPage.jsx
FN:17,(anonymous_0)
FN:128,(anonymous_1)
FN:170,(anonymous_2)
FNF:3
FNH:0
FNDA:0,(anonymous_0)
FNDA:0,(anonymous_1)
FNDA:0,(anonymous_2)
DA:17,0
DA:18,0
DA:47,0
DA:53,0
DA:129,0
DA:171,0
LF:6
LH:0
BRF:0
BRH:0
end_of_record
TN:
SF:src/pages/Maintenance.jsx
FN:5,(anonymous_0)
FNF:1
FNH:0
FNDA:0,(anonymous_0)
DA:5,0
DA:6,0
LF:2
LH:0
BRF:0
BRH:0
end_of_record
TN:
SF:src/pages/NotFound.jsx
FN:5,(anonymous_0)
FN:47,(anonymous_1)
FNF:2
FNH:0
FNDA:0,(anonymous_0)
FNDA:0,(anonymous_1)
DA:5,0
DA:6,0
DA:47,0
LF:3
LH:0
BRF:0
BRH:0
end_of_record
TN:
SF:src/pages/Notifications.jsx
FN:17,(anonymous_0)
FN:85,(anonymous_1)
FN:98,(anonymous_2)
FN:110,(anonymous_3)
FN:116,(anonymous_4)
FN:118,(anonymous_5)
FN:120,(anonymous_6)
FN:124,(anonymous_7)
FN:125,(anonymous_8)
FN:128,(anonymous_9)
FN:129,(anonymous_10)
FN:132,(anonymous_11)
FN:147,(anonymous_12)
FN:182,(anonymous_13)
FN:188,(anonymous_14)
FN:194,(anonymous_15)
FN:196,(anonymous_16)
FN:199,(anonymous_17)
FN:225,(anonymous_18)
FN:279,(anonymous_19)
FN:287,(anonymous_20)
FN:300,(anonymous_21)
FN:306,(anonymous_22)
FNF:23
FNH:0
FNDA:0,(anonymous_0)
FNDA:0,(anonymous_1)
FNDA:0,(anonymous_2)
FNDA:0,(anonymous_3)
FNDA:0,(anonymous_4)
FNDA:0,(anonymous_5)
FNDA:0,(anonymous_6)
FNDA:0,(anonymous_7)
FNDA:0,(anonymous_8)
FNDA:0,(anonymous_9)
FNDA:0,(anonymous_10)
FNDA:0,(anonymous_11)
FNDA:0,(anonymous_12)
FNDA:0,(anonymous_13)
FNDA:0,(anonymous_14)
FNDA:0,(anonymous_15)
FNDA:0,(anonymous_16)
FNDA:0,(anonymous_17)
FNDA:0,(anonymous_18)
FNDA:0,(anonymous_19)
FNDA:0,(anonymous_20)
FNDA:0,(anonymous_21)
FNDA:0,(anonymous_22)
DA:17,0
DA:18,0
DA:19,0
DA:20,0
DA:85,0
DA:86,0
DA:94,0
DA:95,0
DA:98,0
DA:99,0
DA:107,0
DA:110,0
DA:111,0
DA:112,0
DA:113,0
DA:116,0
DA:118,0
DA:119,0
DA:120,0
DA:124,0
DA:125,0
DA:128,0
DA:129,0
DA:132,0
DA:133,0
DA:134,0
DA:135,0
DA:136,0
DA:138,0
DA:141,0
DA:147,0
DA:182,0
DA:188,0
DA:194,0
DA:197,0
DA:199,0
DA:226,0
DA:279,0
DA:287,0
DA:300,0
DA:306,0
LF:41
LH:0
BRDA:94,0,0,0
BRDA:94,0,1,0
BRDA:107,1,0,0
BRDA:107,1,1,0
BRDA:111,2,0,0
BRDA:111,2,1,0
BRDA:112,3,0,0
BRDA:112,3,1,0
BRDA:120,4,0,0
BRDA:120,4,1,0
BRDA:133,5,0,0
BRDA:133,5,1,0
BRDA:135,6,0,0
BRDA:135,6,1,0
BRDA:155,7,0,0
BRDA:155,7,1,0
BRDA:162,8,0,0
BRDA:162,8,1,0
BRDA:201,9,0,0
BRDA:201,9,1,0
BRDA:207,10,0,0
BRDA:207,10,1,0
BRDA:210,11,0,0
BRDA:210,11,1,0
BRDA:229,12,0,0
BRDA:229,12,1,0
BRDA:238,13,0,0
BRDA:238,13,1,0
BRDA:261,14,0,0
BRDA:261,14,1,0
BRDA:277,15,0,0
BRDA:277,15,1,0
BRDA:297,16,0,0
BRDA:297,16,1,0
BRDA:297,16,2,0
BRDA:303,17,0,0
BRDA:303,17,1,0
BRDA:309,18,0,0
BRDA:309,18,1,0
BRDA:322,19,0,0
BRDA:322,19,1,0
BRDA:329,20,0,0
BRDA:329,20,1,0
BRF:43
BRH:0
end_of_record
TN:
SF:src/pages/PrivacyPolicy.jsx
FN:16,(anonymous_0)
FN:24,(anonymous_1)
FNF:2
FNH:0
FNDA:0,(anonymous_0)
FNDA:0,(anonymous_1)
DA:16,0
DA:17,0
DA:19,0
DA:24,0
LF:4
LH:0
BRF:0
BRH:0
end_of_record
TN:
SF:src/pages/PrivacySettings.jsx
FN:14,(anonymous_0)
FN:81,(anonymous_1)
FN:88,(anonymous_2)
FN:92,(anonymous_3)
FN:98,(anonymous_4)
FN:104,(anonymous_5)
FN:107,(anonymous_6)
FN:146,(anonymous_7)
FN:181,(anonymous_8)
FN:200,(anonymous_9)
FN:210,(anonymous_10)
FN:220,(anonymous_11)
FN:239,(anonymous_12)
FN:249,(anonymous_13)
FN:259,(anonymous_14)
FN:278,(anonymous_15)
FN:288,(anonymous_16)
FN:307,(anonymous_17)
FN:330,(anonymous_18)
FN:360,(anonymous_19)
FN:385,(anonymous_20)
FN:415,(anonymous_21)
FNF:22
FNH:0
FNDA:0,(anonymous_0)
FNDA:0,(anonymous_1)
FNDA:0,(anonymous_2)
FNDA:0,(anonymous_3)
FNDA:0,(anonymous_4)
FNDA:0,(anonymous_5)
FNDA:0,(anonymous_6)
FNDA:0,(anonymous_7)
FNDA:0,(anonymous_8)
FNDA:0,(anonymous_9)
FNDA:0,(anonymous_10)
FNDA:0,(anonymous_11)
FNDA:0,(anonymous_12)
FNDA:0,(anonymous_13)
FNDA:0,(anonymous_14)
FNDA:0,(anonymous_15)
FNDA:0,(anonymous_16)
FNDA:0,(anonymous_17)
FNDA:0,(anonymous_18)
FNDA:0,(anonymous_19)
FNDA:0,(anonymous_20)
FNDA:0,(anonymous_21)
DA:14,0
DA:15,0
DA:16,0
DA:17,0
DA:39,0
DA:60,0
DA:81,0
DA:82,0
DA:88,0
DA:89,0
DA:92,0
DA:93,0
DA:98,0
DA:103,0
DA:105,0
DA:107,0
DA:140,0
DA:146,0
DA:182,0
DA:200,0
DA:210,0
DA:220,0
DA:239,0
DA:249,0
DA:259,0
DA:278,0
DA:288,0
DA:307,0
DA:331,0
DA:361,0
DA:386,0
DA:416,0
LF:32
LH:0
BRDA:101,0,0,0
BRDA:109,1,0,0
BRDA:109,1,1,0
BRDA:117,2,0,0
BRDA:117,2,1,0
BRDA:124,3,0,0
BRDA:124,3,1,0
BRDA:166,4,0,0
BRDA:166,4,1,0
BRDA:364,5,0,0
BRDA:364,5,1,0
BRDA:369,6,0,0
BRDA:369,6,1,0
BRDA:392,7,0,0
BRDA:392,7,1,0
BRDA:397,8,0,0
BRDA:397,8,1,0
BRDA:422,9,0,0
BRDA:422,9,1,0
BRDA:427,10,0,0
BRDA:427,10,1,0
BRF:21
BRH:0
end_of_record
TN:
SF:src/pages/Profile.jsx
FN:23,(anonymous_0)
FN:44,(anonymous_1)
FN:47,(anonymous_2)
FN:56,(anonymous_3)
FN:77,(anonymous_4)
FN:86,(anonymous_5)
FN:95,(anonymous_6)
FN:124,(anonymous_7)
FN:148,(anonymous_8)
FN:159,(anonymous_9)
FN:183,(anonymous_10)
FN:195,(anonymous_11)
FN:204,(anonymous_12)
FN:209,(anonymous_13)
FN:221,(anonymous_14)
FN:232,(anonymous_15)
FN:241,(anonymous_16)
FN:256,(anonymous_17)
FN:319,(anonymous_18)
FN:448,(anonymous_19)
FN:449,(anonymous_20)
FN:489,(anonymous_21)
FN:538,(anonymous_22)
FN:595,(anonymous_23)
FN:616,(anonymous_24)
FN:643,(anonymous_25)
FN:665,(anonymous_26)
FN:683,(anonymous_27)
FN:686,(anonymous_28)
FN:700,(anonymous_29)
FN:716,(anonymous_30)
FN:727,(anonymous_31)
FNF:32
FNH:0
FNDA:0,(anonymous_0)
FNDA:0,(anonymous_1)
FNDA:0,(anonymous_2)
FNDA:0,(anonymous_3)
FNDA:0,(anonymous_4)
FNDA:0,(anonymous_5)
FNDA:0,(anonymous_6)
FNDA:0,(anonymous_7)
FNDA:0,(anonymous_8)
FNDA:0,(anonymous_9)
FNDA:0,(anonymous_10)
FNDA:0,(anonymous_11)
FNDA:0,(anonymous_12)
FNDA:0,(anonymous_13)
FNDA:0,(anonymous_14)
FNDA:0,(anonymous_15)
FNDA:0,(anonymous_16)
FNDA:0,(anonymous_17)
FNDA:0,(anonymous_18)
FNDA:0,(anonymous_19)
FNDA:0,(anonymous_20)
FNDA:0,(anonymous_21)
FNDA:0,(anonymous_22)
FNDA:0,(anonymous_23)
FNDA:0,(anonymous_24)
FNDA:0,(anonymous_25)
FNDA:0,(anonymous_26)
FNDA:0,(anonymous_27)
FNDA:0,(anonymous_28)
FNDA:0,(anonymous_29)
FNDA:0,(anonymous_30)
FNDA:0,(anonymous_31)
DA:23,0
DA:24,0
DA:25,0
DA:26,0
DA:28,0
DA:29,0
DA:30,0
DA:31,0
DA:32,0
DA:33,0
DA:39,0
DA:40,0
DA:42,0
DA:44,0
DA:45,0
DA:46,0
DA:47,0
DA:48,0
DA:49,0
DA:52,0
DA:53,0
DA:56,0
DA:57,0
DA:58,0
DA:60,0
DA:61,0
DA:62,0
DA:63,0
DA:71,0
DA:73,0
DA:77,0
DA:78,0
DA:79,0
DA:80,0
DA:82,0
DA:86,0
DA:87,0
DA:88,0
DA:89,0
DA:91,0
DA:95,0
DA:96,0
DA:98,0
DA:103,0
DA:108,0
DA:109,0
DA:110,0
DA:118,0
DA:120,0
DA:124,0
DA:125,0
DA:126,0
DA:127,0
DA:130,0
DA:132,0
DA:137,0
DA:139,0
DA:140,0
DA:141,0
DA:143,0
DA:144,0
DA:148,0
DA:149,0
DA:151,0
DA:152,0
DA:154,0
DA:155,0
DA:159,0
DA:160,0
DA:161,0
DA:162,0
DA:165,0
DA:167,0
DA:170,0
DA:171,0
DA:172,0
DA:174,0
DA:175,0
DA:176,0
DA:178,0
DA:183,0
DA:184,0
DA:186,0
DA:188,0
DA:190,0
DA:191,0
DA:195,0
DA:196,0
DA:197,0
DA:199,0
DA:200,0
DA:204,0
DA:205,0
DA:206,0
DA:209,0
DA:210,0
DA:213,0
DA:218,0
DA:221,0
DA:222,0
DA:223,0
DA:224,0
DA:225,0
DA:226,0
DA:227,0
DA:229,0
DA:232,0
DA:233,0
DA:234,0
DA:236,0
DA:237,0
DA:241,0
DA:242,0
DA:243,0
DA:244,0
DA:245,0
DA:249,0
DA:250,0
DA:256,0
DA:263,0
DA:265,0
DA:274,0
DA:276,0
DA:319,0
DA:333,0
DA:448,0
DA:450,0
DA:489,0
DA:538,0
DA:596,0
DA:597,0
DA:617,0
DA:643,0
DA:665,0
DA:683,0
DA:687,0
DA:688,0
DA:701,0
DA:702,0
DA:717,0
DA:728,0
LF:141
LH:0
BRDA:48,0,0,0
BRDA:48,0,1,0
BRDA:48,1,0,0
BRDA:48,1,1,0
BRDA:80,2,0,0
BRDA:80,2,1,0
BRDA:89,3,0,0
BRDA:89,3,1,0
BRDA:125,4,0,0
BRDA:125,4,1,0
BRDA:125,5,0,0
BRDA:125,5,1,0
BRDA:160,6,0,0
BRDA:160,6,1,0
BRDA:175,7,0,0
BRDA:175,7,1,0
BRDA:199,8,0,0
BRDA:199,8,1,0
BRDA:210,9,0,0
BRDA:210,9,1,0
BRDA:236,10,0,0
BRDA:236,10,1,0
BRDA:242,11,0,0
BRDA:242,11,1,0
BRDA:242,12,0,0
BRDA:242,12,1,0
BRDA:249,13,0,0
BRDA:249,13,1,0
BRDA:260,14,0,0
BRDA:261,15,0,0
BRDA:265,16,0,0
BRDA:265,16,1,0
BRDA:274,17,0,0
BRDA:274,17,1,0
BRDA:274,18,0,0
BRDA:274,18,1,0
BRDA:284,19,0,0
BRDA:284,19,1,0
BRDA:289,20,0,0
BRDA:289,20,1,0
BRDA:293,21,0,0
BRDA:293,21,1,0
BRDA:297,22,0,0
BRDA:297,22,1,0
BRDA:304,23,0,0
BRDA:304,23,1,0
BRDA:306,24,0,0
BRDA:306,24,1,0
BRDA:317,25,0,0
BRDA:317,25,1,0
BRDA:322,26,0,0
BRDA:322,26,1,0
BRDA:352,27,0,0
BRDA:352,27,1,0
BRDA:366,28,0,0
BRDA:366,28,1,0
BRDA:371,29,0,0
BRDA:371,29,1,0
BRDA:376,30,0,0
BRDA:376,30,1,0
BRDA:382,31,0,0
BRDA:382,31,1,0
BRDA:387,32,0,0
BRDA:387,32,1,0
BRDA:392,33,0,0
BRDA:392,33,1,0
BRDA:397,34,0,0
BRDA:397,34,1,0
BRDA:405,35,0,0
BRDA:405,35,1,0
BRDA:411,36,0,0
BRDA:411,36,1,0
BRDA:417,37,0,0
BRDA:417,37,1,0
BRDA:422,38,0,0
BRDA:422,38,1,0
BRDA:429,39,0,0
BRDA:429,39,1,0
BRDA:438,40,0,0
BRDA:438,40,1,0
BRDA:443,41,0,0
BRDA:443,41,1,0
BRDA:458,42,0,0
BRDA:458,42,1,0
BRDA:470,43,0,0
BRDA:470,43,1,0
BRDA:510,44,0,0
BRDA:510,44,1,0
BRDA:514,45,0,0
BRDA:514,45,1,0
BRDA:520,46,0,0
BRDA:520,46,1,0
BRDA:526,47,0,0
BRDA:526,47,1,0
BRDA:547,48,0,0
BRDA:547,48,1,0
BRDA:614,49,0,0
BRDA:614,49,1,0
BRDA:618,50,0,0
BRDA:618,50,1,0
BRDA:630,51,0,0
BRDA:630,51,1,0
BRDA:635,52,0,0
BRDA:635,52,1,0
BRDA:674,53,0,0
BRDA:674,53,1,0
BRDA:687,54,0,0
BRDA:687,54,1,0
BRDA:714,55,0,0
BRDA:714,55,1,0
BRDA:718,56,0,0
BRDA:718,56,1,0
BRDA:722,57,0,0
BRDA:722,57,1,0
BRDA:729,58,0,0
BRDA:729,58,1,0
BRDA:794,59,0,0
BRDA:794,59,1,0
BRF:118
BRH:0
end_of_record
TN:
SF:src/pages/ResetPassword.jsx
FN:12,(anonymous_0)
FN:27,(anonymous_1)
FN:35,(anonymous_2)
FN:53,(anonymous_3)
FN:58,(anonymous_4)
FN:198,(anonymous_5)
FN:231,(anonymous_6)
FNF:7
FNH:0
FNDA:0,(anonymous_0)
FNDA:0,(anonymous_1)
FNDA:0,(anonymous_2)
FNDA:0,(anonymous_3)
FNDA:0,(anonymous_4)
FNDA:0,(anonymous_5)
FNDA:0,(anonymous_6)
DA:12,0
DA:13,0
DA:14,0
DA:15,0
DA:17,0
DA:21,0
DA:22,0
DA:23,0
DA:24,0
DA:25,0
DA:27,0
DA:28,0
DA:32,0
DA:35,0
DA:36,0
DA:37,0
DA:38,0
DA:40,0
DA:41,0
DA:42,0
DA:43,0
DA:46,0
DA:47,0
DA:48,0
DA:49,0
DA:53,0
DA:54,0
DA:55,0
DA:58,0
DA:59,0
DA:64,0
DA:65,0
DA:88,0
DA:89,0
DA:145,0
DA:198,0
DA:231,0
LF:37
LH:0
BRDA:40,0,0,0
BRDA:40,0,1,0
BRDA:46,1,0,0
BRDA:46,1,1,0
BRDA:64,2,0,0
BRDA:64,2,1,0
BRDA:88,3,0,0
BRDA:88,3,1,0
BRDA:169,4,0,0
BRDA:169,4,1,0
BRDA:189,5,0,0
BRDA:189,5,1,0
BRDA:201,6,0,0
BRDA:201,6,1,0
BRDA:222,7,0,0
BRDA:222,7,1,0
BRDA:234,8,0,0
BRDA:234,8,1,0
BRDA:248,9,0,0
BRDA:248,9,1,0
BRF:20
BRH:0
end_of_record
TN:
SF:src/pages/Search.jsx
FN:22,(anonymous_0)
FN:48,(anonymous_1)
FN:51,(anonymous_2)
FN:114,(anonymous_3)
FN:119,(anonymous_4)
FN:124,(anonymous_5)
FN:125,(anonymous_6)
FN:131,(anonymous_7)
FN:137,(anonymous_8)
FN:145,(anonymous_9)
FN:146,(anonymous_10)
FN:159,(anonymous_11)
FN:164,(anonymous_12)
FN:169,(anonymous_13)
FN:181,(anonymous_14)
FN:188,(anonymous_15)
FN:213,(anonymous_16)
FN:220,(anonymous_17)
FN:223,(anonymous_18)
FN:236,(anonymous_19)
FN:268,(anonymous_20)
FN:287,(anonymous_21)
FN:307,(anonymous_22)
FN:312,(anonymous_23)
FN:328,(anonymous_24)
FN:344,(anonymous_25)
FN:360,(anonymous_26)
FN:424,(anonymous_27)
FN:428,(anonymous_28)
FN:436,(anonymous_29)
FN:492,(anonymous_30)
FN:514,(anonymous_31)
FN:526,(anonymous_32)
FNF:33
FNH:0
FNDA:0,(anonymous_0)
FNDA:0,(anonymous_1)
FNDA:0,(anonymous_2)
FNDA:0,(anonymous_3)
FNDA:0,(anonymous_4)
FNDA:0,(anonymous_5)
FNDA:0,(anonymous_6)
FNDA:0,(anonymous_7)
FNDA:0,(anonymous_8)
FNDA:0,(anonymous_9)
FNDA:0,(anonymous_10)
FNDA:0,(anonymous_11)
FNDA:0,(anonymous_12)
FNDA:0,(anonymous_13)
FNDA:0,(anonymous_14)
FNDA:0,(anonymous_15)
FNDA:0,(anonymous_16)
FNDA:0,(anonymous_17)
FNDA:0,(anonymous_18)
FNDA:0,(anonymous_19)
FNDA:0,(anonymous_20)
FNDA:0,(anonymous_21)
FNDA:0,(anonymous_22)
FNDA:0,(anonymous_23)
FNDA:0,(anonymous_24)
FNDA:0,(anonymous_25)
FNDA:0,(anonymous_26)
FNDA:0,(anonymous_27)
FNDA:0,(anonymous_28)
FNDA:0,(anonymous_29)
FNDA:0,(anonymous_30)
FNDA:0,(anonymous_31)
FNDA:0,(anonymous_32)
DA:22,0
DA:23,0
DA:24,0
DA:27,0
DA:28,0
DA:29,0
DA:30,0
DA:36,0
DA:37,0
DA:38,0
DA:48,0
DA:51,0
DA:52,0
DA:53,0
DA:55,0
DA:56,0
DA:66,0
DA:68,0
DA:69,0
DA:71,0
DA:72,0
DA:73,0
DA:82,0
DA:85,0
DA:87,0
DA:88,0
DA:93,0
DA:94,0
DA:96,0
DA:99,0
DA:100,0
DA:109,0
DA:114,0
DA:115,0
DA:119,0
DA:120,0
DA:124,0
DA:125,0
DA:131,0
DA:132,0
DA:133,0
DA:137,0
DA:138,0
DA:139,0
DA:143,0
DA:144,0
DA:145,0
DA:146,0
DA:147,0
DA:154,0
DA:155,0
DA:159,0
DA:161,0
DA:164,0
DA:165,0
DA:166,0
DA:169,0
DA:170,0
DA:176,0
DA:181,0
DA:182,0
DA:183,0
DA:188,0
DA:189,0
DA:191,0
DA:192,0
DA:193,0
DA:197,0
DA:202,0
DA:203,0
DA:206,0
DA:207,0
DA:210,0
DA:213,0
DA:221,0
DA:223,0
DA:236,0
DA:246,0
DA:268,0
DA:287,0
DA:307,0
DA:313,0
DA:329,0
DA:345,0
DA:360,0
DA:425,0
DA:428,0
DA:437,0
DA:493,0
DA:515,0
DA:516,0
DA:527,0
DA:528,0
LF:93
LH:0
BRDA:51,0,0,0
BRDA:57,1,0,0
BRDA:57,1,1,0
BRDA:58,2,0,0
BRDA:58,2,1,0
BRDA:59,3,0,0
BRDA:59,3,1,0
BRDA:60,4,0,0
BRDA:60,4,1,0
BRDA:61,5,0,0
BRDA:61,5,1,0
BRDA:71,6,0,0
BRDA:71,6,1,0
BRDA:71,7,0,0
BRDA:71,7,1,0
BRDA:71,7,2,0
BRDA:72,8,0,0
BRDA:72,8,1,0
BRDA:82,9,0,0
BRDA:82,9,1,0
BRDA:87,10,0,0
BRDA:87,10,1,0
BRDA:90,11,0,0
BRDA:90,11,1,0
BRDA:93,12,0,0
BRDA:93,12,1,0
BRDA:96,13,0,0
BRDA:96,13,1,0
BRDA:132,14,0,0
BRDA:132,14,1,0
BRDA:132,15,0,0
BRDA:132,15,1,0
BRDA:143,16,0,0
BRDA:143,16,1,0
BRDA:143,17,0,0
BRDA:143,17,1,0
BRDA:147,18,0,0
BRDA:147,18,1,0
BRDA:182,19,0,0
BRDA:182,19,1,0
BRDA:189,20,0,0
BRDA:189,20,1,0
BRDA:202,21,0,0
BRDA:202,21,1,0
BRDA:214,22,0,0
BRDA:214,22,1,0
BRDA:226,23,0,0
BRDA:226,23,1,0
BRDA:237,24,0,0
BRDA:237,24,1,0
BRDA:298,25,0,0
BRDA:298,25,1,0
BRDA:393,26,0,0
BRDA:393,26,1,0
BRDA:402,27,0,0
BRDA:402,27,1,0
BRDA:410,28,0,0
BRDA:410,28,1,0
BRDA:415,29,0,0
BRDA:415,29,1,0
BRDA:433,30,0,0
BRDA:433,30,1,0
BRDA:443,31,0,0
BRDA:443,31,1,0
BRDA:446,32,0,0
BRDA:446,32,1,0
BRDA:450,33,0,0
BRDA:450,33,1,0
BRDA:462,34,0,0
BRDA:462,34,1,0
BRDA:467,35,0,0
BRDA:467,35,1,0
BRDA:475,36,0,0
BRDA:475,36,1,0
BRDA:481,37,0,0
BRDA:481,37,1,0
BRDA:490,38,0,0
BRDA:490,38,1,0
BRDA:490,38,2,0
BRDA:501,39,0,0
BRDA:501,39,1,0
BRDA:512,40,0,0
BRDA:512,40,1,0
BRDA:543,41,0,0
BRDA:543,41,1,0
BRDA:543,41,2,0
BRDA:556,42,0,0
BRDA:556,42,1,0
BRDA:556,42,2,0
BRDA:556,42,3,0
BRF:90
BRH:0
end_of_record
TN:
SF:src/pages/SignIn.jsx
FN:13,(anonymous_0)
FN:24,(anonymous_1)
FN:32,(anonymous_2)
FN:52,(anonymous_3)
FN:138,(anonymous_4)
FN:202,(anonymous_5)
FN:228,(anonymous_6)
FNF:7
FNH:0
FNDA:0,(anonymous_0)
FNDA:0,(anonymous_1)
FNDA:0,(anonymous_2)
FNDA:0,(anonymous_3)
FNDA:0,(anonymous_4)
FNDA:0,(anonymous_5)
FNDA:0,(anonymous_6)
DA:13,0
DA:14,0
DA:18,0
DA:19,0
DA:20,0
DA:21,0
DA:22,0
DA:24,0
DA:25,0
DA:29,0
DA:32,0
DA:33,0
DA:34,0
DA:35,0
DA:37,0
DA:38,0
DA:39,0
DA:42,0
DA:43,0
DA:45,0
DA:48,0
DA:52,0
DA:54,0
DA:57,0
DA:138,0
DA:202,0
DA:228,0
LF:27
LH:0
BRDA:42,0,0,0
BRDA:42,0,1,0
BRDA:45,1,0,0
BRDA:45,1,1,0
BRDA:84,2,0,0
BRDA:84,2,1,0
BRDA:129,3,0,0
BRDA:129,3,1,0
BRDA:141,4,0,0
BRDA:141,4,1,0
BRDA:175,5,0,0
BRDA:175,5,1,0
BRF:12
BRH:0
end_of_record
TN:
SF:src/pages/SignUp.jsx
FN:18,(anonymous_0)
FN:31,(anonymous_1)
FN:46,(anonymous_2)
FN:65,(anonymous_3)
FN:88,(anonymous_4)
FN:185,(anonymous_5)
FN:226,(anonymous_6)
FN:275,(anonymous_7)
FN:301,(anonymous_8)
FNF:9
FNH:0
FNDA:0,(anonymous_0)
FNDA:0,(anonymous_1)
FNDA:0,(anonymous_2)
FNDA:0,(anonymous_3)
FNDA:0,(anonymous_4)
FNDA:0,(anonymous_5)
FNDA:0,(anonymous_6)
FNDA:0,(anonymous_7)
FNDA:0,(anonymous_8)
DA:18,0
DA:19,0
DA:24,0
DA:25,0
DA:26,0
DA:27,0
DA:28,0
DA:29,0
DA:31,0
DA:32,0
DA:38,0
DA:39,0
DA:46,0
DA:47,0
DA:49,0
DA:50,0
DA:51,0
DA:53,0
DA:54,0
DA:55,0
DA:57,0
DA:58,0
DA:61,0
DA:62,0
DA:65,0
DA:66,0
DA:68,0
DA:69,0
DA:71,0
DA:72,0
DA:73,0
DA:76,0
DA:77,0
DA:79,0
DA:84,0
DA:88,0
DA:89,0
DA:92,0
DA:185,0
DA:226,0
DA:275,0
DA:301,0
LF:42
LH:0
BRDA:38,0,0,0
BRDA:38,0,1,0
BRDA:38,1,0,0
BRDA:38,1,1,0
BRDA:49,2,0,0
BRDA:49,2,1,0
BRDA:50,3,0,0
BRDA:50,3,1,0
BRDA:53,4,0,0
BRDA:53,4,1,0
BRDA:54,5,0,0
BRDA:54,5,1,0
BRDA:57,6,0,0
BRDA:57,6,1,0
BRDA:68,7,0,0
BRDA:68,7,1,0
BRDA:76,8,0,0
BRDA:76,8,1,0
BRDA:80,9,0,0
BRDA:80,9,1,0
BRDA:121,10,0,0
BRDA:121,10,1,0
BRDA:147,11,0,0
BRDA:147,11,1,0
BRDA:147,12,0,0
BRDA:147,12,1,0
BRDA:154,13,0,0
BRDA:154,13,1,0
BRDA:154,13,2,0
BRDA:172,14,0,0
BRDA:172,14,1,0
BRDA:177,15,0,0
BRDA:177,15,1,0
BRDA:177,16,0,0
BRDA:177,16,1,0
BRDA:188,17,0,0
BRDA:188,17,1,0
BRDA:195,18,0,0
BRDA:195,18,1,0
BRDA:195,18,2,0
BRDA:213,19,0,0
BRDA:213,19,1,0
BRDA:218,20,0,0
BRDA:218,20,1,0
BRDA:218,21,0,0
BRDA:218,21,1,0
BRDA:229,22,0,0
BRDA:229,22,1,0
BRDA:236,23,0,0
BRDA:236,23,1,0
BRDA:236,23,2,0
BRDA:249,24,0,0
BRDA:249,24,1,0
BRF:53
BRH:0
end_of_record
TN:
SF:src/pages/TermsAndConditions.jsx
FN:12,(anonymous_0)
FN:20,(anonymous_1)
FNF:2
FNH:0
FNDA:0,(anonymous_0)
FNDA:0,(anonymous_1)
DA:12,0
DA:13,0
DA:15,0
DA:20,0
LF:4
LH:0
BRF:0
BRH:0
end_of_record
TN:
SF:src/pages/ViewProfile.jsx
FN:24,(anonymous_0)
FN:36,(anonymous_1)
FN:54,(anonymous_2)
FN:67,(anonymous_3)
FN:74,(anonymous_4)
FN:85,(anonymous_5)
FN:97,(anonymous_6)
FN:110,(anonymous_7)
FN:115,(anonymous_8)
FN:119,(anonymous_9)
FN:127,(anonymous_10)
FN:210,(anonymous_11)
FN:308,(anonymous_12)
FN:350,(anonymous_13)
FNF:14
FNH:0
FNDA:0,(anonymous_0)
FNDA:0,(anonymous_1)
FNDA:0,(anonymous_2)
FNDA:0,(anonymous_3)
FNDA:0,(anonymous_4)
FNDA:0,(anonymous_5)
FNDA:0,(anonymous_6)
FNDA:0,(anonymous_7)
FNDA:0,(anonymous_8)
FNDA:0,(anonymous_9)
FNDA:0,(anonymous_10)
FNDA:0,(anonymous_11)
FNDA:0,(anonymous_12)
FNDA:0,(anonymous_13)
DA:24,0
DA:25,0
DA:26,0
DA:27,0
DA:29,0
DA:30,0
DA:31,0
DA:32,0
DA:33,0
DA:34,0
DA:36,0
DA:37,0
DA:38,0
DA:40,0
DA:41,0
DA:42,0
DA:43,0
DA:45,0
DA:46,0
DA:47,0
DA:50,0
DA:54,0
DA:55,0
DA:56,0
DA:59,0
DA:60,0
DA:62,0
DA:63,0
DA:67,0
DA:68,0
DA:69,0
DA:72,0
DA:73,0
DA:75,0
DA:78,0
DA:80,0
DA:81,0
DA:85,0
DA:86,0
DA:88,0
DA:89,0
DA:90,0
DA:94,0
DA:95,0
DA:97,0
DA:103,0
DA:104,0
DA:106,0
DA:110,0
DA:112,0
DA:115,0
DA:116,0
DA:119,0
DA:120,0
DA:121,0
DA:122,0
DA:123,0
DA:127,0
DA:135,0
DA:137,0
DA:167,0
DA:168,0
DA:182,0
DA:211,0
DA:309,0
DA:351,0
LF:66
LH:0
BRDA:43,0,0,0
BRDA:43,0,1,0
BRDA:46,1,0,0
BRDA:46,1,1,0
BRDA:59,2,0,0
BRDA:59,2,1,0
BRDA:60,3,0,0
BRDA:60,3,1,0
BRDA:72,4,0,0
BRDA:72,4,1,0
BRDA:73,5,0,0
BRDA:73,5,1,0
BRDA:75,6,0,0
BRDA:75,6,1,0
BRDA:86,7,0,0
BRDA:86,7,1,0
BRDA:94,8,0,0
BRDA:94,8,1,0
BRDA:94,9,0,0
BRDA:94,9,1,0
BRDA:99,10,0,0
BRDA:99,10,1,0
BRDA:120,11,0,0
BRDA:120,11,1,0
BRDA:120,12,0,0
BRDA:120,12,1,0
BRDA:131,13,0,0
BRDA:132,14,0,0
BRDA:135,15,0,0
BRDA:135,15,1,0
BRDA:135,16,0,0
BRDA:135,16,1,0
BRDA:144,17,0,0
BRDA:144,17,1,0
BRDA:151,18,0,0
BRDA:151,18,1,0
BRDA:153,19,0,0
BRDA:153,19,1,0
BRDA:167,20,0,0
BRDA:167,20,1,0
BRDA:207,21,0,0
BRDA:207,21,1,0
BRDA:222,22,0,0
BRDA:222,22,1,0
BRDA:227,23,0,0
BRDA:227,23,1,0
BRDA:232,24,0,0
BRDA:232,24,1,0
BRDA:239,25,0,0
BRDA:239,25,1,0
BRDA:248,26,0,0
BRDA:248,26,1,0
BRDA:255,27,0,0
BRDA:255,27,1,0
BRDA:277,28,0,0
BRDA:277,28,1,0
BRDA:296,29,0,0
BRDA:296,29,1,0
BRDA:306,30,0,0
BRDA:306,30,1,0
BRDA:310,31,0,0
BRDA:310,31,1,0
BRDA:321,32,0,0
BRDA:321,32,1,0
BRDA:326,33,0,0
BRDA:326,33,1,0
BRDA:348,34,0,0
BRDA:348,34,1,0
BRDA:414,35,0,0
BRDA:414,35,1,0
BRDA:414,35,2,0
BRDA:414,35,3,0
BRDA:414,35,4,0
BRDA:414,35,5,0
BRF:74
BRH:0
end_of_record
TN:
SF:src/utils/adminApi.js
FN:6,(anonymous_0)
FN:51,(anonymous_1)
FN:54,(anonymous_2)
FN:55,(anonymous_3)
FN:56,(anonymous_4)
FN:57,(anonymous_5)
FN:60,(anonymous_6)
FN:61,(anonymous_7)
FN:65,(anonymous_8)
FN:69,(anonymous_9)
FN:72,(anonymous_10)
FN:73,(anonymous_11)
FN:77,(anonymous_12)
FN:81,(anonymous_13)
FN:84,(anonymous_14)
FN:85,(anonymous_15)
FN:88,(anonymous_16)
FN:89,(anonymous_17)
FN:94,(anonymous_18)
FNF:19
FNH:0
FNDA:0,(anonymous_0)
FNDA:0,(anonymous_1)
FNDA:0,(anonymous_2)
FNDA:0,(anonymous_3)
FNDA:0,(anonymous_4)
FNDA:0,(anonymous_5)
FNDA:0,(anonymous_6)
FNDA:0,(anonymous_7)
FNDA:0,(anonymous_8)
FNDA:0,(anonymous_9)
FNDA:0,(anonymous_10)
FNDA:0,(anonymous_11)
FNDA:0,(anonymous_12)
FNDA:0,(anonymous_13)
FNDA:0,(anonymous_14)
FNDA:0,(anonymous_15)
FNDA:0,(anonymous_16)
FNDA:0,(anonymous_17)
FNDA:0,(anonymous_18)
DA:4,0
DA:6,0
DA:7,0
DA:11,0
DA:12,0
DA:15,0
DA:24,0
DA:26,0
DA:28,0
DA:31,0
DA:32,0
DA:33,0
DA:35,0
DA:37,0
DA:39,0
DA:41,0
DA:45,0
DA:49,0
DA:51,0
DA:54,0
DA:55,0
DA:56,0
DA:57,0
DA:60,0
DA:61,0
DA:65,0
DA:69,0
DA:72,0
DA:73,0
DA:77,0
DA:81,0
DA:84,0
DA:85,0
DA:88,0
DA:89,0
DA:94,0
LF:36
LH:0
BRDA:4,0,0,0
BRDA:4,0,1,0
BRDA:6,1,0,0
BRDA:7,2,0,0
BRDA:7,2,1,0
BRDA:11,3,0,0
BRDA:11,3,1,0
BRDA:26,4,0,0
BRDA:26,4,1,0
BRDA:28,5,0,0
BRDA:28,5,1,0
BRDA:28,5,2,0
BRDA:28,5,3,0
BRDA:28,5,4,0
BRDA:39,6,0,0
BRDA:39,6,1,0
BRDA:41,7,0,0
BRDA:41,7,1,0
BRF:18
BRH:0
end_of_record
TN:
SF:src/utils/apiClient.js
FN:17,(anonymous_0)
FN:49,(anonymous_1)
FN:56,(anonymous_2)
FN:64,(anonymous_3)
FNF:4
FNH:0
FNDA:0,(anonymous_0)
FNDA:0,(anonymous_1)
FNDA:0,(anonymous_2)
FNDA:0,(anonymous_3)
DA:4,0
DA:7,0
DA:16,0
DA:19,0
DA:21,0
DA:22,0
DA:23,0
DA:26,0
DA:27,0
DA:32,0
DA:33,0
DA:35,0
DA:41,0
DA:44,0
DA:47,0
DA:50,0
DA:55,0
DA:57,0
DA:62,0
DA:65,0
DA:72,0
DA:74,0
DA:77,0
DA:82,0
DA:85,0
LF:25
LH:0
BRDA:4,0,0,0
BRDA:4,0,1,0
BRDA:21,1,0,0
BRDA:21,1,1,0
BRDA:26,2,0,0
BRDA:26,2,1,0
BRDA:32,3,0,0
BRDA:32,3,1,0
BRDA:36,4,0,0
BRDA:36,4,1,0
BRDA:68,5,0,0
BRDA:68,5,1,0
BRDA:72,6,0,0
BRDA:72,6,1,0
BRDA:72,7,0,0
BRDA:72,7,1,0
BRDA:72,7,2,0
BRF:17
BRH:0
end_of_record
TN:
SF:src/utils/apiExample.js
FN:8,(anonymous_0)
FN:23,(anonymous_1)
FN:33,(anonymous_2)
FN:43,(anonymous_3)
FN:53,(anonymous_4)
FN:63,(anonymous_5)
FNF:6
FNH:0
FNDA:0,(anonymous_0)
FNDA:0,(anonymous_1)
FNDA:0,(anonymous_2)
FNDA:0,(anonymous_3)
FNDA:0,(anonymous_4)
FNDA:0,(anonymous_5)
DA:6,0
DA:9,0
DA:10,0
DA:11,0
DA:18,0
DA:24,0
DA:25,0
DA:26,0
DA:28,0
DA:34,0
DA:35,0
DA:36,0
DA:38,0
DA:44,0
DA:45,0
DA:46,0
DA:48,0
DA:54,0
DA:55,0
DA:56,0
DA:58,0
DA:64,0
DA:65,0
DA:66,0
DA:68,0
LF:25
LH:0
BRF:0
BRH:0
end_of_record
TN:
SF:src/utils/authHelper.js
FN:6,(anonymous_0)
FN:20,(anonymous_1)
FN:33,(anonymous_2)
FN:73,(anonymous_3)
FN:79,(anonymous_4)
FNF:5
FNH:0
FNDA:0,(anonymous_0)
FNDA:0,(anonymous_1)
FNDA:0,(anonymous_2)
FNDA:0,(anonymous_3)
FNDA:0,(anonymous_4)
DA:4,0
DA:7,0
DA:8,0
DA:10,0
DA:11,0
DA:12,0
DA:14,0
DA:15,0
DA:21,0
DA:22,0
DA:24,0
DA:25,0
DA:27,0
DA:28,0
DA:34,0
DA:35,0
DA:38,0
DA:43,0
DA:46,0
DA:51,0
DA:59,0
DA:61,0
DA:62,0
DA:63,0
DA:65,0
DA:67,0
DA:68,0
DA:74,0
DA:75,0
DA:80,0
DA:81,0
DA:84,0
DA:85,0
DA:86,0
DA:90,0
DA:91,0
DA:93,0
DA:94,0
DA:96,0
DA:98,0
DA:99,0
LF:41
LH:0
BRDA:8,0,0,0
BRDA:8,0,1,0
BRDA:12,1,0,0
BRDA:12,1,1,0
BRDA:22,2,0,0
BRDA:22,2,1,0
BRDA:67,3,0,0
BRDA:67,3,1,0
BRDA:84,4,0,0
BRDA:84,4,1,0
BRDA:94,5,0,0
BRDA:94,5,1,0
BRF:12
BRH:0
end_of_record
TN:
SF:src/utils/roleConstants.js
FN:7,(anonymous_0)
FN:21,(anonymous_1)
FN:22,(anonymous_2)
FN:23,(anonymous_3)
FN:24,(anonymous_4)
FN:25,(anonymous_5)
FN:26,(anonymous_6)
FN:27,(anonymous_7)
FN:30,(anonymous_8)
FN:33,(anonymous_9)
FN:34,(anonymous_10)
FN:51,(anonymous_11)
FN:57,(anonymous_12)
FN:63,(anonymous_13)
FN:69,(anonymous_14)
FN:75,(anonymous_15)
FNF:16
FNH:1
FNDA:11,(anonymous_0)
FNDA:0,(anonymous_1)
FNDA:0,(anonymous_2)
FNDA:0,(anonymous_3)
FNDA:0,(anonymous_4)
FNDA:0,(anonymous_5)
FNDA:0,(anonymous_6)
FNDA:0,(anonymous_7)
FNDA:0,(anonymous_8)
FNDA:0,(anonymous_9)
FNDA:0,(anonymous_10)
FNDA:0,(anonymous_11)
FNDA:0,(anonymous_12)
FNDA:0,(anonymous_13)
FNDA:0,(anonymous_14)
FNDA:0,(anonymous_15)
DA:3,5
DA:4,5
DA:7,5
DA:8,11
DA:10,4
DA:12,1
DA:14,6
DA:19,5
DA:21,0
DA:22,0
DA:23,0
DA:24,0
DA:25,0
DA:26,0
DA:27,0
DA:30,0
DA:33,0
DA:34,0
DA:38,5
DA:46,5
DA:51,0
DA:57,0
DA:63,0
DA:69,0
DA:75,0
LF:25
LH:10
BRDA:8,0,0,4
BRDA:8,0,1,1
BRDA:8,0,2,6
BRDA:30,1,0,0
BRDA:30,1,1,0
BRF:5
BRH:3
end_of_record
TN:
SF:src/utils/sessionManager.js
FN:3,(anonymous_0)
FN:10,(anonymous_1)
FN:15,(anonymous_2)
FN:20,(anonymous_3)
FN:26,(anonymous_4)
FN:37,(anonymous_5)
FN:48,(anonymous_6)
FN:56,(anonymous_7)
FN:64,(anonymous_8)
FN:72,(anonymous_9)
FN:80,(anonymous_10)
FN:90,(anonymous_11)
FN:103,(anonymous_12)
FN:112,(anonymous_13)
FN:121,(anonymous_14)
FN:127,(anonymous_15)
FN:133,(anonymous_16)
FN:147,(anonymous_17)
FN:148,(anonymous_18)
FN:156,(anonymous_19)
FNF:20
FNH:7
FNDA:7,(anonymous_0)
FNDA:83,(anonymous_1)
FNDA:0,(anonymous_2)
FNDA:83,(anonymous_3)
FNDA:0,(anonymous_4)
FNDA:0,(anonymous_5)
FNDA:0,(anonymous_6)
FNDA:0,(anonymous_7)
FNDA:0,(anonymous_8)
FNDA:0,(anonymous_9)
FNDA:0,(anonymous_10)
FNDA:0,(anonymous_11)
FNDA:48,(anonymous_12)
FNDA:35,(anonymous_13)
FNDA:0,(anonymous_14)
FNDA:0,(anonymous_15)
FNDA:0,(anonymous_16)
FNDA:83,(anonymous_17)
FNDA:0,(anonymous_18)
FNDA:83,(anonymous_19)
DA:4,7
DA:5,7
DA:6,7
DA:11,83
DA:16,0
DA:21,83
DA:22,83
DA:27,0
DA:28,0
DA:29,0
DA:31,0
DA:32,0
DA:38,0
DA:39,0
DA:40,0
DA:42,0
DA:43,0
DA:49,0
DA:50,0
DA:52,0
DA:57,0
DA:58,0
DA:60,0
DA:65,0
DA:66,0
DA:67,0
DA:73,0
DA:74,0
DA:75,0
DA:81,0
DA:82,0
DA:83,0
DA:85,0
DA:86,0
DA:91,0
DA:92,0
DA:93,0
DA:94,0
DA:95,0
DA:96,0
DA:97,0
DA:99,0
DA:104,48
DA:105,0
DA:106,0
DA:108,48
DA:113,35
DA:114,0
DA:115,0
DA:117,35
DA:122,0
DA:123,0
DA:128,0
DA:129,0
DA:134,0
DA:136,0
DA:138,0
DA:139,0
DA:140,0
DA:141,0
DA:148,83
DA:149,0
DA:151,0
DA:155,83
DA:156,83
DA:161,7
LF:66
LH:14
BRDA:29,0,0,0
BRDA:29,0,1,0
BRDA:40,1,0,0
BRDA:40,1,1,0
BRDA:66,2,0,0
BRDA:66,2,1,0
BRDA:74,3,0,0
BRDA:74,3,1,0
BRDA:92,4,0,0
BRDA:92,4,1,0
BRDA:94,5,0,0
BRDA:94,5,1,0
BRDA:94,6,0,0
BRDA:94,6,1,0
BRDA:95,7,0,0
BRDA:95,7,1,0
BRDA:97,8,0,0
BRDA:97,8,1,0
BRDA:97,9,0,0
BRDA:97,9,1,0
BRDA:104,10,0,0
BRDA:104,10,1,48
BRDA:106,11,0,0
BRDA:106,11,1,0
BRDA:106,12,0,0
BRDA:106,12,1,0
BRDA:113,13,0,0
BRDA:113,13,1,35
BRDA:115,14,0,0
BRDA:115,14,1,0
BRDA:115,15,0,0
BRDA:115,15,1,0
BRDA:123,16,0,0
BRDA:123,16,1,0
BRDA:123,16,2,0
BRDA:129,17,0,0
BRDA:129,17,1,0
BRDA:129,17,2,0
BRDA:136,18,0,0
BRDA:136,18,1,0
BRDA:136,19,0,0
BRDA:136,19,1,0
BRDA:138,20,0,0
BRDA:138,20,1,0
BRDA:140,21,0,0
BRDA:140,21,1,0
BRDA:149,22,0,0
BRDA:149,22,1,0
BRDA:149,23,0,0
BRDA:149,23,1,0
BRDA:149,23,2,0
BRF:51
BRH:2
end_of_record
